2021-02-25T14:27:43.902Z	info	service/service.go:411	Starting OpenTelemetry Contrib Collector...	{"Version": "v0.20.0", "GitHash": "ffce8840", "NumCPU": 8}
2021-02-25T14:27:43.902Z	info	service/service.go:255	Setting up own telemetry...
2021-02-25T14:27:43.903Z	info	service/telemetry.go:102	Serving Prometheus metrics	{"address": "0.0.0.0:8888", "level": 0, "service.instance.id": "6f91d96d-c1e4-4daf-83c5-ead16ecf7b33"}
2021-02-25T14:27:43.904Z	info	service/service.go:292	Loading configuration...
2021-02-25T14:27:43.904Z	info	service/service.go:303	Applying configuration...
2021-02-25T14:27:43.904Z	info	service/service.go:324	Starting extensions...
2021-02-25T14:27:43.904Z	info	builder/exporters_builder.go:306	Exporter is enabled.	{"component_kind": "exporter", "exporter": "logging"}
2021-02-25T14:27:43.904Z	info	service/service.go:339	Starting exporters...
2021-02-25T14:27:43.904Z	info	builder/exporters_builder.go:92	Exporter is starting...	{"component_kind": "exporter", "component_type": "logging", "component_name": "logging"}
2021-02-25T14:27:43.904Z	info	builder/exporters_builder.go:97	Exporter started.	{"component_kind": "exporter", "component_type": "logging", "component_name": "logging"}
2021-02-25T14:27:43.905Z	info	builder/pipelines_builder.go:207	Pipeline is enabled.	{"pipeline_name": "traces/loadbalancer", "pipeline_datatype": "traces"}
2021-02-25T14:27:43.905Z	info	service/service.go:352	Starting processors...
2021-02-25T14:27:43.905Z	info	builder/pipelines_builder.go:51	Pipeline is starting...	{"pipeline_name": "traces/loadbalancer", "pipeline_datatype": "traces"}
2021-02-25T14:27:43.905Z	info	builder/pipelines_builder.go:61	Pipeline is started.	{"pipeline_name": "traces/loadbalancer", "pipeline_datatype": "traces"}
2021-02-25T14:27:43.905Z	info	builder/receivers_builder.go:235	Receiver is enabled.	{"component_kind": "receiver", "component_type": "otlp", "component_name": "otlp", "datatype": "traces"}
2021-02-25T14:27:43.905Z	info	service/service.go:364	Starting receivers...
2021-02-25T14:27:43.905Z	info	builder/receivers_builder.go:70	Receiver is starting...	{"component_kind": "receiver", "component_type": "otlp", "component_name": "otlp"}
2021-02-25T14:27:43.906Z	info	otlpreceiver/otlp.go:93	Starting GRPC server on endpoint localhost:55680	{"component_kind": "receiver", "component_type": "otlp", "component_name": "otlp"}
2021-02-25T14:27:43.906Z	info	builder/receivers_builder.go:75	Receiver started.	{"component_kind": "receiver", "component_type": "otlp", "component_name": "otlp"}
2021-02-25T14:27:43.906Z	info	service/service.go:267	Everything is ready. Begin running and processing data.
2021-02-25T14:28:06.124Z	INFO	loggingexporter/logging_exporter.go:313	TracesExporter	{"#spans": 3584}
2021-02-25T14:28:06.269Z	INFO	loggingexporter/logging_exporter.go:313	TracesExporter	{"#spans": 10000}
2021-02-25T14:28:07.176Z	INFO	loggingexporter/logging_exporter.go:313	TracesExporter	{"#spans": 10000}
2021-02-25T14:28:07.355Z	INFO	loggingexporter/logging_exporter.go:313	TracesExporter	{"#spans": 10000}
2021-02-25T14:28:08.248Z	INFO	loggingexporter/logging_exporter.go:313	TracesExporter	{"#spans": 10000}
2021-02-25T14:28:08.380Z	INFO	loggingexporter/logging_exporter.go:313	TracesExporter	{"#spans": 10000}
2021-02-25T14:28:09.377Z	INFO	loggingexporter/logging_exporter.go:313	TracesExporter	{"#spans": 10000}
2021-02-25T14:28:09.502Z	INFO	loggingexporter/logging_exporter.go:313	TracesExporter	{"#spans": 10000}
2021-02-25T14:28:10.445Z	INFO	loggingexporter/logging_exporter.go:313	TracesExporter	{"#spans": 10000}
2021-02-25T14:28:10.591Z	INFO	loggingexporter/logging_exporter.go:313	TracesExporter	{"#spans": 10000}
2021-02-25T14:28:11.476Z	INFO	loggingexporter/logging_exporter.go:313	TracesExporter	{"#spans": 10000}
2021-02-25T14:28:11.620Z	INFO	loggingexporter/logging_exporter.go:313	TracesExporter	{"#spans": 10000}
2021-02-25T14:28:12.503Z	INFO	loggingexporter/logging_exporter.go:313	TracesExporter	{"#spans": 9652}
2021-02-25T14:28:12.704Z	INFO	loggingexporter/logging_exporter.go:313	TracesExporter	{"#spans": 5596}
2021-02-25T14:28:13.602Z	INFO	loggingexporter/logging_exporter.go:313	TracesExporter	{"#spans": 10000}
2021-02-25T14:28:13.802Z	INFO	loggingexporter/logging_exporter.go:313	TracesExporter	{"#spans": 9084}
2021-02-25T14:28:14.617Z	INFO	loggingexporter/logging_exporter.go:313	TracesExporter	{"#spans": 10000}
2021-02-25T14:28:14.734Z	INFO	loggingexporter/logging_exporter.go:313	TracesExporter	{"#spans": 10000}
2021-02-25T14:28:15.632Z	INFO	loggingexporter/logging_exporter.go:313	TracesExporter	{"#spans": 9390}
2021-02-25T14:28:15.753Z	INFO	loggingexporter/logging_exporter.go:313	TracesExporter	{"#spans": 10000}
2021-02-25T14:28:16.655Z	INFO	loggingexporter/logging_exporter.go:313	TracesExporter	{"#spans": 10000}
2021-02-25T14:28:16.854Z	INFO	loggingexporter/logging_exporter.go:313	TracesExporter	{"#spans": 10001}
2021-02-25T14:28:17.838Z	INFO	loggingexporter/logging_exporter.go:313	TracesExporter	{"#spans": 6502}
2021-02-25T14:28:18.039Z	INFO	loggingexporter/logging_exporter.go:313	TracesExporter	{"#spans": 7262}
2021-02-25T14:28:18.877Z	INFO	loggingexporter/logging_exporter.go:313	TracesExporter	{"#spans": 10000}
2021-02-25T14:28:19.002Z	INFO	loggingexporter/logging_exporter.go:313	TracesExporter	{"#spans": 10000}
2021-02-25T14:28:20.019Z	INFO	loggingexporter/logging_exporter.go:313	TracesExporter	{"#spans": 10000}
2021-02-25T14:28:20.138Z	INFO	loggingexporter/logging_exporter.go:313	TracesExporter	{"#spans": 10000}
2021-02-25T14:28:21.069Z	INFO	loggingexporter/logging_exporter.go:313	TracesExporter	{"#spans": 10000}
2021-02-25T14:28:21.195Z	INFO	loggingexporter/logging_exporter.go:313	TracesExporter	{"#spans": 10000}
2021-02-25T14:28:22.086Z	INFO	loggingexporter/logging_exporter.go:313	TracesExporter	{"#spans": 10000}
2021-02-25T14:28:22.256Z	INFO	loggingexporter/logging_exporter.go:313	TracesExporter	{"#spans": 10000}
2021-02-25T14:28:23.172Z	INFO	loggingexporter/logging_exporter.go:313	TracesExporter	{"#spans": 10000}
2021-02-25T14:28:23.283Z	INFO	loggingexporter/logging_exporter.go:313	TracesExporter	{"#spans": 10000}
2021-02-25T14:28:24.238Z	INFO	loggingexporter/logging_exporter.go:313	TracesExporter	{"#spans": 10000}
2021-02-25T14:28:24.394Z	INFO	loggingexporter/logging_exporter.go:313	TracesExporter	{"#spans": 10000}
2021-02-25T14:28:25.322Z	INFO	loggingexporter/logging_exporter.go:313	TracesExporter	{"#spans": 2560}
2021-02-25T14:28:25.463Z	INFO	loggingexporter/logging_exporter.go:313	TracesExporter	{"#spans": 10000}
2021-02-25T14:28:26.381Z	INFO	loggingexporter/logging_exporter.go:313	TracesExporter	{"#spans": 10000}
2021-02-25T14:28:26.497Z	INFO	loggingexporter/logging_exporter.go:313	TracesExporter	{"#spans": 10000}
2021-02-25T14:28:27.556Z	INFO	loggingexporter/logging_exporter.go:313	TracesExporter	{"#spans": 10000}
2021-02-25T14:28:27.713Z	INFO	loggingexporter/logging_exporter.go:313	TracesExporter	{"#spans": 10000}
2021-02-25T14:28:28.675Z	INFO	loggingexporter/logging_exporter.go:313	TracesExporter	{"#spans": 7226}
2021-02-25T14:28:28.875Z	INFO	loggingexporter/logging_exporter.go:313	TracesExporter	{"#spans": 4084}
2021-02-25T14:28:29.790Z	INFO	loggingexporter/logging_exporter.go:313	TracesExporter	{"#spans": 10000}
2021-02-25T14:28:29.928Z	INFO	loggingexporter/logging_exporter.go:313	TracesExporter	{"#spans": 10000}
2021-02-25T14:28:30.902Z	INFO	loggingexporter/logging_exporter.go:313	TracesExporter	{"#spans": 10000}
2021-02-25T14:28:31.038Z	INFO	loggingexporter/logging_exporter.go:313	TracesExporter	{"#spans": 10000}
2021-02-25T14:28:31.960Z	INFO	loggingexporter/logging_exporter.go:313	TracesExporter	{"#spans": 8432}
2021-02-25T14:28:32.084Z	INFO	loggingexporter/logging_exporter.go:313	TracesExporter	{"#spans": 10000}
2021-02-25T14:28:33.031Z	INFO	loggingexporter/logging_exporter.go:313	TracesExporter	{"#spans": 10000}
2021-02-25T14:28:33.208Z	INFO	loggingexporter/logging_exporter.go:313	TracesExporter	{"#spans": 10000}
2021-02-25T14:28:34.035Z	INFO	loggingexporter/logging_exporter.go:313	TracesExporter	{"#spans": 10000}
2021-02-25T14:28:34.219Z	INFO	loggingexporter/logging_exporter.go:313	TracesExporter	{"#spans": 10000}
2021-02-25T14:28:35.129Z	INFO	loggingexporter/logging_exporter.go:313	TracesExporter	{"#spans": 10000}
2021-02-25T14:28:35.238Z	INFO	loggingexporter/logging_exporter.go:313	TracesExporter	{"#spans": 10000}
2021-02-25T14:28:36.263Z	INFO	loggingexporter/logging_exporter.go:313	TracesExporter	{"#spans": 10000}
2021-02-25T14:28:36.399Z	INFO	loggingexporter/logging_exporter.go:313	TracesExporter	{"#spans": 10000}
2021-02-25T14:28:37.419Z	INFO	loggingexporter/logging_exporter.go:313	TracesExporter	{"#spans": 9256}
2021-02-25T14:28:37.560Z	INFO	loggingexporter/logging_exporter.go:313	TracesExporter	{"#spans": 10000}
2021-02-25T14:28:38.525Z	INFO	loggingexporter/logging_exporter.go:313	TracesExporter	{"#spans": 10000}
2021-02-25T14:28:38.621Z	INFO	loggingexporter/logging_exporter.go:313	TracesExporter	{"#spans": 10000}
2021-02-25T14:28:39.583Z	INFO	loggingexporter/logging_exporter.go:313	TracesExporter	{"#spans": 2730}
2021-02-25T14:28:39.784Z	INFO	loggingexporter/logging_exporter.go:313	TracesExporter	{"#spans": 6900}
2021-02-25T14:28:40.680Z	INFO	loggingexporter/logging_exporter.go:313	TracesExporter	{"#spans": 10000}
2021-02-25T14:28:40.823Z	INFO	loggingexporter/logging_exporter.go:313	TracesExporter	{"#spans": 10000}
2021-02-25T14:28:41.739Z	INFO	loggingexporter/logging_exporter.go:313	TracesExporter	{"#spans": 10000}
2021-02-25T14:28:41.927Z	INFO	loggingexporter/logging_exporter.go:313	TracesExporter	{"#spans": 10000}
2021-02-25T14:28:42.802Z	INFO	loggingexporter/logging_exporter.go:313	TracesExporter	{"#spans": 10000}
2021-02-25T14:28:42.984Z	INFO	loggingexporter/logging_exporter.go:313	TracesExporter	{"#spans": 10000}
2021-02-25T14:28:43.812Z	INFO	loggingexporter/logging_exporter.go:313	TracesExporter	{"#spans": 10000}
2021-02-25T14:28:43.967Z	INFO	loggingexporter/logging_exporter.go:313	TracesExporter	{"#spans": 10000}
2021-02-25T14:28:44.910Z	INFO	loggingexporter/logging_exporter.go:313	TracesExporter	{"#spans": 10000}
2021-02-25T14:28:45.055Z	INFO	loggingexporter/logging_exporter.go:313	TracesExporter	{"#spans": 10000}
2021-02-25T14:28:45.982Z	INFO	loggingexporter/logging_exporter.go:313	TracesExporter	{"#spans": 4608}
2021-02-25T14:28:46.164Z	INFO	loggingexporter/logging_exporter.go:313	TracesExporter	{"#spans": 10000}
2021-02-25T14:28:47.063Z	INFO	loggingexporter/logging_exporter.go:313	TracesExporter	{"#spans": 10000}
2021-02-25T14:28:47.218Z	INFO	loggingexporter/logging_exporter.go:313	TracesExporter	{"#spans": 10000}
2021-02-25T14:28:48.243Z	INFO	loggingexporter/logging_exporter.go:313	TracesExporter	{"#spans": 8992}
2021-02-25T14:28:48.395Z	INFO	loggingexporter/logging_exporter.go:313	TracesExporter	{"#spans": 10000}
2021-02-25T14:28:49.311Z	INFO	loggingexporter/logging_exporter.go:313	TracesExporter	{"#spans": 10000}
2021-02-25T14:28:49.427Z	INFO	loggingexporter/logging_exporter.go:313	TracesExporter	{"#spans": 10000}
2021-02-25T14:28:50.312Z	INFO	loggingexporter/logging_exporter.go:313	TracesExporter	{"#spans": 3072}
2021-02-25T14:28:50.512Z	INFO	loggingexporter/logging_exporter.go:313	TracesExporter	{"#spans": 3162}
2021-02-25T14:28:51.399Z	INFO	loggingexporter/logging_exporter.go:313	TracesExporter	{"#spans": 10000}
2021-02-25T14:28:51.599Z	INFO	loggingexporter/logging_exporter.go:313	TracesExporter	{"#spans": 9904}
2021-02-25T14:28:52.510Z	INFO	loggingexporter/logging_exporter.go:313	TracesExporter	{"#spans": 9392}
2021-02-25T14:28:52.691Z	INFO	loggingexporter/logging_exporter.go:313	TracesExporter	{"#spans": 10000}
2021-02-25T14:28:53.609Z	INFO	loggingexporter/logging_exporter.go:313	TracesExporter	{"#spans": 10000}
2021-02-25T14:28:53.711Z	INFO	loggingexporter/logging_exporter.go:313	TracesExporter	{"#spans": 10000}
2021-02-25T14:28:54.693Z	INFO	loggingexporter/logging_exporter.go:313	TracesExporter	{"#spans": 10000}
2021-02-25T14:28:54.894Z	INFO	loggingexporter/logging_exporter.go:313	TracesExporter	{"#spans": 5900}
2021-02-25T14:28:55.765Z	INFO	loggingexporter/logging_exporter.go:313	TracesExporter	{"#spans": 9456}
2021-02-25T14:28:55.904Z	INFO	loggingexporter/logging_exporter.go:313	TracesExporter	{"#spans": 10000}
2021-02-25T14:28:56.822Z	INFO	loggingexporter/logging_exporter.go:313	TracesExporter	{"#spans": 10000}
2021-02-25T14:28:56.988Z	INFO	loggingexporter/logging_exporter.go:313	TracesExporter	{"#spans": 10000}
2021-02-25T14:28:57.945Z	INFO	loggingexporter/logging_exporter.go:313	TracesExporter	{"#spans": 9450}
2021-02-25T14:28:58.122Z	INFO	loggingexporter/logging_exporter.go:313	TracesExporter	{"#spans": 10000}
2021-02-25T14:28:58.982Z	INFO	loggingexporter/logging_exporter.go:313	TracesExporter	{"#spans": 10000}
2021-02-25T14:28:59.106Z	INFO	loggingexporter/logging_exporter.go:313	TracesExporter	{"#spans": 10000}
2021-02-25T14:29:00.070Z	INFO	loggingexporter/logging_exporter.go:313	TracesExporter	{"#spans": 5632}
2021-02-25T14:29:00.247Z	INFO	loggingexporter/logging_exporter.go:313	TracesExporter	{"#spans": 10000}
2021-02-25T14:29:01.162Z	INFO	loggingexporter/logging_exporter.go:313	TracesExporter	{"#spans": 10000}
2021-02-25T14:29:01.298Z	INFO	loggingexporter/logging_exporter.go:313	TracesExporter	{"#spans": 10000}
2021-02-25T14:29:02.205Z	INFO	loggingexporter/logging_exporter.go:313	TracesExporter	{"#spans": 10000}
2021-02-25T14:29:02.405Z	INFO	loggingexporter/logging_exporter.go:313	TracesExporter	{"#spans": 9514}
2021-02-25T14:29:03.219Z	INFO	loggingexporter/logging_exporter.go:313	TracesExporter	{"#spans": 10000}
2021-02-25T14:29:03.340Z	INFO	loggingexporter/logging_exporter.go:313	TracesExporter	{"#spans": 10000}
2021-02-25T14:29:04.334Z	INFO	loggingexporter/logging_exporter.go:313	TracesExporter	{"#spans": 10000}
2021-02-25T14:29:04.475Z	INFO	loggingexporter/logging_exporter.go:313	TracesExporter	{"#spans": 10000}
2021-02-25T14:29:05.366Z	INFO	loggingexporter/logging_exporter.go:313	TracesExporter	{"#spans": 10000}
2021-02-25T14:29:05.566Z	INFO	loggingexporter/logging_exporter.go:313	TracesExporter	{"#spans": 8678}
2021-02-25T14:29:06.414Z	INFO	loggingexporter/logging_exporter.go:313	TracesExporter	{"#spans": 10000}
2021-02-25T14:29:06.534Z	INFO	loggingexporter/logging_exporter.go:313	TracesExporter	{"#spans": 10000}
2021-02-25T14:29:07.593Z	INFO	loggingexporter/logging_exporter.go:313	TracesExporter	{"#spans": 8147}
2021-02-25T14:29:07.752Z	INFO	loggingexporter/logging_exporter.go:313	TracesExporter	{"#spans": 10000}
2021-02-25T14:29:08.679Z	INFO	loggingexporter/logging_exporter.go:313	TracesExporter	{"#spans": 10000}
2021-02-25T14:29:08.850Z	INFO	loggingexporter/logging_exporter.go:313	TracesExporter	{"#spans": 10000}
2021-02-25T14:29:09.680Z	INFO	loggingexporter/logging_exporter.go:313	TracesExporter	{"#spans": 10000}
2021-02-25T14:29:09.800Z	INFO	loggingexporter/logging_exporter.go:313	TracesExporter	{"#spans": 10000}
2021-02-25T14:29:10.711Z	INFO	loggingexporter/logging_exporter.go:313	TracesExporter	{"#spans": 10000}
2021-02-25T14:29:10.837Z	INFO	loggingexporter/logging_exporter.go:313	TracesExporter	{"#spans": 10000}
2021-02-25T14:29:11.790Z	INFO	loggingexporter/logging_exporter.go:313	TracesExporter	{"#spans": 10000}
2021-02-25T14:29:11.975Z	INFO	loggingexporter/logging_exporter.go:313	TracesExporter	{"#spans": 10000}
2021-02-25T14:29:12.970Z	INFO	loggingexporter/logging_exporter.go:313	TracesExporter	{"#spans": 9728}
2021-02-25T14:29:13.170Z	INFO	loggingexporter/logging_exporter.go:313	TracesExporter	{"#spans": 6656}
2021-02-25T14:29:13.977Z	INFO	loggingexporter/logging_exporter.go:313	TracesExporter	{"#spans": 10000}
2021-02-25T14:29:14.085Z	INFO	loggingexporter/logging_exporter.go:313	TracesExporter	{"#spans": 10000}
2021-02-25T14:29:14.991Z	INFO	loggingexporter/logging_exporter.go:313	TracesExporter	{"#spans": 10000}
2021-02-25T14:29:15.123Z	INFO	loggingexporter/logging_exporter.go:313	TracesExporter	{"#spans": 10000}
2021-02-25T14:29:16.017Z	INFO	loggingexporter/logging_exporter.go:313	TracesExporter	{"#spans": 10000}
2021-02-25T14:29:16.188Z	INFO	loggingexporter/logging_exporter.go:313	TracesExporter	{"#spans": 10000}
2021-02-25T14:29:17.103Z	INFO	loggingexporter/logging_exporter.go:313	TracesExporter	{"#spans": 10000}
2021-02-25T14:29:17.201Z	INFO	loggingexporter/logging_exporter.go:313	TracesExporter	{"#spans": 10000}
2021-02-25T14:29:18.270Z	INFO	loggingexporter/logging_exporter.go:313	TracesExporter	{"#spans": 9138}
2021-02-25T14:29:18.415Z	INFO	loggingexporter/logging_exporter.go:313	TracesExporter	{"#spans": 10000}
2021-02-25T14:29:19.327Z	INFO	loggingexporter/logging_exporter.go:313	TracesExporter	{"#spans": 10000}
2021-02-25T14:29:19.458Z	INFO	loggingexporter/logging_exporter.go:313	TracesExporter	{"#spans": 10000}
2021-02-25T14:29:20.445Z	INFO	loggingexporter/logging_exporter.go:313	TracesExporter	{"#spans": 5390}
2021-02-25T14:29:20.647Z	INFO	loggingexporter/logging_exporter.go:313	TracesExporter	{"#spans": 5908}
2021-02-25T14:29:21.452Z	INFO	loggingexporter/logging_exporter.go:313	TracesExporter	{"#spans": 10000}
2021-02-25T14:29:21.530Z	INFO	loggingexporter/logging_exporter.go:313	TracesExporter	{"#spans": 10000}
2021-02-25T14:29:22.502Z	INFO	loggingexporter/logging_exporter.go:313	TracesExporter	{"#spans": 10000}
2021-02-25T14:29:22.703Z	INFO	loggingexporter/logging_exporter.go:313	TracesExporter	{"#spans": 2572}
2021-02-25T14:29:23.507Z	INFO	loggingexporter/logging_exporter.go:313	TracesExporter	{"#spans": 9214}
2021-02-25T14:29:23.644Z	INFO	loggingexporter/logging_exporter.go:313	TracesExporter	{"#spans": 10000}
2021-02-25T14:29:24.659Z	INFO	loggingexporter/logging_exporter.go:313	TracesExporter	{"#spans": 10000}
2021-02-25T14:29:24.757Z	INFO	loggingexporter/logging_exporter.go:313	TracesExporter	{"#spans": 10000}
2021-02-25T14:29:25.735Z	INFO	loggingexporter/logging_exporter.go:313	TracesExporter	{"#spans": 10000}
2021-02-25T14:29:25.902Z	INFO	loggingexporter/logging_exporter.go:313	TracesExporter	{"#spans": 10000}
2021-02-25T14:29:26.741Z	INFO	loggingexporter/logging_exporter.go:313	TracesExporter	{"#spans": 10000}
2021-02-25T14:29:26.820Z	INFO	loggingexporter/logging_exporter.go:313	TracesExporter	{"#spans": 10000}
2021-02-25T14:29:27.914Z	INFO	loggingexporter/logging_exporter.go:313	TracesExporter	{"#spans": 6266}
2021-02-25T14:29:28.051Z	INFO	loggingexporter/logging_exporter.go:313	TracesExporter	{"#spans": 10000}
2021-02-25T14:29:29.075Z	INFO	loggingexporter/logging_exporter.go:313	TracesExporter	{"#spans": 10000}
2021-02-25T14:29:29.193Z	INFO	loggingexporter/logging_exporter.go:313	TracesExporter	{"#spans": 10000}
2021-02-25T14:29:30.120Z	INFO	loggingexporter/logging_exporter.go:313	TracesExporter	{"#spans": 9086}
2021-02-25T14:29:30.267Z	INFO	loggingexporter/logging_exporter.go:313	TracesExporter	{"#spans": 10000}
2021-02-25T14:29:31.141Z	INFO	loggingexporter/logging_exporter.go:313	TracesExporter	{"#spans": 10000}
2021-02-25T14:29:31.229Z	INFO	loggingexporter/logging_exporter.go:313	TracesExporter	{"#spans": 10000}
2021-02-25T14:29:32.192Z	INFO	loggingexporter/logging_exporter.go:313	TracesExporter	{"#spans": 2494}
2021-02-25T14:29:32.393Z	INFO	loggingexporter/logging_exporter.go:313	TracesExporter	{"#spans": 3422}
2021-02-25T14:29:33.210Z	INFO	loggingexporter/logging_exporter.go:313	TracesExporter	{"#spans": 10000}
2021-02-25T14:29:33.379Z	INFO	loggingexporter/logging_exporter.go:313	TracesExporter	{"#spans": 10000}
2021-02-25T14:29:34.228Z	INFO	loggingexporter/logging_exporter.go:313	TracesExporter	{"#spans": 9896}
2021-02-25T14:29:34.346Z	INFO	loggingexporter/logging_exporter.go:313	TracesExporter	{"#spans": 10000}
2021-02-25T14:29:35.232Z	INFO	loggingexporter/logging_exporter.go:313	TracesExporter	{"#spans": 10000}
2021-02-25T14:29:35.425Z	INFO	loggingexporter/logging_exporter.go:313	TracesExporter	{"#spans": 10000}
2021-02-25T14:29:36.243Z	INFO	loggingexporter/logging_exporter.go:313	TracesExporter	{"#spans": 10000}
2021-02-25T14:29:36.385Z	INFO	loggingexporter/logging_exporter.go:313	TracesExporter	{"#spans": 10000}
2021-02-25T14:29:37.350Z	INFO	loggingexporter/logging_exporter.go:313	TracesExporter	{"#spans": 9202}
2021-02-25T14:29:37.550Z	INFO	loggingexporter/logging_exporter.go:313	TracesExporter	{"#spans": 6358}
2021-02-25T14:29:38.425Z	INFO	loggingexporter/logging_exporter.go:313	TracesExporter	{"#spans": 10000}
2021-02-25T14:29:38.616Z	INFO	loggingexporter/logging_exporter.go:313	TracesExporter	{"#spans": 10000}
2021-02-25T14:29:39.436Z	INFO	loggingexporter/logging_exporter.go:313	TracesExporter	{"#spans": 10000}
2021-02-25T14:29:39.632Z	INFO	loggingexporter/logging_exporter.go:313	TracesExporter	{"#spans": 10000}
2021-02-25T14:29:40.521Z	INFO	loggingexporter/logging_exporter.go:313	TracesExporter	{"#spans": 8826}
2021-02-25T14:29:40.644Z	INFO	loggingexporter/logging_exporter.go:313	TracesExporter	{"#spans": 10000}
2021-02-25T14:29:41.564Z	INFO	loggingexporter/logging_exporter.go:313	TracesExporter	{"#spans": 10000}
2021-02-25T14:29:41.716Z	INFO	loggingexporter/logging_exporter.go:313	TracesExporter	{"#spans": 10000}
2021-02-25T14:29:42.680Z	INFO	loggingexporter/logging_exporter.go:313	TracesExporter	{"#spans": 10000}
2021-02-25T14:29:42.853Z	INFO	loggingexporter/logging_exporter.go:313	TracesExporter	{"#spans": 10000}
2021-02-25T14:29:43.785Z	INFO	loggingexporter/logging_exporter.go:313	TracesExporter	{"#spans": 10000}
2021-02-25T14:29:43.856Z	INFO	loggingexporter/logging_exporter.go:313	TracesExporter	{"#spans": 10000}
2021-02-25T14:29:44.942Z	INFO	loggingexporter/logging_exporter.go:313	TracesExporter	{"#spans": 10000}
2021-02-25T14:29:45.123Z	INFO	loggingexporter/logging_exporter.go:313	TracesExporter	{"#spans": 10000}
2021-02-25T14:29:46.070Z	INFO	loggingexporter/logging_exporter.go:313	TracesExporter	{"#spans": 10000}
2021-02-25T14:29:46.163Z	INFO	loggingexporter/logging_exporter.go:313	TracesExporter	{"#spans": 10000}
2021-02-25T14:29:47.131Z	INFO	loggingexporter/logging_exporter.go:313	TracesExporter	{"#spans": 10000}
2021-02-25T14:29:47.332Z	INFO	loggingexporter/logging_exporter.go:313	TracesExporter	{"#spans": 7116}
2021-02-25T14:29:48.281Z	INFO	loggingexporter/logging_exporter.go:313	TracesExporter	{"#spans": 10000}
2021-02-25T14:29:48.453Z	INFO	loggingexporter/logging_exporter.go:313	TracesExporter	{"#spans": 10000}
2021-02-25T14:29:49.380Z	INFO	loggingexporter/logging_exporter.go:313	TracesExporter	{"#spans": 10000}
2021-02-25T14:29:49.550Z	INFO	loggingexporter/logging_exporter.go:313	TracesExporter	{"#spans": 10000}
2021-02-25T14:29:50.446Z	INFO	loggingexporter/logging_exporter.go:313	TracesExporter	{"#spans": 10000}
2021-02-25T14:29:50.548Z	INFO	loggingexporter/logging_exporter.go:313	TracesExporter	{"#spans": 10000}
2021-02-25T14:29:51.553Z	INFO	loggingexporter/logging_exporter.go:313	TracesExporter	{"#spans": 8672}
2021-02-25T14:29:51.662Z	INFO	loggingexporter/logging_exporter.go:313	TracesExporter	{"#spans": 10000}
2021-02-25T14:29:52.662Z	INFO	loggingexporter/logging_exporter.go:313	TracesExporter	{"#spans": 7886}
2021-02-25T14:29:52.863Z	INFO	loggingexporter/logging_exporter.go:313	TracesExporter	{"#spans": 8192}
2021-02-25T14:29:53.717Z	INFO	loggingexporter/logging_exporter.go:313	TracesExporter	{"#spans": 10000}
2021-02-25T14:29:53.904Z	INFO	loggingexporter/logging_exporter.go:313	TracesExporter	{"#spans": 10000}
2021-02-25T14:29:54.840Z	INFO	loggingexporter/logging_exporter.go:313	TracesExporter	{"#spans": 7770}
2021-02-25T14:29:55.041Z	INFO	loggingexporter/logging_exporter.go:313	TracesExporter	{"#spans": 7658}
2021-02-25T14:29:55.902Z	INFO	loggingexporter/logging_exporter.go:313	TracesExporter	{"#spans": 10000}
2021-02-25T14:29:55.996Z	INFO	loggingexporter/logging_exporter.go:313	TracesExporter	{"#spans": 10000}
2021-02-25T14:29:56.996Z	INFO	loggingexporter/logging_exporter.go:313	TracesExporter	{"#spans": 7562}
2021-02-25T14:29:57.197Z	INFO	loggingexporter/logging_exporter.go:313	TracesExporter	{"#spans": 2048}
2021-02-25T14:29:58.065Z	INFO	loggingexporter/logging_exporter.go:313	TracesExporter	{"#spans": 10000}
2021-02-25T14:29:58.248Z	INFO	loggingexporter/logging_exporter.go:313	TracesExporter	{"#spans": 10000}
2021-02-25T14:29:59.165Z	INFO	loggingexporter/logging_exporter.go:313	TracesExporter	{"#spans": 10000}
2021-02-25T14:29:59.331Z	INFO	loggingexporter/logging_exporter.go:313	TracesExporter	{"#spans": 10000}
2021-02-25T14:30:00.280Z	INFO	loggingexporter/logging_exporter.go:313	TracesExporter	{"#spans": 10000}
2021-02-25T14:30:00.393Z	INFO	loggingexporter/logging_exporter.go:313	TracesExporter	{"#spans": 10000}
2021-02-25T14:30:01.305Z	INFO	loggingexporter/logging_exporter.go:313	TracesExporter	{"#spans": 10000}
2021-02-25T14:30:01.474Z	INFO	loggingexporter/logging_exporter.go:313	TracesExporter	{"#spans": 10000}
2021-02-25T14:30:02.324Z	INFO	loggingexporter/logging_exporter.go:313	TracesExporter	{"#spans": 3584}
2021-02-25T14:30:02.525Z	INFO	loggingexporter/logging_exporter.go:313	TracesExporter	{"#spans": 5640}
2021-02-25T14:30:03.475Z	INFO	loggingexporter/logging_exporter.go:313	TracesExporter	{"#spans": 10000}
2021-02-25T14:30:03.578Z	INFO	loggingexporter/logging_exporter.go:313	TracesExporter	{"#spans": 10000}
2021-02-25T14:30:04.481Z	INFO	loggingexporter/logging_exporter.go:313	TracesExporter	{"#spans": 5962}
2021-02-25T14:30:04.682Z	INFO	loggingexporter/logging_exporter.go:313	TracesExporter	{"#spans": 6604}
2021-02-25T14:30:05.586Z	INFO	loggingexporter/logging_exporter.go:313	TracesExporter	{"#spans": 10000}
2021-02-25T14:30:05.781Z	INFO	loggingexporter/logging_exporter.go:313	TracesExporter	{"#spans": 10000}
2021-02-25T14:30:06.622Z	INFO	loggingexporter/logging_exporter.go:313	TracesExporter	{"#spans": 10000}
2021-02-25T14:30:06.750Z	INFO	loggingexporter/logging_exporter.go:313	TracesExporter	{"#spans": 10000}
2021-02-25T14:30:07.668Z	INFO	loggingexporter/logging_exporter.go:313	TracesExporter	{"#spans": 10000}
2021-02-25T14:30:07.868Z	INFO	loggingexporter/logging_exporter.go:313	TracesExporter	{"#spans": 6746}
2021-02-25T14:30:08.699Z	INFO	loggingexporter/logging_exporter.go:313	TracesExporter	{"#spans": 10000}
2021-02-25T14:30:08.803Z	INFO	loggingexporter/logging_exporter.go:313	TracesExporter	{"#spans": 10000}
2021-02-25T14:30:09.895Z	INFO	loggingexporter/logging_exporter.go:313	TracesExporter	{"#spans": 5410}
2021-02-25T14:30:10.025Z	INFO	loggingexporter/logging_exporter.go:313	TracesExporter	{"#spans": 10000}
2021-02-25T14:30:11.034Z	INFO	loggingexporter/logging_exporter.go:313	TracesExporter	{"#spans": 10000}
2021-02-25T14:30:11.203Z	INFO	loggingexporter/logging_exporter.go:313	TracesExporter	{"#spans": 10000}
2021-02-25T14:30:12.168Z	INFO	loggingexporter/logging_exporter.go:313	TracesExporter	{"#spans": 9217}
2021-02-25T14:30:12.369Z	INFO	loggingexporter/logging_exporter.go:313	TracesExporter	{"#spans": 10001}
2021-02-25T14:30:13.261Z	INFO	loggingexporter/logging_exporter.go:313	TracesExporter	{"#spans": 10000}
2021-02-25T14:30:13.424Z	INFO	loggingexporter/logging_exporter.go:313	TracesExporter	{"#spans": 10000}
2021-02-25T14:30:14.325Z	INFO	loggingexporter/logging_exporter.go:313	TracesExporter	{"#spans": 6854}
2021-02-25T14:30:14.526Z	INFO	loggingexporter/logging_exporter.go:313	TracesExporter	{"#spans": 7446}
2021-02-25T14:30:15.427Z	INFO	loggingexporter/logging_exporter.go:313	TracesExporter	{"#spans": 10000}
2021-02-25T14:30:15.524Z	INFO	loggingexporter/logging_exporter.go:313	TracesExporter	{"#spans": 10000}
2021-02-25T14:30:16.430Z	INFO	loggingexporter/logging_exporter.go:313	TracesExporter	{"#spans": 10000}
2021-02-25T14:30:16.631Z	INFO	loggingexporter/logging_exporter.go:313	TracesExporter	{"#spans": 5899}
2021-02-25T14:30:17.434Z	INFO	loggingexporter/logging_exporter.go:313	TracesExporter	{"#spans": 5298}
2021-02-25T14:30:17.599Z	INFO	loggingexporter/logging_exporter.go:313	TracesExporter	{"#spans": 10000}
2021-02-25T14:30:18.555Z	INFO	loggingexporter/logging_exporter.go:313	TracesExporter	{"#spans": 10000}
2021-02-25T14:30:18.690Z	INFO	loggingexporter/logging_exporter.go:313	TracesExporter	{"#spans": 10000}
2021-02-25T14:30:19.576Z	INFO	loggingexporter/logging_exporter.go:313	TracesExporter	{"#spans": 10001}
2021-02-25T14:30:19.772Z	INFO	loggingexporter/logging_exporter.go:313	TracesExporter	{"#spans": 10000}
2021-02-25T14:30:20.654Z	INFO	loggingexporter/logging_exporter.go:313	TracesExporter	{"#spans": 10000}
2021-02-25T14:30:20.739Z	INFO	loggingexporter/logging_exporter.go:313	TracesExporter	{"#spans": 10000}
2021-02-25T14:30:21.705Z	INFO	loggingexporter/logging_exporter.go:313	TracesExporter	{"#spans": 10000}
2021-02-25T14:30:21.879Z	INFO	loggingexporter/logging_exporter.go:313	TracesExporter	{"#spans": 10000}
2021-02-25T14:30:22.728Z	INFO	loggingexporter/logging_exporter.go:313	TracesExporter	{"#spans": 10000}
2021-02-25T14:30:22.928Z	INFO	loggingexporter/logging_exporter.go:313	TracesExporter	{"#spans": 9212}
2021-02-25T14:30:23.759Z	INFO	loggingexporter/logging_exporter.go:313	TracesExporter	{"#spans": 10000}
2021-02-25T14:30:23.897Z	INFO	loggingexporter/logging_exporter.go:313	TracesExporter	{"#spans": 10000}
2021-02-25T14:30:24.870Z	INFO	loggingexporter/logging_exporter.go:313	TracesExporter	{"#spans": 8936}
2021-02-25T14:30:25.020Z	INFO	loggingexporter/logging_exporter.go:313	TracesExporter	{"#spans": 10000}
2021-02-25T14:30:25.979Z	INFO	loggingexporter/logging_exporter.go:313	TracesExporter	{"#spans": 10000}
2021-02-25T14:30:26.174Z	INFO	loggingexporter/logging_exporter.go:313	TracesExporter	{"#spans": 10000}
2021-02-25T14:30:27.048Z	INFO	loggingexporter/logging_exporter.go:313	TracesExporter	{"#spans": 10000}
2021-02-25T14:30:27.202Z	INFO	loggingexporter/logging_exporter.go:313	TracesExporter	{"#spans": 10000}
2021-02-25T14:30:28.088Z	INFO	loggingexporter/logging_exporter.go:313	TracesExporter	{"#spans": 9960}
2021-02-25T14:30:28.225Z	INFO	loggingexporter/logging_exporter.go:313	TracesExporter	{"#spans": 10000}
2021-02-25T14:30:29.117Z	INFO	loggingexporter/logging_exporter.go:313	TracesExporter	{"#spans": 10000}
2021-02-25T14:30:29.304Z	INFO	loggingexporter/logging_exporter.go:313	TracesExporter	{"#spans": 10000}
2021-02-25T14:30:30.258Z	INFO	loggingexporter/logging_exporter.go:313	TracesExporter	{"#spans": 7530}
2021-02-25T14:30:30.443Z	INFO	loggingexporter/logging_exporter.go:313	TracesExporter	{"#spans": 10000}
2021-02-25T14:30:31.355Z	INFO	loggingexporter/logging_exporter.go:313	TracesExporter	{"#spans": 10000}
2021-02-25T14:30:31.473Z	INFO	loggingexporter/logging_exporter.go:313	TracesExporter	{"#spans": 10000}
2021-02-25T14:30:32.527Z	INFO	loggingexporter/logging_exporter.go:313	TracesExporter	{"#spans": 4478}
2021-02-25T14:30:32.728Z	INFO	loggingexporter/logging_exporter.go:313	TracesExporter	{"#spans": 4096}
2021-02-25T14:30:33.553Z	INFO	loggingexporter/logging_exporter.go:313	TracesExporter	{"#spans": 10000}
2021-02-25T14:30:33.685Z	INFO	loggingexporter/logging_exporter.go:313	TracesExporter	{"#spans": 10000}
2021-02-25T14:30:34.636Z	INFO	loggingexporter/logging_exporter.go:313	TracesExporter	{"#spans": 10000}
2021-02-25T14:30:34.767Z	INFO	loggingexporter/logging_exporter.go:313	TracesExporter	{"#spans": 10000}
2021-02-25T14:30:35.637Z	INFO	loggingexporter/logging_exporter.go:313	TracesExporter	{"#spans": 10000}
2021-02-25T14:30:35.812Z	INFO	loggingexporter/logging_exporter.go:313	TracesExporter	{"#spans": 10000}
2021-02-25T14:30:36.647Z	INFO	loggingexporter/logging_exporter.go:313	TracesExporter	{"#spans": 10000}
2021-02-25T14:30:36.752Z	INFO	loggingexporter/logging_exporter.go:313	TracesExporter	{"#spans": 10000}
2021-02-25T14:30:37.786Z	INFO	loggingexporter/logging_exporter.go:313	TracesExporter	{"#spans": 4904}
2021-02-25T14:30:37.968Z	INFO	loggingexporter/logging_exporter.go:313	TracesExporter	{"#spans": 10001}
2021-02-25T14:30:38.826Z	INFO	loggingexporter/logging_exporter.go:313	TracesExporter	{"#spans": 10000}
2021-02-25T14:30:39.001Z	INFO	loggingexporter/logging_exporter.go:313	TracesExporter	{"#spans": 10000}
2021-02-25T14:30:39.896Z	INFO	loggingexporter/logging_exporter.go:313	TracesExporter	{"#spans": 5382}
2021-02-25T14:30:40.092Z	INFO	loggingexporter/logging_exporter.go:313	TracesExporter	{"#spans": 10000}
2021-02-25T14:30:40.903Z	INFO	loggingexporter/logging_exporter.go:313	TracesExporter	{"#spans": 10000}
2021-02-25T14:30:41.047Z	INFO	loggingexporter/logging_exporter.go:313	TracesExporter	{"#spans": 10000}
2021-02-25T14:30:42.039Z	INFO	loggingexporter/logging_exporter.go:313	TracesExporter	{"#spans": 10000}
2021-02-25T14:30:42.160Z	INFO	loggingexporter/logging_exporter.go:313	TracesExporter	{"#spans": 10000}
2021-02-25T14:30:43.219Z	INFO	loggingexporter/logging_exporter.go:313	TracesExporter	{"#spans": 10000}
2021-02-25T14:30:43.379Z	INFO	loggingexporter/logging_exporter.go:313	TracesExporter	{"#spans": 10000}
2021-02-25T14:30:44.300Z	INFO	loggingexporter/logging_exporter.go:313	TracesExporter	{"#spans": 10000}
2021-02-25T14:30:44.495Z	INFO	loggingexporter/logging_exporter.go:313	TracesExporter	{"#spans": 10000}
2021-02-25T14:30:45.405Z	INFO	loggingexporter/logging_exporter.go:313	TracesExporter	{"#spans": 9084}
2021-02-25T14:30:45.591Z	INFO	loggingexporter/logging_exporter.go:313	TracesExporter	{"#spans": 10000}
2021-02-25T14:30:46.454Z	INFO	loggingexporter/logging_exporter.go:313	TracesExporter	{"#spans": 10000}
2021-02-25T14:30:46.584Z	INFO	loggingexporter/logging_exporter.go:313	TracesExporter	{"#spans": 10000}
2021-02-25T14:30:47.560Z	INFO	loggingexporter/logging_exporter.go:313	TracesExporter	{"#spans": 4096}
2021-02-25T14:30:47.761Z	INFO	loggingexporter/logging_exporter.go:313	TracesExporter	{"#spans": 9774}
2021-02-25T14:30:48.706Z	INFO	loggingexporter/logging_exporter.go:313	TracesExporter	{"#spans": 10000}
2021-02-25T14:30:48.897Z	INFO	loggingexporter/logging_exporter.go:313	TracesExporter	{"#spans": 10000}
2021-02-25T14:30:49.797Z	INFO	loggingexporter/logging_exporter.go:313	TracesExporter	{"#spans": 10000}
2021-02-25T14:30:49.997Z	INFO	loggingexporter/logging_exporter.go:313	TracesExporter	{"#spans": 7246}
2021-02-25T14:30:50.894Z	INFO	loggingexporter/logging_exporter.go:313	TracesExporter	{"#spans": 10000}
2021-02-25T14:30:51.022Z	INFO	loggingexporter/logging_exporter.go:313	TracesExporter	{"#spans": 10000}
2021-02-25T14:30:51.921Z	INFO	loggingexporter/logging_exporter.go:313	TracesExporter	{"#spans": 10000}
2021-02-25T14:30:52.083Z	INFO	loggingexporter/logging_exporter.go:313	TracesExporter	{"#spans": 10000}
2021-02-25T14:30:53.081Z	INFO	loggingexporter/logging_exporter.go:313	TracesExporter	{"#spans": 10000}
2021-02-25T14:30:53.229Z	INFO	loggingexporter/logging_exporter.go:313	TracesExporter	{"#spans": 10000}
2021-02-25T14:30:54.115Z	INFO	loggingexporter/logging_exporter.go:313	TracesExporter	{"#spans": 10000}
2021-02-25T14:30:54.310Z	INFO	loggingexporter/logging_exporter.go:313	TracesExporter	{"#spans": 10000}
2021-02-25T14:30:55.133Z	INFO	loggingexporter/logging_exporter.go:313	TracesExporter	{"#spans": 10000}
2021-02-25T14:30:55.280Z	INFO	loggingexporter/logging_exporter.go:313	TracesExporter	{"#spans": 10000}
2021-02-25T14:30:56.140Z	INFO	loggingexporter/logging_exporter.go:313	TracesExporter	{"#spans": 7168}
2021-02-25T14:30:56.315Z	INFO	loggingexporter/logging_exporter.go:313	TracesExporter	{"#spans": 10000}
2021-02-25T14:30:57.153Z	INFO	loggingexporter/logging_exporter.go:313	TracesExporter	{"#spans": 10000}
2021-02-25T14:30:57.281Z	INFO	loggingexporter/logging_exporter.go:313	TracesExporter	{"#spans": 10000}
2021-02-25T14:30:58.226Z	INFO	loggingexporter/logging_exporter.go:313	TracesExporter	{"#spans": 10000}
2021-02-25T14:30:58.414Z	INFO	loggingexporter/logging_exporter.go:313	TracesExporter	{"#spans": 10000}
2021-02-25T14:30:59.343Z	INFO	loggingexporter/logging_exporter.go:313	TracesExporter	{"#spans": 10000}
2021-02-25T14:30:59.544Z	INFO	loggingexporter/logging_exporter.go:313	TracesExporter	{"#spans": 9764}
2021-02-25T14:31:00.443Z	INFO	loggingexporter/logging_exporter.go:313	TracesExporter	{"#spans": 10000}
2021-02-25T14:31:00.546Z	INFO	loggingexporter/logging_exporter.go:313	TracesExporter	{"#spans": 10000}
2021-02-25T14:31:01.539Z	INFO	loggingexporter/logging_exporter.go:313	TracesExporter	{"#spans": 10000}
2021-02-25T14:31:01.739Z	INFO	loggingexporter/logging_exporter.go:313	TracesExporter	{"#spans": 3686}
2021-02-25T14:31:02.544Z	INFO	loggingexporter/logging_exporter.go:313	TracesExporter	{"#spans": 9216}
2021-02-25T14:31:02.680Z	INFO	loggingexporter/logging_exporter.go:313	TracesExporter	{"#spans": 10000}
2021-02-25T14:31:03.616Z	INFO	loggingexporter/logging_exporter.go:313	TracesExporter	{"#spans": 10000}
2021-02-25T14:31:03.737Z	INFO	loggingexporter/logging_exporter.go:313	TracesExporter	{"#spans": 10000}
2021-02-25T14:31:04.721Z	INFO	loggingexporter/logging_exporter.go:313	TracesExporter	{"#spans": 2560}
2021-02-25T14:31:04.922Z	INFO	loggingexporter/logging_exporter.go:313	TracesExporter	{"#spans": 8056}
2021-02-25T14:31:05.837Z	INFO	loggingexporter/logging_exporter.go:313	TracesExporter	{"#spans": 10000}
2021-02-25T14:31:05.929Z	INFO	loggingexporter/logging_exporter.go:313	TracesExporter	{"#spans": 10000}
2021-02-25T14:31:06.990Z	INFO	loggingexporter/logging_exporter.go:313	TracesExporter	{"#spans": 2560}
2021-02-25T14:31:07.190Z	INFO	loggingexporter/logging_exporter.go:313	TracesExporter	{"#spans": 4376}
2021-02-25T14:31:08.062Z	INFO	loggingexporter/logging_exporter.go:313	TracesExporter	{"#spans": 10000}
2021-02-25T14:31:08.166Z	INFO	loggingexporter/logging_exporter.go:313	TracesExporter	{"#spans": 10000}
2021-02-25T14:31:09.120Z	INFO	loggingexporter/logging_exporter.go:313	TracesExporter	{"#spans": 10000}
2021-02-25T14:31:09.320Z	INFO	loggingexporter/logging_exporter.go:313	TracesExporter	{"#spans": 6734}
2021-02-25T14:31:10.200Z	INFO	loggingexporter/logging_exporter.go:313	TracesExporter	{"#spans": 10000}
2021-02-25T14:31:10.363Z	INFO	loggingexporter/logging_exporter.go:313	TracesExporter	{"#spans": 10000}
2021-02-25T14:31:11.248Z	INFO	loggingexporter/logging_exporter.go:313	TracesExporter	{"#spans": 10000}
2021-02-25T14:31:11.343Z	INFO	loggingexporter/logging_exporter.go:313	TracesExporter	{"#spans": 10000}
2021-02-25T14:31:12.264Z	INFO	loggingexporter/logging_exporter.go:313	TracesExporter	{"#spans": 10000}
2021-02-25T14:31:12.405Z	INFO	loggingexporter/logging_exporter.go:313	TracesExporter	{"#spans": 10000}
2021-02-25T14:31:13.318Z	INFO	loggingexporter/logging_exporter.go:313	TracesExporter	{"#spans": 10000}
2021-02-25T14:31:13.402Z	INFO	loggingexporter/logging_exporter.go:313	TracesExporter	{"#spans": 10000}
2021-02-25T14:31:14.495Z	INFO	loggingexporter/logging_exporter.go:313	TracesExporter	{"#spans": 3072}
2021-02-25T14:31:14.695Z	INFO	loggingexporter/logging_exporter.go:313	TracesExporter	{"#spans": 5189}
2021-02-25T14:31:15.523Z	INFO	loggingexporter/logging_exporter.go:313	TracesExporter	{"#spans": 10000}
2021-02-25T14:31:15.696Z	INFO	loggingexporter/logging_exporter.go:313	TracesExporter	{"#spans": 10000}
2021-02-25T14:31:16.558Z	INFO	loggingexporter/logging_exporter.go:313	TracesExporter	{"#spans": 10000}
2021-02-25T14:31:16.684Z	INFO	loggingexporter/logging_exporter.go:313	TracesExporter	{"#spans": 10000}
2021-02-25T14:31:17.685Z	INFO	loggingexporter/logging_exporter.go:313	TracesExporter	{"#spans": 10000}
2021-02-25T14:31:17.826Z	INFO	loggingexporter/logging_exporter.go:313	TracesExporter	{"#spans": 10000}
2021-02-25T14:31:18.742Z	INFO	loggingexporter/logging_exporter.go:313	TracesExporter	{"#spans": 10000}
2021-02-25T14:31:18.944Z	INFO	loggingexporter/logging_exporter.go:313	TracesExporter	{"#spans": 7728}
2021-02-25T14:31:19.745Z	INFO	loggingexporter/logging_exporter.go:313	TracesExporter	{"#spans": 10000}
2021-02-25T14:31:19.873Z	INFO	loggingexporter/logging_exporter.go:313	TracesExporter	{"#spans": 10000}
2021-02-25T14:31:20.788Z	INFO	loggingexporter/logging_exporter.go:313	TracesExporter	{"#spans": 1536}
2021-02-25T14:31:20.989Z	INFO	loggingexporter/logging_exporter.go:313	TracesExporter	{"#spans": 2560}
2021-02-25T14:31:21.826Z	INFO	loggingexporter/logging_exporter.go:313	TracesExporter	{"#spans": 10000}
2021-02-25T14:31:21.925Z	INFO	loggingexporter/logging_exporter.go:313	TracesExporter	{"#spans": 10000}
2021-02-25T14:31:22.953Z	INFO	loggingexporter/logging_exporter.go:313	TracesExporter	{"#spans": 10000}
2021-02-25T14:31:23.154Z	INFO	loggingexporter/logging_exporter.go:313	TracesExporter	{"#spans": 9714}
2021-02-25T14:31:24.067Z	INFO	loggingexporter/logging_exporter.go:313	TracesExporter	{"#spans": 10000}
2021-02-25T14:31:24.152Z	INFO	loggingexporter/logging_exporter.go:313	TracesExporter	{"#spans": 10000}
2021-02-25T14:31:25.125Z	INFO	loggingexporter/logging_exporter.go:313	TracesExporter	{"#spans": 6846}
2021-02-25T14:31:25.325Z	INFO	loggingexporter/logging_exporter.go:313	TracesExporter	{"#spans": 2048}
2021-02-25T14:31:26.214Z	INFO	loggingexporter/logging_exporter.go:313	TracesExporter	{"#spans": 10000}
2021-02-25T14:31:26.417Z	INFO	loggingexporter/logging_exporter.go:313	TracesExporter	{"#spans": 10000}
2021-02-25T14:31:27.262Z	INFO	loggingexporter/logging_exporter.go:313	TracesExporter	{"#spans": 10000}
2021-02-25T14:31:27.443Z	INFO	loggingexporter/logging_exporter.go:313	TracesExporter	{"#spans": 10000}
2021-02-25T14:31:28.319Z	INFO	loggingexporter/logging_exporter.go:313	TracesExporter	{"#spans": 10000}
2021-02-25T14:31:28.464Z	INFO	loggingexporter/logging_exporter.go:313	TracesExporter	{"#spans": 10000}
2021-02-25T14:31:29.387Z	INFO	loggingexporter/logging_exporter.go:313	TracesExporter	{"#spans": 10001}
2021-02-25T14:31:29.588Z	INFO	loggingexporter/logging_exporter.go:313	TracesExporter	{"#spans": 2523}
2021-02-25T14:31:30.543Z	INFO	loggingexporter/logging_exporter.go:313	TracesExporter	{"#spans": 10000}
2021-02-25T14:31:30.660Z	INFO	loggingexporter/logging_exporter.go:313	TracesExporter	{"#spans": 10000}
2021-02-25T14:31:31.669Z	INFO	loggingexporter/logging_exporter.go:313	TracesExporter	{"#spans": 10000}
2021-02-25T14:31:31.821Z	INFO	loggingexporter/logging_exporter.go:313	TracesExporter	{"#spans": 10000}
2021-02-25T14:31:32.724Z	INFO	loggingexporter/logging_exporter.go:313	TracesExporter	{"#spans": 10000}
2021-02-25T14:31:32.851Z	INFO	loggingexporter/logging_exporter.go:313	TracesExporter	{"#spans": 10000}
2021-02-25T14:31:33.885Z	INFO	loggingexporter/logging_exporter.go:313	TracesExporter	{"#spans": 9178}
2021-02-25T14:31:34.021Z	INFO	loggingexporter/logging_exporter.go:313	TracesExporter	{"#spans": 10000}
2021-02-25T14:31:35.074Z	INFO	loggingexporter/logging_exporter.go:313	TracesExporter	{"#spans": 8848}
2021-02-25T14:31:35.275Z	INFO	loggingexporter/logging_exporter.go:313	TracesExporter	{"#spans": 9224}
2021-02-25T14:31:36.170Z	INFO	loggingexporter/logging_exporter.go:313	TracesExporter	{"#spans": 10000}
2021-02-25T14:31:36.322Z	INFO	loggingexporter/logging_exporter.go:313	TracesExporter	{"#spans": 10000}
2021-02-25T14:31:37.196Z	INFO	loggingexporter/logging_exporter.go:313	TracesExporter	{"#spans": 9528}
2021-02-25T14:31:37.397Z	INFO	loggingexporter/logging_exporter.go:313	TracesExporter	{"#spans": 2048}
2021-02-25T14:31:38.303Z	INFO	loggingexporter/logging_exporter.go:313	TracesExporter	{"#spans": 10000}
2021-02-25T14:31:38.450Z	INFO	loggingexporter/logging_exporter.go:313	TracesExporter	{"#spans": 10000}
2021-02-25T14:31:39.431Z	INFO	loggingexporter/logging_exporter.go:313	TracesExporter	{"#spans": 10000}
2021-02-25T14:31:39.555Z	INFO	loggingexporter/logging_exporter.go:313	TracesExporter	{"#spans": 10000}
2021-02-25T14:31:40.438Z	INFO	loggingexporter/logging_exporter.go:313	TracesExporter	{"#spans": 10000}
2021-02-25T14:31:40.627Z	INFO	loggingexporter/logging_exporter.go:313	TracesExporter	{"#spans": 10000}
2021-02-25T14:31:41.479Z	INFO	loggingexporter/logging_exporter.go:313	TracesExporter	{"#spans": 9510}
2021-02-25T14:31:41.609Z	INFO	loggingexporter/logging_exporter.go:313	TracesExporter	{"#spans": 10000}
2021-02-25T14:31:42.483Z	INFO	loggingexporter/logging_exporter.go:313	TracesExporter	{"#spans": 10000}
2021-02-25T14:31:42.665Z	INFO	loggingexporter/logging_exporter.go:313	TracesExporter	{"#spans": 10000}
2021-02-25T14:31:43.593Z	INFO	loggingexporter/logging_exporter.go:313	TracesExporter	{"#spans": 10000}
2021-02-25T14:31:43.663Z	INFO	loggingexporter/logging_exporter.go:313	TracesExporter	{"#spans": 10000}
2021-02-25T14:31:44.599Z	INFO	loggingexporter/logging_exporter.go:313	TracesExporter	{"#spans": 10000}
2021-02-25T14:31:44.799Z	INFO	loggingexporter/logging_exporter.go:313	TracesExporter	{"#spans": 7654}
2021-02-25T14:31:45.600Z	INFO	loggingexporter/logging_exporter.go:313	TracesExporter	{"#spans": 2560}
2021-02-25T14:31:45.803Z	INFO	loggingexporter/logging_exporter.go:313	TracesExporter	{"#spans": 7672}
2021-02-25T14:31:46.631Z	INFO	loggingexporter/logging_exporter.go:313	TracesExporter	{"#spans": 10000}
2021-02-25T14:31:46.773Z	INFO	loggingexporter/logging_exporter.go:313	TracesExporter	{"#spans": 10000}
2021-02-25T14:31:47.643Z	INFO	loggingexporter/logging_exporter.go:313	TracesExporter	{"#spans": 10000}
2021-02-25T14:31:47.771Z	INFO	loggingexporter/logging_exporter.go:313	TracesExporter	{"#spans": 10000}
2021-02-25T14:31:48.744Z	INFO	loggingexporter/logging_exporter.go:313	TracesExporter	{"#spans": 10000}
2021-02-25T14:31:48.926Z	INFO	loggingexporter/logging_exporter.go:313	TracesExporter	{"#spans": 10000}
2021-02-25T14:31:49.865Z	INFO	loggingexporter/logging_exporter.go:313	TracesExporter	{"#spans": 4096}
2021-02-25T14:31:50.065Z	INFO	loggingexporter/logging_exporter.go:313	TracesExporter	{"#spans": 3584}
2021-02-25T14:31:50.879Z	INFO	loggingexporter/logging_exporter.go:313	TracesExporter	{"#spans": 10000}
2021-02-25T14:31:51.022Z	INFO	loggingexporter/logging_exporter.go:313	TracesExporter	{"#spans": 10000}
2021-02-25T14:31:52.034Z	INFO	loggingexporter/logging_exporter.go:313	TracesExporter	{"#spans": 9136}
2021-02-25T14:31:52.234Z	INFO	loggingexporter/logging_exporter.go:313	TracesExporter	{"#spans": 3342}
2021-02-25T14:31:53.100Z	INFO	loggingexporter/logging_exporter.go:313	TracesExporter	{"#spans": 10000}
2021-02-25T14:31:53.283Z	INFO	loggingexporter/logging_exporter.go:313	TracesExporter	{"#spans": 10000}
2021-02-25T14:31:54.222Z	INFO	loggingexporter/logging_exporter.go:313	TracesExporter	{"#spans": 10000}
2021-02-25T14:31:54.356Z	INFO	loggingexporter/logging_exporter.go:313	TracesExporter	{"#spans": 10000}
2021-02-25T14:31:55.305Z	INFO	loggingexporter/logging_exporter.go:313	TracesExporter	{"#spans": 10000}
2021-02-25T14:31:55.479Z	INFO	loggingexporter/logging_exporter.go:313	TracesExporter	{"#spans": 10000}
2021-02-25T14:31:56.407Z	INFO	loggingexporter/logging_exporter.go:313	TracesExporter	{"#spans": 10000}
2021-02-25T14:31:56.589Z	INFO	loggingexporter/logging_exporter.go:313	TracesExporter	{"#spans": 10000}
2021-02-25T14:31:57.520Z	INFO	loggingexporter/logging_exporter.go:313	TracesExporter	{"#spans": 10000}
2021-02-25T14:31:57.719Z	INFO	loggingexporter/logging_exporter.go:313	TracesExporter	{"#spans": 10000}
2021-02-25T14:31:58.551Z	INFO	loggingexporter/logging_exporter.go:313	TracesExporter	{"#spans": 10000}
2021-02-25T14:31:58.680Z	INFO	loggingexporter/logging_exporter.go:313	TracesExporter	{"#spans": 10000}
2021-02-25T14:31:59.604Z	INFO	loggingexporter/logging_exporter.go:313	TracesExporter	{"#spans": 3072}
2021-02-25T14:31:59.805Z	INFO	loggingexporter/logging_exporter.go:313	TracesExporter	{"#spans": 4096}
2021-02-25T14:32:00.619Z	INFO	loggingexporter/logging_exporter.go:313	TracesExporter	{"#spans": 10000}
2021-02-25T14:32:00.718Z	INFO	loggingexporter/logging_exporter.go:313	TracesExporter	{"#spans": 10000}
2021-02-25T14:32:01.777Z	INFO	loggingexporter/logging_exporter.go:313	TracesExporter	{"#spans": 10000}
2021-02-25T14:32:01.898Z	INFO	loggingexporter/logging_exporter.go:313	TracesExporter	{"#spans": 10000}
2021-02-25T14:32:02.794Z	INFO	loggingexporter/logging_exporter.go:313	TracesExporter	{"#spans": 10000}
2021-02-25T14:32:02.904Z	INFO	loggingexporter/logging_exporter.go:313	TracesExporter	{"#spans": 10000}
2021-02-25T14:32:03.981Z	INFO	loggingexporter/logging_exporter.go:313	TracesExporter	{"#spans": 1536}
2021-02-25T14:32:04.181Z	INFO	loggingexporter/logging_exporter.go:313	TracesExporter	{"#spans": 2048}
2021-02-25T14:32:05.050Z	INFO	loggingexporter/logging_exporter.go:313	TracesExporter	{"#spans": 10000}
2021-02-25T14:32:05.201Z	INFO	loggingexporter/logging_exporter.go:313	TracesExporter	{"#spans": 10000}
2021-02-25T14:32:06.179Z	INFO	loggingexporter/logging_exporter.go:313	TracesExporter	{"#spans": 10000}
2021-02-25T14:32:06.367Z	INFO	loggingexporter/logging_exporter.go:313	TracesExporter	{"#spans": 10000}
2021-02-25T14:32:07.257Z	INFO	loggingexporter/logging_exporter.go:313	TracesExporter	{"#spans": 10000}
2021-02-25T14:32:07.457Z	INFO	loggingexporter/logging_exporter.go:313	TracesExporter	{"#spans": 8640}
2021-02-25T14:32:08.365Z	INFO	loggingexporter/logging_exporter.go:313	TracesExporter	{"#spans": 10000}
2021-02-25T14:32:08.566Z	INFO	loggingexporter/logging_exporter.go:313	TracesExporter	{"#spans": 9988}
2021-02-25T14:32:09.475Z	INFO	loggingexporter/logging_exporter.go:313	TracesExporter	{"#spans": 10000}
2021-02-25T14:32:09.597Z	INFO	loggingexporter/logging_exporter.go:313	TracesExporter	{"#spans": 10000}
2021-02-25T14:32:10.573Z	INFO	loggingexporter/logging_exporter.go:313	TracesExporter	{"#spans": 10000}
2021-02-25T14:32:10.711Z	INFO	loggingexporter/logging_exporter.go:313	TracesExporter	{"#spans": 10000}
2021-02-25T14:32:11.763Z	INFO	loggingexporter/logging_exporter.go:313	TracesExporter	{"#spans": 4608}
2021-02-25T14:32:11.964Z	INFO	loggingexporter/logging_exporter.go:313	TracesExporter	{"#spans": 9216}
2021-02-25T14:32:12.809Z	INFO	loggingexporter/logging_exporter.go:313	TracesExporter	{"#spans": 10000}
2021-02-25T14:32:12.994Z	INFO	loggingexporter/logging_exporter.go:313	TracesExporter	{"#spans": 10000}
2021-02-25T14:32:13.894Z	INFO	loggingexporter/logging_exporter.go:313	TracesExporter	{"#spans": 10000}
2021-02-25T14:32:13.991Z	INFO	loggingexporter/logging_exporter.go:313	TracesExporter	{"#spans": 10000}
2021-02-25T14:32:14.972Z	INFO	loggingexporter/logging_exporter.go:313	TracesExporter	{"#spans": 10000}
2021-02-25T14:32:15.105Z	INFO	loggingexporter/logging_exporter.go:313	TracesExporter	{"#spans": 10000}
2021-02-25T14:32:16.014Z	INFO	loggingexporter/logging_exporter.go:313	TracesExporter	{"#spans": 1536}
2021-02-25T14:32:16.215Z	INFO	loggingexporter/logging_exporter.go:313	TracesExporter	{"#spans": 5667}
2021-02-25T14:32:17.085Z	INFO	loggingexporter/logging_exporter.go:313	TracesExporter	{"#spans": 10000}
2021-02-25T14:32:17.257Z	INFO	loggingexporter/logging_exporter.go:313	TracesExporter	{"#spans": 10000}
2021-02-25T14:32:18.133Z	INFO	loggingexporter/logging_exporter.go:313	TracesExporter	{"#spans": 10000}
2021-02-25T14:32:18.324Z	INFO	loggingexporter/logging_exporter.go:313	TracesExporter	{"#spans": 10000}
2021-02-25T14:32:19.219Z	INFO	loggingexporter/logging_exporter.go:313	TracesExporter	{"#spans": 10000}
2021-02-25T14:32:19.309Z	INFO	loggingexporter/logging_exporter.go:313	TracesExporter	{"#spans": 10000}
2021-02-25T14:32:20.302Z	INFO	loggingexporter/logging_exporter.go:313	TracesExporter	{"#spans": 10000}
2021-02-25T14:32:20.459Z	INFO	loggingexporter/logging_exporter.go:313	TracesExporter	{"#spans": 10000}
2021-02-25T14:32:21.439Z	INFO	loggingexporter/logging_exporter.go:313	TracesExporter	{"#spans": 9760}
2021-02-25T14:32:21.552Z	INFO	loggingexporter/logging_exporter.go:313	TracesExporter	{"#spans": 10000}
2021-02-25T14:32:22.538Z	INFO	loggingexporter/logging_exporter.go:313	TracesExporter	{"#spans": 10000}
2021-02-25T14:32:22.680Z	INFO	loggingexporter/logging_exporter.go:313	TracesExporter	{"#spans": 10000}
2021-02-25T14:32:23.599Z	INFO	loggingexporter/logging_exporter.go:313	TracesExporter	{"#spans": 10000}
2021-02-25T14:32:23.801Z	INFO	loggingexporter/logging_exporter.go:313	TracesExporter	{"#spans": 8692}
2021-02-25T14:32:24.647Z	INFO	loggingexporter/logging_exporter.go:313	TracesExporter	{"#spans": 8668}
2021-02-25T14:32:24.740Z	INFO	loggingexporter/logging_exporter.go:313	TracesExporter	{"#spans": 10000}
2021-02-25T14:32:25.733Z	INFO	loggingexporter/logging_exporter.go:313	TracesExporter	{"#spans": 10000}
2021-02-25T14:32:25.919Z	INFO	loggingexporter/logging_exporter.go:313	TracesExporter	{"#spans": 10000}
2021-02-25T14:32:26.832Z	INFO	loggingexporter/logging_exporter.go:313	TracesExporter	{"#spans": 10000}
2021-02-25T14:32:27.004Z	INFO	loggingexporter/logging_exporter.go:313	TracesExporter	{"#spans": 10000}
2021-02-25T14:32:27.875Z	INFO	loggingexporter/logging_exporter.go:313	TracesExporter	{"#spans": 10000}
2021-02-25T14:32:28.032Z	INFO	loggingexporter/logging_exporter.go:313	TracesExporter	{"#spans": 10000}
2021-02-25T14:32:29.013Z	INFO	loggingexporter/logging_exporter.go:313	TracesExporter	{"#spans": 10000}
2021-02-25T14:32:29.146Z	INFO	loggingexporter/logging_exporter.go:313	TracesExporter	{"#spans": 10000}
2021-02-25T14:32:30.186Z	INFO	loggingexporter/logging_exporter.go:313	TracesExporter	{"#spans": 10000}
2021-02-25T14:32:30.274Z	INFO	loggingexporter/logging_exporter.go:313	TracesExporter	{"#spans": 10000}
2021-02-25T14:32:31.266Z	INFO	loggingexporter/logging_exporter.go:313	TracesExporter	{"#spans": 10000}
2021-02-25T14:32:31.413Z	INFO	loggingexporter/logging_exporter.go:313	TracesExporter	{"#spans": 10001}
2021-02-25T14:32:32.276Z	INFO	loggingexporter/logging_exporter.go:313	TracesExporter	{"#spans": 10000}
2021-02-25T14:32:32.477Z	INFO	loggingexporter/logging_exporter.go:313	TracesExporter	{"#spans": 6982}
2021-02-25T14:32:33.386Z	INFO	loggingexporter/logging_exporter.go:313	TracesExporter	{"#spans": 3590}
2021-02-25T14:32:33.586Z	INFO	loggingexporter/logging_exporter.go:313	TracesExporter	{"#spans": 3578}
2021-02-25T14:32:34.568Z	INFO	loggingexporter/logging_exporter.go:313	TracesExporter	{"#spans": 10000}
2021-02-25T14:32:34.698Z	INFO	loggingexporter/logging_exporter.go:313	TracesExporter	{"#spans": 10000}
2021-02-25T14:32:35.733Z	INFO	loggingexporter/logging_exporter.go:313	TracesExporter	{"#spans": 10000}
2021-02-25T14:32:35.865Z	INFO	loggingexporter/logging_exporter.go:313	TracesExporter	{"#spans": 10000}
2021-02-25T14:32:36.745Z	INFO	loggingexporter/logging_exporter.go:313	TracesExporter	{"#spans": 7682}
2021-02-25T14:32:36.935Z	INFO	loggingexporter/logging_exporter.go:313	TracesExporter	{"#spans": 10000}
2021-02-25T14:32:37.751Z	INFO	loggingexporter/logging_exporter.go:313	TracesExporter	{"#spans": 10000}
2021-02-25T14:32:37.884Z	INFO	loggingexporter/logging_exporter.go:313	TracesExporter	{"#spans": 10000}
2021-02-25T14:32:38.856Z	INFO	loggingexporter/logging_exporter.go:313	TracesExporter	{"#spans": 3566}
2021-02-25T14:32:39.057Z	INFO	loggingexporter/logging_exporter.go:313	TracesExporter	{"#spans": 3733}
2021-02-25T14:32:39.931Z	INFO	loggingexporter/logging_exporter.go:313	TracesExporter	{"#spans": 10000}
2021-02-25T14:32:40.039Z	INFO	loggingexporter/logging_exporter.go:313	TracesExporter	{"#spans": 10000}
2021-02-25T14:32:40.939Z	INFO	loggingexporter/logging_exporter.go:313	TracesExporter	{"#spans": 10000}
2021-02-25T14:32:41.107Z	INFO	loggingexporter/logging_exporter.go:313	TracesExporter	{"#spans": 10000}
2021-02-25T14:32:42.049Z	INFO	loggingexporter/logging_exporter.go:313	TracesExporter	{"#spans": 10000}
2021-02-25T14:32:42.200Z	INFO	loggingexporter/logging_exporter.go:313	TracesExporter	{"#spans": 10000}
2021-02-25T14:32:43.089Z	INFO	loggingexporter/logging_exporter.go:313	TracesExporter	{"#spans": 10000}
2021-02-25T14:32:43.164Z	INFO	loggingexporter/logging_exporter.go:313	TracesExporter	{"#spans": 10000}
2021-02-25T14:32:44.156Z	INFO	loggingexporter/logging_exporter.go:313	TracesExporter	{"#spans": 4022}
2021-02-25T14:32:44.356Z	INFO	loggingexporter/logging_exporter.go:313	TracesExporter	{"#spans": 8240}
2021-02-25T14:32:45.224Z	INFO	loggingexporter/logging_exporter.go:313	TracesExporter	{"#spans": 10000}
2021-02-25T14:32:45.413Z	INFO	loggingexporter/logging_exporter.go:313	TracesExporter	{"#spans": 10000}
2021-02-25T14:32:46.232Z	INFO	loggingexporter/logging_exporter.go:313	TracesExporter	{"#spans": 10000}
2021-02-25T14:32:46.335Z	INFO	loggingexporter/logging_exporter.go:313	TracesExporter	{"#spans": 10000}
2021-02-25T14:32:47.287Z	INFO	loggingexporter/logging_exporter.go:313	TracesExporter	{"#spans": 10000}
2021-02-25T14:32:47.421Z	INFO	loggingexporter/logging_exporter.go:313	TracesExporter	{"#spans": 10000}
2021-02-25T14:32:48.389Z	INFO	loggingexporter/logging_exporter.go:313	TracesExporter	{"#spans": 10000}
2021-02-25T14:32:48.565Z	INFO	loggingexporter/logging_exporter.go:313	TracesExporter	{"#spans": 10000}
2021-02-25T14:32:49.392Z	INFO	loggingexporter/logging_exporter.go:313	TracesExporter	{"#spans": 6066}
2021-02-25T14:32:49.534Z	INFO	loggingexporter/logging_exporter.go:313	TracesExporter	{"#spans": 10000}
2021-02-25T14:32:50.487Z	INFO	loggingexporter/logging_exporter.go:313	TracesExporter	{"#spans": 10000}
2021-02-25T14:32:50.647Z	INFO	loggingexporter/logging_exporter.go:313	TracesExporter	{"#spans": 10000}
2021-02-25T14:32:51.662Z	INFO	loggingexporter/logging_exporter.go:313	TracesExporter	{"#spans": 8028}
2021-02-25T14:32:51.862Z	INFO	loggingexporter/logging_exporter.go:313	TracesExporter	{"#spans": 4626}
2021-02-25T14:32:52.762Z	INFO	loggingexporter/logging_exporter.go:313	TracesExporter	{"#spans": 10000}
2021-02-25T14:32:52.881Z	INFO	loggingexporter/logging_exporter.go:313	TracesExporter	{"#spans": 10000}
2021-02-25T14:32:53.864Z	INFO	loggingexporter/logging_exporter.go:313	TracesExporter	{"#spans": 10000}
2021-02-25T14:32:54.017Z	INFO	loggingexporter/logging_exporter.go:313	TracesExporter	{"#spans": 10000}
2021-02-25T14:32:54.933Z	INFO	loggingexporter/logging_exporter.go:313	TracesExporter	{"#spans": 10000}
2021-02-25T14:32:55.091Z	INFO	loggingexporter/logging_exporter.go:313	TracesExporter	{"#spans": 10000}
2021-02-25T14:32:56.079Z	INFO	loggingexporter/logging_exporter.go:313	TracesExporter	{"#spans": 10000}
2021-02-25T14:32:56.214Z	INFO	loggingexporter/logging_exporter.go:313	TracesExporter	{"#spans": 10000}
2021-02-25T14:32:57.111Z	INFO	loggingexporter/logging_exporter.go:313	TracesExporter	{"#spans": 10000}
2021-02-25T14:32:57.311Z	INFO	loggingexporter/logging_exporter.go:313	TracesExporter	{"#spans": 9944}
2021-02-25T14:32:58.176Z	INFO	loggingexporter/logging_exporter.go:313	TracesExporter	{"#spans": 9568}
2021-02-25T14:32:58.266Z	INFO	loggingexporter/logging_exporter.go:313	TracesExporter	{"#spans": 10000}
2021-02-25T14:32:59.184Z	INFO	loggingexporter/logging_exporter.go:313	TracesExporter	{"#spans": 8420}
2021-02-25T14:32:59.384Z	INFO	loggingexporter/logging_exporter.go:313	TracesExporter	{"#spans": 3596}
2021-02-25T14:33:00.204Z	INFO	loggingexporter/logging_exporter.go:313	TracesExporter	{"#spans": 10000}
2021-02-25T14:33:00.396Z	INFO	loggingexporter/logging_exporter.go:313	TracesExporter	{"#spans": 10000}
2021-02-25T14:33:01.270Z	INFO	loggingexporter/logging_exporter.go:313	TracesExporter	{"#spans": 9584}
2021-02-25T14:33:01.380Z	INFO	loggingexporter/logging_exporter.go:313	TracesExporter	{"#spans": 10000}
2021-02-25T14:33:02.406Z	INFO	loggingexporter/logging_exporter.go:313	TracesExporter	{"#spans": 10000}
2021-02-25T14:33:02.529Z	INFO	loggingexporter/logging_exporter.go:313	TracesExporter	{"#spans": 10000}
2021-02-25T14:33:03.515Z	INFO	loggingexporter/logging_exporter.go:313	TracesExporter	{"#spans": 9918}
2021-02-25T14:33:03.639Z	INFO	loggingexporter/logging_exporter.go:313	TracesExporter	{"#spans": 10000}
2021-02-25T14:33:04.550Z	INFO	loggingexporter/logging_exporter.go:313	TracesExporter	{"#spans": 10000}
2021-02-25T14:33:04.740Z	INFO	loggingexporter/logging_exporter.go:313	TracesExporter	{"#spans": 10000}
2021-02-25T14:33:05.681Z	INFO	loggingexporter/logging_exporter.go:313	TracesExporter	{"#spans": 9154}
2021-02-25T14:33:05.869Z	INFO	loggingexporter/logging_exporter.go:313	TracesExporter	{"#spans": 10000}
2021-02-25T14:33:06.682Z	INFO	loggingexporter/logging_exporter.go:313	TracesExporter	{"#spans": 10000}
2021-02-25T14:33:06.814Z	INFO	loggingexporter/logging_exporter.go:313	TracesExporter	{"#spans": 10000}
2021-02-25T14:33:07.825Z	INFO	loggingexporter/logging_exporter.go:313	TracesExporter	{"#spans": 3258}
2021-02-25T14:33:08.032Z	INFO	loggingexporter/logging_exporter.go:313	TracesExporter	{"#spans": 4356}
2021-02-25T14:33:08.933Z	INFO	loggingexporter/logging_exporter.go:313	TracesExporter	{"#spans": 10000}
2021-02-25T14:33:09.048Z	INFO	loggingexporter/logging_exporter.go:313	TracesExporter	{"#spans": 10000}
2021-02-25T14:33:09.990Z	INFO	loggingexporter/logging_exporter.go:313	TracesExporter	{"#spans": 7610}
2021-02-25T14:33:10.191Z	INFO	loggingexporter/logging_exporter.go:313	TracesExporter	{"#spans": 5756}
2021-02-25T14:33:11.106Z	INFO	loggingexporter/logging_exporter.go:313	TracesExporter	{"#spans": 10000}
2021-02-25T14:33:11.271Z	INFO	loggingexporter/logging_exporter.go:313	TracesExporter	{"#spans": 10000}
2021-02-25T14:33:12.137Z	INFO	loggingexporter/logging_exporter.go:313	TracesExporter	{"#spans": 7364}
2021-02-25T14:33:12.337Z	INFO	loggingexporter/logging_exporter.go:313	TracesExporter	{"#spans": 2560}
2021-02-25T14:33:13.227Z	INFO	loggingexporter/logging_exporter.go:313	TracesExporter	{"#spans": 10000}
2021-02-25T14:33:13.377Z	INFO	loggingexporter/logging_exporter.go:313	TracesExporter	{"#spans": 10000}
2021-02-25T14:33:14.389Z	INFO	loggingexporter/logging_exporter.go:313	TracesExporter	{"#spans": 10000}
2021-02-25T14:33:14.518Z	INFO	loggingexporter/logging_exporter.go:313	TracesExporter	{"#spans": 10000}
2021-02-25T14:33:15.397Z	INFO	loggingexporter/logging_exporter.go:313	TracesExporter	{"#spans": 10000}
2021-02-25T14:33:15.598Z	INFO	loggingexporter/logging_exporter.go:313	TracesExporter	{"#spans": 9550}
2021-02-25T14:33:16.400Z	INFO	loggingexporter/logging_exporter.go:313	TracesExporter	{"#spans": 10000}
2021-02-25T14:33:16.555Z	INFO	loggingexporter/logging_exporter.go:313	TracesExporter	{"#spans": 10000}
2021-02-25T14:33:17.411Z	INFO	loggingexporter/logging_exporter.go:313	TracesExporter	{"#spans": 10000}
2021-02-25T14:33:17.611Z	INFO	loggingexporter/logging_exporter.go:313	TracesExporter	{"#spans": 9928}
2021-02-25T14:33:18.471Z	INFO	loggingexporter/logging_exporter.go:313	TracesExporter	{"#spans": 10000}
2021-02-25T14:33:18.562Z	INFO	loggingexporter/logging_exporter.go:313	TracesExporter	{"#spans": 10000}
2021-02-25T14:33:19.521Z	INFO	loggingexporter/logging_exporter.go:313	TracesExporter	{"#spans": 10000}
2021-02-25T14:33:19.721Z	INFO	loggingexporter/logging_exporter.go:313	TracesExporter	{"#spans": 8174}
2021-02-25T14:33:20.584Z	INFO	loggingexporter/logging_exporter.go:313	TracesExporter	{"#spans": 10000}
2021-02-25T14:33:20.752Z	INFO	loggingexporter/logging_exporter.go:313	TracesExporter	{"#spans": 10000}
2021-02-25T14:33:21.618Z	INFO	loggingexporter/logging_exporter.go:313	TracesExporter	{"#spans": 10000}
2021-02-25T14:33:21.711Z	INFO	loggingexporter/logging_exporter.go:313	TracesExporter	{"#spans": 10000}
2021-02-25T14:33:22.759Z	INFO	loggingexporter/logging_exporter.go:313	TracesExporter	{"#spans": 9168}
2021-02-25T14:33:22.906Z	INFO	loggingexporter/logging_exporter.go:313	TracesExporter	{"#spans": 10000}
2021-02-25T14:33:23.766Z	INFO	loggingexporter/logging_exporter.go:313	TracesExporter	{"#spans": 10000}
2021-02-25T14:33:23.840Z	INFO	loggingexporter/logging_exporter.go:313	TracesExporter	{"#spans": 10000}
2021-02-25T14:33:24.926Z	INFO	loggingexporter/logging_exporter.go:313	TracesExporter	{"#spans": 4096}
2021-02-25T14:33:25.061Z	INFO	loggingexporter/logging_exporter.go:313	TracesExporter	{"#spans": 10000}
2021-02-25T14:33:25.974Z	INFO	loggingexporter/logging_exporter.go:313	TracesExporter	{"#spans": 10000}
2021-02-25T14:33:26.119Z	INFO	loggingexporter/logging_exporter.go:313	TracesExporter	{"#spans": 10000}
2021-02-25T14:33:27.114Z	INFO	loggingexporter/logging_exporter.go:313	TracesExporter	{"#spans": 10000}
2021-02-25T14:33:27.255Z	INFO	loggingexporter/logging_exporter.go:313	TracesExporter	{"#spans": 10000}
2021-02-25T14:33:28.127Z	INFO	loggingexporter/logging_exporter.go:313	TracesExporter	{"#spans": 10000}
2021-02-25T14:33:28.209Z	INFO	loggingexporter/logging_exporter.go:313	TracesExporter	{"#spans": 10000}
2021-02-25T14:33:29.209Z	INFO	loggingexporter/logging_exporter.go:313	TracesExporter	{"#spans": 10000}
2021-02-25T14:33:29.353Z	INFO	loggingexporter/logging_exporter.go:313	TracesExporter	{"#spans": 10000}
2021-02-25T14:33:30.265Z	INFO	loggingexporter/logging_exporter.go:313	TracesExporter	{"#spans": 10000}
2021-02-25T14:33:30.461Z	INFO	loggingexporter/logging_exporter.go:313	TracesExporter	{"#spans": 10000}
2021-02-25T14:33:31.338Z	INFO	loggingexporter/logging_exporter.go:313	TracesExporter	{"#spans": 10000}
2021-02-25T14:33:31.419Z	INFO	loggingexporter/logging_exporter.go:313	TracesExporter	{"#spans": 10000}
2021-02-25T14:33:32.516Z	INFO	loggingexporter/logging_exporter.go:313	TracesExporter	{"#spans": 6460}
2021-02-25T14:33:32.643Z	INFO	loggingexporter/logging_exporter.go:313	TracesExporter	{"#spans": 10000}
2021-02-25T14:33:33.707Z	INFO	loggingexporter/logging_exporter.go:313	TracesExporter	{"#spans": 10000}
2021-02-25T14:33:33.804Z	INFO	loggingexporter/logging_exporter.go:313	TracesExporter	{"#spans": 10000}
2021-02-25T14:33:34.719Z	INFO	loggingexporter/logging_exporter.go:313	TracesExporter	{"#spans": 7378}
2021-02-25T14:33:34.919Z	INFO	loggingexporter/logging_exporter.go:313	TracesExporter	{"#spans": 7850}
2021-02-25T14:33:35.730Z	INFO	loggingexporter/logging_exporter.go:313	TracesExporter	{"#spans": 10000}
2021-02-25T14:33:35.851Z	INFO	loggingexporter/logging_exporter.go:313	TracesExporter	{"#spans": 10000}
2021-02-25T14:33:36.757Z	INFO	loggingexporter/logging_exporter.go:313	TracesExporter	{"#spans": 10000}
2021-02-25T14:33:36.887Z	INFO	loggingexporter/logging_exporter.go:313	TracesExporter	{"#spans": 10000}
2021-02-25T14:33:37.782Z	INFO	loggingexporter/logging_exporter.go:313	TracesExporter	{"#spans": 10000}
2021-02-25T14:33:37.970Z	INFO	loggingexporter/logging_exporter.go:313	TracesExporter	{"#spans": 10000}
2021-02-25T14:33:38.791Z	INFO	loggingexporter/logging_exporter.go:313	TracesExporter	{"#spans": 10000}
2021-02-25T14:33:38.919Z	INFO	loggingexporter/logging_exporter.go:313	TracesExporter	{"#spans": 10000}
2021-02-25T14:33:39.835Z	INFO	loggingexporter/logging_exporter.go:313	TracesExporter	{"#spans": 8696}
2021-02-25T14:33:39.995Z	INFO	loggingexporter/logging_exporter.go:313	TracesExporter	{"#spans": 10000}
2021-02-25T14:33:40.908Z	INFO	loggingexporter/logging_exporter.go:313	TracesExporter	{"#spans": 10000}
2021-02-25T14:33:41.027Z	INFO	loggingexporter/logging_exporter.go:313	TracesExporter	{"#spans": 10000}
2021-02-25T14:33:41.954Z	INFO	loggingexporter/logging_exporter.go:313	TracesExporter	{"#spans": 9546}
2021-02-25T14:33:42.087Z	INFO	loggingexporter/logging_exporter.go:313	TracesExporter	{"#spans": 10000}
2021-02-25T14:33:42.994Z	INFO	loggingexporter/logging_exporter.go:313	TracesExporter	{"#spans": 10000}
2021-02-25T14:33:43.191Z	INFO	loggingexporter/logging_exporter.go:313	TracesExporter	{"#spans": 10000}
2021-02-25T14:33:44.163Z	INFO	loggingexporter/logging_exporter.go:313	TracesExporter	{"#spans": 6052}
2021-02-25T14:33:44.363Z	INFO	loggingexporter/logging_exporter.go:313	TracesExporter	{"#spans": 4100}
2021-02-25T14:33:45.246Z	INFO	loggingexporter/logging_exporter.go:313	TracesExporter	{"#spans": 10000}
2021-02-25T14:33:45.378Z	INFO	loggingexporter/logging_exporter.go:313	TracesExporter	{"#spans": 10000}
2021-02-25T14:33:46.265Z	INFO	loggingexporter/logging_exporter.go:313	TracesExporter	{"#spans": 10000}
2021-02-25T14:33:46.436Z	INFO	loggingexporter/logging_exporter.go:313	TracesExporter	{"#spans": 10000}
2021-02-25T14:33:47.314Z	INFO	loggingexporter/logging_exporter.go:313	TracesExporter	{"#spans": 10000}
2021-02-25T14:33:47.475Z	INFO	loggingexporter/logging_exporter.go:313	TracesExporter	{"#spans": 10000}
2021-02-25T14:33:48.425Z	INFO	loggingexporter/logging_exporter.go:313	TracesExporter	{"#spans": 10000}
2021-02-25T14:33:48.535Z	INFO	loggingexporter/logging_exporter.go:313	TracesExporter	{"#spans": 10000}
2021-02-25T14:33:49.523Z	INFO	loggingexporter/logging_exporter.go:313	TracesExporter	{"#spans": 10000}
2021-02-25T14:33:49.723Z	INFO	loggingexporter/logging_exporter.go:313	TracesExporter	{"#spans": 4474}
2021-02-25T14:33:50.646Z	INFO	loggingexporter/logging_exporter.go:313	TracesExporter	{"#spans": 10000}
2021-02-25T14:33:50.814Z	INFO	loggingexporter/logging_exporter.go:313	TracesExporter	{"#spans": 10000}
2021-02-25T14:33:51.647Z	INFO	loggingexporter/logging_exporter.go:313	TracesExporter	{"#spans": 10000}
2021-02-25T14:33:51.742Z	INFO	loggingexporter/logging_exporter.go:313	TracesExporter	{"#spans": 10000}
2021-02-25T14:33:52.779Z	INFO	loggingexporter/logging_exporter.go:313	TracesExporter	{"#spans": 10000}
2021-02-25T14:33:52.893Z	INFO	loggingexporter/logging_exporter.go:313	TracesExporter	{"#spans": 10000}
2021-02-25T14:33:53.904Z	INFO	loggingexporter/logging_exporter.go:313	TracesExporter	{"#spans": 10000}
2021-02-25T14:33:54.051Z	INFO	loggingexporter/logging_exporter.go:313	TracesExporter	{"#spans": 10000}
2021-02-25T14:33:55.064Z	INFO	loggingexporter/logging_exporter.go:313	TracesExporter	{"#spans": 9938}
2021-02-25T14:33:55.211Z	INFO	loggingexporter/logging_exporter.go:313	TracesExporter	{"#spans": 10000}
2021-02-25T14:33:56.125Z	INFO	loggingexporter/logging_exporter.go:313	TracesExporter	{"#spans": 10000}
2021-02-25T14:33:56.226Z	INFO	loggingexporter/logging_exporter.go:313	TracesExporter	{"#spans": 10000}
2021-02-25T14:33:57.150Z	INFO	loggingexporter/logging_exporter.go:313	TracesExporter	{"#spans": 1536}
2021-02-25T14:33:57.350Z	INFO	loggingexporter/logging_exporter.go:313	TracesExporter	{"#spans": 2048}
2021-02-25T14:33:58.222Z	INFO	loggingexporter/logging_exporter.go:313	TracesExporter	{"#spans": 10000}
2021-02-25T14:33:58.334Z	INFO	loggingexporter/logging_exporter.go:313	TracesExporter	{"#spans": 10000}
2021-02-25T14:33:59.350Z	INFO	loggingexporter/logging_exporter.go:313	TracesExporter	{"#spans": 10000}
2021-02-25T14:33:59.461Z	INFO	loggingexporter/logging_exporter.go:313	TracesExporter	{"#spans": 10000}
2021-02-25T14:34:00.520Z	INFO	loggingexporter/logging_exporter.go:313	TracesExporter	{"#spans": 10000}
2021-02-25T14:34:00.645Z	INFO	loggingexporter/logging_exporter.go:313	TracesExporter	{"#spans": 10000}
2021-02-25T14:34:01.684Z	INFO	loggingexporter/logging_exporter.go:313	TracesExporter	{"#spans": 8288}
2021-02-25T14:34:01.885Z	INFO	loggingexporter/logging_exporter.go:313	TracesExporter	{"#spans": 4252}
2021-02-25T14:34:02.735Z	INFO	loggingexporter/logging_exporter.go:313	TracesExporter	{"#spans": 10000}
2021-02-25T14:34:02.935Z	INFO	loggingexporter/logging_exporter.go:313	TracesExporter	{"#spans": 9316}
2021-02-25T14:34:03.776Z	INFO	loggingexporter/logging_exporter.go:313	TracesExporter	{"#spans": 10000}
2021-02-25T14:34:03.886Z	INFO	loggingexporter/logging_exporter.go:313	TracesExporter	{"#spans": 10000}
2021-02-25T14:34:04.810Z	INFO	loggingexporter/logging_exporter.go:313	TracesExporter	{"#spans": 10000}
2021-02-25T14:34:04.963Z	INFO	loggingexporter/logging_exporter.go:313	TracesExporter	{"#spans": 10000}
2021-02-25T14:34:05.904Z	INFO	loggingexporter/logging_exporter.go:313	TracesExporter	{"#spans": 10000}
2021-02-25T14:34:06.104Z	INFO	loggingexporter/logging_exporter.go:313	TracesExporter	{"#spans": 9850}
2021-02-25T14:34:06.916Z	INFO	loggingexporter/logging_exporter.go:313	TracesExporter	{"#spans": 10000}
2021-02-25T14:34:07.106Z	INFO	loggingexporter/logging_exporter.go:313	TracesExporter	{"#spans": 10000}
2021-02-25T14:34:07.989Z	INFO	loggingexporter/logging_exporter.go:313	TracesExporter	{"#spans": 10000}
2021-02-25T14:34:08.180Z	INFO	loggingexporter/logging_exporter.go:313	TracesExporter	{"#spans": 10000}
2021-02-25T14:34:09.061Z	INFO	loggingexporter/logging_exporter.go:313	TracesExporter	{"#spans": 10001}
2021-02-25T14:34:09.235Z	INFO	loggingexporter/logging_exporter.go:313	TracesExporter	{"#spans": 10000}
2021-02-25T14:34:10.143Z	INFO	loggingexporter/logging_exporter.go:313	TracesExporter	{"#spans": 10000}
2021-02-25T14:34:10.297Z	INFO	loggingexporter/logging_exporter.go:313	TracesExporter	{"#spans": 10000}
2021-02-25T14:34:11.234Z	INFO	loggingexporter/logging_exporter.go:313	TracesExporter	{"#spans": 10000}
2021-02-25T14:34:11.378Z	INFO	loggingexporter/logging_exporter.go:313	TracesExporter	{"#spans": 10000}
2021-02-25T14:34:12.392Z	INFO	loggingexporter/logging_exporter.go:313	TracesExporter	{"#spans": 10000}
2021-02-25T14:34:12.531Z	INFO	loggingexporter/logging_exporter.go:313	TracesExporter	{"#spans": 10000}
2021-02-25T14:34:13.436Z	INFO	loggingexporter/logging_exporter.go:313	TracesExporter	{"#spans": 10000}
2021-02-25T14:34:13.557Z	INFO	loggingexporter/logging_exporter.go:313	TracesExporter	{"#spans": 10000}
2021-02-25T14:34:14.612Z	INFO	loggingexporter/logging_exporter.go:313	TracesExporter	{"#spans": 2560}
2021-02-25T14:34:14.812Z	INFO	loggingexporter/logging_exporter.go:313	TracesExporter	{"#spans": 4096}
2021-02-25T14:34:15.614Z	INFO	loggingexporter/logging_exporter.go:313	TracesExporter	{"#spans": 10000}
2021-02-25T14:34:15.779Z	INFO	loggingexporter/logging_exporter.go:313	TracesExporter	{"#spans": 10000}
2021-02-25T14:34:16.703Z	INFO	loggingexporter/logging_exporter.go:313	TracesExporter	{"#spans": 10001}
2021-02-25T14:34:16.889Z	INFO	loggingexporter/logging_exporter.go:313	TracesExporter	{"#spans": 10001}
2021-02-25T14:34:17.835Z	INFO	loggingexporter/logging_exporter.go:313	TracesExporter	{"#spans": 10000}
2021-02-25T14:34:18.018Z	INFO	loggingexporter/logging_exporter.go:313	TracesExporter	{"#spans": 10000}
2021-02-25T14:34:18.854Z	INFO	loggingexporter/logging_exporter.go:313	TracesExporter	{"#spans": 10000}
2021-02-25T14:34:19.014Z	INFO	loggingexporter/logging_exporter.go:313	TracesExporter	{"#spans": 10000}
2021-02-25T14:34:19.861Z	INFO	loggingexporter/logging_exporter.go:313	TracesExporter	{"#spans": 7168}
2021-02-25T14:34:20.062Z	INFO	loggingexporter/logging_exporter.go:313	TracesExporter	{"#spans": 8192}
2021-02-25T14:34:20.880Z	INFO	loggingexporter/logging_exporter.go:313	TracesExporter	{"#spans": 8912}
2021-02-25T14:34:21.008Z	INFO	loggingexporter/logging_exporter.go:313	TracesExporter	{"#spans": 10000}
2021-02-25T14:34:21.884Z	INFO	loggingexporter/logging_exporter.go:313	TracesExporter	{"#spans": 10000}
2021-02-25T14:34:22.054Z	INFO	loggingexporter/logging_exporter.go:313	TracesExporter	{"#spans": 10000}
2021-02-25T14:34:22.889Z	INFO	loggingexporter/logging_exporter.go:313	TracesExporter	{"#spans": 10000}
2021-02-25T14:34:23.024Z	INFO	loggingexporter/logging_exporter.go:313	TracesExporter	{"#spans": 10000}
2021-02-25T14:34:23.944Z	INFO	loggingexporter/logging_exporter.go:313	TracesExporter	{"#spans": 10000}
2021-02-25T14:34:24.145Z	INFO	loggingexporter/logging_exporter.go:313	TracesExporter	{"#spans": 9198}
2021-02-25T14:34:24.987Z	INFO	loggingexporter/logging_exporter.go:313	TracesExporter	{"#spans": 10000}
2021-02-25T14:34:25.099Z	INFO	loggingexporter/logging_exporter.go:313	TracesExporter	{"#spans": 10000}
2021-02-25T14:34:26.096Z	INFO	loggingexporter/logging_exporter.go:313	TracesExporter	{"#spans": 3072}
2021-02-25T14:34:26.282Z	INFO	loggingexporter/logging_exporter.go:313	TracesExporter	{"#spans": 10000}
2021-02-25T14:34:27.159Z	INFO	loggingexporter/logging_exporter.go:313	TracesExporter	{"#spans": 10000}
2021-02-25T14:34:27.342Z	INFO	loggingexporter/logging_exporter.go:313	TracesExporter	{"#spans": 10000}
2021-02-25T14:34:28.255Z	INFO	loggingexporter/logging_exporter.go:313	TracesExporter	{"#spans": 9490}
2021-02-25T14:34:28.451Z	INFO	loggingexporter/logging_exporter.go:313	TracesExporter	{"#spans": 10000}
2021-02-25T14:34:29.258Z	INFO	loggingexporter/logging_exporter.go:313	TracesExporter	{"#spans": 10000}
2021-02-25T14:34:29.411Z	INFO	loggingexporter/logging_exporter.go:313	TracesExporter	{"#spans": 10000}
2021-02-25T14:34:30.376Z	INFO	loggingexporter/logging_exporter.go:313	TracesExporter	{"#spans": 4144}
2021-02-25T14:34:30.577Z	INFO	loggingexporter/logging_exporter.go:313	TracesExporter	{"#spans": 2048}
2021-02-25T14:34:31.491Z	INFO	loggingexporter/logging_exporter.go:313	TracesExporter	{"#spans": 10000}
2021-02-25T14:34:31.612Z	INFO	loggingexporter/logging_exporter.go:313	TracesExporter	{"#spans": 10000}
2021-02-25T14:34:32.559Z	INFO	loggingexporter/logging_exporter.go:313	TracesExporter	{"#spans": 10000}
2021-02-25T14:34:32.677Z	INFO	loggingexporter/logging_exporter.go:313	TracesExporter	{"#spans": 10000}
2021-02-25T14:34:33.756Z	INFO	loggingexporter/logging_exporter.go:313	TracesExporter	{"#spans": 9484}
2021-02-25T14:34:33.882Z	INFO	loggingexporter/logging_exporter.go:313	TracesExporter	{"#spans": 10000}
2021-02-25T14:34:34.829Z	INFO	loggingexporter/logging_exporter.go:313	TracesExporter	{"#spans": 10000}
2021-02-25T14:34:35.000Z	INFO	loggingexporter/logging_exporter.go:313	TracesExporter	{"#spans": 10000}
2021-02-25T14:34:35.930Z	INFO	loggingexporter/logging_exporter.go:313	TracesExporter	{"#spans": 10000}
2021-02-25T14:34:36.121Z	INFO	loggingexporter/logging_exporter.go:313	TracesExporter	{"#spans": 10000}
2021-02-25T14:34:36.960Z	INFO	loggingexporter/logging_exporter.go:313	TracesExporter	{"#spans": 10000}
2021-02-25T14:34:37.103Z	INFO	loggingexporter/logging_exporter.go:313	TracesExporter	{"#spans": 10000}
2021-02-25T14:34:38.037Z	INFO	loggingexporter/logging_exporter.go:313	TracesExporter	{"#spans": 4140}
2021-02-25T14:34:38.237Z	INFO	loggingexporter/logging_exporter.go:313	TracesExporter	{"#spans": 5100}
2021-02-25T14:34:39.104Z	INFO	loggingexporter/logging_exporter.go:313	TracesExporter	{"#spans": 10000}
2021-02-25T14:34:39.292Z	INFO	loggingexporter/logging_exporter.go:313	TracesExporter	{"#spans": 10000}
2021-02-25T14:34:40.160Z	INFO	loggingexporter/logging_exporter.go:313	TracesExporter	{"#spans": 10000}
2021-02-25T14:34:40.278Z	INFO	loggingexporter/logging_exporter.go:313	TracesExporter	{"#spans": 10000}
2021-02-25T14:34:41.278Z	INFO	loggingexporter/logging_exporter.go:313	TracesExporter	{"#spans": 10000}
2021-02-25T14:34:41.412Z	INFO	loggingexporter/logging_exporter.go:313	TracesExporter	{"#spans": 10000}
2021-02-25T14:34:42.337Z	INFO	loggingexporter/logging_exporter.go:313	TracesExporter	{"#spans": 10000}
2021-02-25T14:34:42.538Z	INFO	loggingexporter/logging_exporter.go:313	TracesExporter	{"#spans": 8866}
2021-02-25T14:34:43.395Z	INFO	loggingexporter/logging_exporter.go:313	TracesExporter	{"#spans": 10000}
2021-02-25T14:34:43.538Z	INFO	loggingexporter/logging_exporter.go:313	TracesExporter	{"#spans": 10000}
2021-02-25T14:34:44.403Z	INFO	loggingexporter/logging_exporter.go:313	TracesExporter	{"#spans": 2048}
2021-02-25T14:34:44.603Z	INFO	loggingexporter/logging_exporter.go:313	TracesExporter	{"#spans": 2560}
2021-02-25T14:34:45.459Z	INFO	loggingexporter/logging_exporter.go:313	TracesExporter	{"#spans": 10000}
2021-02-25T14:34:45.582Z	INFO	loggingexporter/logging_exporter.go:313	TracesExporter	{"#spans": 10000}
2021-02-25T14:34:46.611Z	INFO	loggingexporter/logging_exporter.go:313	TracesExporter	{"#spans": 10000}
2021-02-25T14:34:46.758Z	INFO	loggingexporter/logging_exporter.go:313	TracesExporter	{"#spans": 10000}
2021-02-25T14:34:47.622Z	INFO	loggingexporter/logging_exporter.go:313	TracesExporter	{"#spans": 10000}
2021-02-25T14:34:47.812Z	INFO	loggingexporter/logging_exporter.go:313	TracesExporter	{"#spans": 10000}
2021-02-25T14:34:48.770Z	INFO	loggingexporter/logging_exporter.go:313	TracesExporter	{"#spans": 10000}
2021-02-25T14:34:48.853Z	INFO	loggingexporter/logging_exporter.go:313	TracesExporter	{"#spans": 10000}
2021-02-25T14:34:49.815Z	INFO	loggingexporter/logging_exporter.go:313	TracesExporter	{"#spans": 4096}
2021-02-25T14:34:50.016Z	INFO	loggingexporter/logging_exporter.go:313	TracesExporter	{"#spans": 3584}
2021-02-25T14:34:50.822Z	INFO	loggingexporter/logging_exporter.go:313	TracesExporter	{"#spans": 10000}
2021-02-25T14:34:50.992Z	INFO	loggingexporter/logging_exporter.go:313	TracesExporter	{"#spans": 10000}
2021-02-25T14:34:51.876Z	INFO	loggingexporter/logging_exporter.go:313	TracesExporter	{"#spans": 10000}
2021-02-25T14:34:52.013Z	INFO	loggingexporter/logging_exporter.go:313	TracesExporter	{"#spans": 10000}
2021-02-25T14:34:52.894Z	INFO	loggingexporter/logging_exporter.go:313	TracesExporter	{"#spans": 10000}
2021-02-25T14:34:52.989Z	INFO	loggingexporter/logging_exporter.go:313	TracesExporter	{"#spans": 10000}
2021-02-25T14:34:53.933Z	INFO	loggingexporter/logging_exporter.go:313	TracesExporter	{"#spans": 2560}
2021-02-25T14:34:54.134Z	INFO	loggingexporter/logging_exporter.go:313	TracesExporter	{"#spans": 2048}
2021-02-25T14:34:55.001Z	INFO	loggingexporter/logging_exporter.go:313	TracesExporter	{"#spans": 10000}
2021-02-25T14:34:55.132Z	INFO	loggingexporter/logging_exporter.go:313	TracesExporter	{"#spans": 10000}
2021-02-25T14:34:56.036Z	INFO	loggingexporter/logging_exporter.go:313	TracesExporter	{"#spans": 10000}
2021-02-25T14:34:56.171Z	INFO	loggingexporter/logging_exporter.go:313	TracesExporter	{"#spans": 10000}
2021-02-25T14:34:57.129Z	INFO	loggingexporter/logging_exporter.go:313	TracesExporter	{"#spans": 10000}
2021-02-25T14:34:57.330Z	INFO	loggingexporter/logging_exporter.go:313	TracesExporter	{"#spans": 8316}
2021-02-25T14:34:58.155Z	INFO	loggingexporter/logging_exporter.go:313	TracesExporter	{"#spans": 10000}
2021-02-25T14:34:58.295Z	INFO	loggingexporter/logging_exporter.go:313	TracesExporter	{"#spans": 10000}
2021-02-25T14:34:59.192Z	INFO	loggingexporter/logging_exporter.go:313	TracesExporter	{"#spans": 8194}
2021-02-25T14:34:59.393Z	INFO	loggingexporter/logging_exporter.go:313	TracesExporter	{"#spans": 4094}
2021-02-25T14:35:00.303Z	INFO	loggingexporter/logging_exporter.go:313	TracesExporter	{"#spans": 10000}
2021-02-25T14:35:00.405Z	INFO	loggingexporter/logging_exporter.go:313	TracesExporter	{"#spans": 10000}
2021-02-25T14:35:01.314Z	INFO	loggingexporter/logging_exporter.go:313	TracesExporter	{"#spans": 10000}
2021-02-25T14:35:01.454Z	INFO	loggingexporter/logging_exporter.go:313	TracesExporter	{"#spans": 10000}
2021-02-25T14:35:02.362Z	INFO	loggingexporter/logging_exporter.go:313	TracesExporter	{"#spans": 10000}
2021-02-25T14:35:02.550Z	INFO	loggingexporter/logging_exporter.go:313	TracesExporter	{"#spans": 10000}
2021-02-25T14:35:03.365Z	INFO	loggingexporter/logging_exporter.go:313	TracesExporter	{"#spans": 10000}
2021-02-25T14:35:03.506Z	INFO	loggingexporter/logging_exporter.go:313	TracesExporter	{"#spans": 10000}
2021-02-25T14:35:04.480Z	INFO	loggingexporter/logging_exporter.go:313	TracesExporter	{"#spans": 10000}
2021-02-25T14:35:04.673Z	INFO	loggingexporter/logging_exporter.go:313	TracesExporter	{"#spans": 10000}
2021-02-25T14:35:05.523Z	INFO	loggingexporter/logging_exporter.go:313	TracesExporter	{"#spans": 10000}
2021-02-25T14:35:05.641Z	INFO	loggingexporter/logging_exporter.go:313	TracesExporter	{"#spans": 10000}
2021-02-25T14:35:06.726Z	INFO	loggingexporter/logging_exporter.go:313	TracesExporter	{"#spans": 3200}
2021-02-25T14:35:06.892Z	INFO	loggingexporter/logging_exporter.go:313	TracesExporter	{"#spans": 10000}
2021-02-25T14:35:07.741Z	INFO	loggingexporter/logging_exporter.go:313	TracesExporter	{"#spans": 10000}
2021-02-25T14:35:07.890Z	INFO	loggingexporter/logging_exporter.go:313	TracesExporter	{"#spans": 10000}
2021-02-25T14:35:08.850Z	INFO	loggingexporter/logging_exporter.go:313	TracesExporter	{"#spans": 8624}
2021-02-25T14:35:09.050Z	INFO	loggingexporter/logging_exporter.go:313	TracesExporter	{"#spans": 7464}
2021-02-25T14:35:09.976Z	INFO	loggingexporter/logging_exporter.go:313	TracesExporter	{"#spans": 10000}
2021-02-25T14:35:10.074Z	INFO	loggingexporter/logging_exporter.go:313	TracesExporter	{"#spans": 10000}
2021-02-25T14:35:11.025Z	INFO	loggingexporter/logging_exporter.go:313	TracesExporter	{"#spans": 10000}
2021-02-25T14:35:11.226Z	INFO	loggingexporter/logging_exporter.go:313	TracesExporter	{"#spans": 4088}
2021-02-25T14:35:12.128Z	INFO	loggingexporter/logging_exporter.go:313	TracesExporter	{"#spans": 10000}
2021-02-25T14:35:12.274Z	INFO	loggingexporter/logging_exporter.go:313	TracesExporter	{"#spans": 10000}
2021-02-25T14:35:13.133Z	INFO	loggingexporter/logging_exporter.go:313	TracesExporter	{"#spans": 10000}
2021-02-25T14:35:13.248Z	INFO	loggingexporter/logging_exporter.go:313	TracesExporter	{"#spans": 10000}
2021-02-25T14:35:14.232Z	INFO	loggingexporter/logging_exporter.go:313	TracesExporter	{"#spans": 10000}
2021-02-25T14:35:14.369Z	INFO	loggingexporter/logging_exporter.go:313	TracesExporter	{"#spans": 10000}
2021-02-25T14:35:15.343Z	INFO	loggingexporter/logging_exporter.go:313	TracesExporter	{"#spans": 10000}
2021-02-25T14:35:15.512Z	INFO	loggingexporter/logging_exporter.go:313	TracesExporter	{"#spans": 10000}
2021-02-25T14:35:16.381Z	INFO	loggingexporter/logging_exporter.go:313	TracesExporter	{"#spans": 10000}
2021-02-25T14:35:16.574Z	INFO	loggingexporter/logging_exporter.go:313	TracesExporter	{"#spans": 10000}
2021-02-25T14:35:17.529Z	INFO	loggingexporter/logging_exporter.go:313	TracesExporter	{"#spans": 10000}
2021-02-25T14:35:17.627Z	INFO	loggingexporter/logging_exporter.go:313	TracesExporter	{"#spans": 10000}
2021-02-25T14:35:18.701Z	INFO	loggingexporter/logging_exporter.go:313	TracesExporter	{"#spans": 8672}
2021-02-25T14:35:18.901Z	INFO	loggingexporter/logging_exporter.go:313	TracesExporter	{"#spans": 3998}
2021-02-25T14:35:19.784Z	INFO	loggingexporter/logging_exporter.go:313	TracesExporter	{"#spans": 9510}
2021-02-25T14:35:19.915Z	INFO	loggingexporter/logging_exporter.go:313	TracesExporter	{"#spans": 10000}
2021-02-25T14:35:20.787Z	INFO	loggingexporter/logging_exporter.go:313	TracesExporter	{"#spans": 10000}
2021-02-25T14:35:20.987Z	INFO	loggingexporter/logging_exporter.go:313	TracesExporter	{"#spans": 6928}
2021-02-25T14:35:21.887Z	INFO	loggingexporter/logging_exporter.go:313	TracesExporter	{"#spans": 10000}
2021-02-25T14:35:22.009Z	INFO	loggingexporter/logging_exporter.go:313	TracesExporter	{"#spans": 10000}
2021-02-25T14:35:22.906Z	INFO	loggingexporter/logging_exporter.go:313	TracesExporter	{"#spans": 10000}
2021-02-25T14:35:23.039Z	INFO	loggingexporter/logging_exporter.go:313	TracesExporter	{"#spans": 10000}
2021-02-25T14:35:24.031Z	INFO	loggingexporter/logging_exporter.go:313	TracesExporter	{"#spans": 9034}
2021-02-25T14:35:24.164Z	INFO	loggingexporter/logging_exporter.go:313	TracesExporter	{"#spans": 10000}
2021-02-25T14:35:25.179Z	INFO	loggingexporter/logging_exporter.go:313	TracesExporter	{"#spans": 10000}
2021-02-25T14:35:25.342Z	INFO	loggingexporter/logging_exporter.go:313	TracesExporter	{"#spans": 10000}
2021-02-25T14:35:26.362Z	INFO	loggingexporter/logging_exporter.go:313	TracesExporter	{"#spans": 10000}
2021-02-25T14:35:26.493Z	INFO	loggingexporter/logging_exporter.go:313	TracesExporter	{"#spans": 10000}
2021-02-25T14:35:27.382Z	INFO	loggingexporter/logging_exporter.go:313	TracesExporter	{"#spans": 10000}
2021-02-25T14:35:27.576Z	INFO	loggingexporter/logging_exporter.go:313	TracesExporter	{"#spans": 10000}
2021-02-25T14:35:28.404Z	INFO	loggingexporter/logging_exporter.go:313	TracesExporter	{"#spans": 10000}
2021-02-25T14:35:28.548Z	INFO	loggingexporter/logging_exporter.go:313	TracesExporter	{"#spans": 10000}
2021-02-25T14:35:29.606Z	INFO	loggingexporter/logging_exporter.go:313	TracesExporter	{"#spans": 8758}
2021-02-25T14:35:29.760Z	INFO	loggingexporter/logging_exporter.go:313	TracesExporter	{"#spans": 10000}
2021-02-25T14:35:30.641Z	INFO	loggingexporter/logging_exporter.go:313	TracesExporter	{"#spans": 10000}
2021-02-25T14:35:30.789Z	INFO	loggingexporter/logging_exporter.go:313	TracesExporter	{"#spans": 10000}
2021-02-25T14:35:31.651Z	INFO	loggingexporter/logging_exporter.go:313	TracesExporter	{"#spans": 10000}
2021-02-25T14:35:31.768Z	INFO	loggingexporter/logging_exporter.go:313	TracesExporter	{"#spans": 10000}
2021-02-25T14:35:32.667Z	INFO	loggingexporter/logging_exporter.go:313	TracesExporter	{"#spans": 10000}
2021-02-25T14:35:32.836Z	INFO	loggingexporter/logging_exporter.go:313	TracesExporter	{"#spans": 10000}
2021-02-25T14:35:33.751Z	INFO	loggingexporter/logging_exporter.go:313	TracesExporter	{"#spans": 10000}
2021-02-25T14:35:33.953Z	INFO	loggingexporter/logging_exporter.go:313	TracesExporter	{"#spans": 7074}
2021-02-25T14:35:34.893Z	INFO	loggingexporter/logging_exporter.go:313	TracesExporter	{"#spans": 10000}
2021-02-25T14:35:35.032Z	INFO	loggingexporter/logging_exporter.go:313	TracesExporter	{"#spans": 10000}
2021-02-25T14:35:36.055Z	INFO	loggingexporter/logging_exporter.go:313	TracesExporter	{"#spans": 10000}
2021-02-25T14:35:36.185Z	INFO	loggingexporter/logging_exporter.go:313	TracesExporter	{"#spans": 10000}
2021-02-25T14:35:37.211Z	INFO	loggingexporter/logging_exporter.go:313	TracesExporter	{"#spans": 10000}
2021-02-25T14:35:37.336Z	INFO	loggingexporter/logging_exporter.go:313	TracesExporter	{"#spans": 10000}
2021-02-25T14:35:38.328Z	INFO	loggingexporter/logging_exporter.go:313	TracesExporter	{"#spans": 10000}
2021-02-25T14:35:38.528Z	INFO	loggingexporter/logging_exporter.go:313	TracesExporter	{"#spans": 9312}
2021-02-25T14:35:39.362Z	INFO	loggingexporter/logging_exporter.go:313	TracesExporter	{"#spans": 10000}
2021-02-25T14:35:39.514Z	INFO	loggingexporter/logging_exporter.go:313	TracesExporter	{"#spans": 10000}
2021-02-25T14:35:40.426Z	INFO	loggingexporter/logging_exporter.go:313	TracesExporter	{"#spans": 10000}
2021-02-25T14:35:40.563Z	INFO	loggingexporter/logging_exporter.go:313	TracesExporter	{"#spans": 10000}
2021-02-25T14:35:41.454Z	INFO	loggingexporter/logging_exporter.go:313	TracesExporter	{"#spans": 10000}
2021-02-25T14:35:41.528Z	INFO	loggingexporter/logging_exporter.go:313	TracesExporter	{"#spans": 10000}
2021-02-25T14:35:42.538Z	INFO	loggingexporter/logging_exporter.go:313	TracesExporter	{"#spans": 3072}
2021-02-25T14:35:42.738Z	INFO	loggingexporter/logging_exporter.go:313	TracesExporter	{"#spans": 6782}
2021-02-25T14:35:43.662Z	INFO	loggingexporter/logging_exporter.go:313	TracesExporter	{"#spans": 10000}
2021-02-25T14:35:43.839Z	INFO	loggingexporter/logging_exporter.go:313	TracesExporter	{"#spans": 10000}
2021-02-25T14:35:44.760Z	INFO	loggingexporter/logging_exporter.go:313	TracesExporter	{"#spans": 10001}
2021-02-25T14:35:44.960Z	INFO	loggingexporter/logging_exporter.go:313	TracesExporter	{"#spans": 8139}
2021-02-25T14:35:45.776Z	INFO	loggingexporter/logging_exporter.go:313	TracesExporter	{"#spans": 10000}
2021-02-25T14:35:45.875Z	INFO	loggingexporter/logging_exporter.go:313	TracesExporter	{"#spans": 10000}
2021-02-25T14:35:46.854Z	INFO	loggingexporter/logging_exporter.go:313	TracesExporter	{"#spans": 10000}
2021-02-25T14:35:47.007Z	INFO	loggingexporter/logging_exporter.go:313	TracesExporter	{"#spans": 10000}
2021-02-25T14:35:47.920Z	INFO	loggingexporter/logging_exporter.go:313	TracesExporter	{"#spans": 10000}
2021-02-25T14:35:48.035Z	INFO	loggingexporter/logging_exporter.go:313	TracesExporter	{"#spans": 10000}
2021-02-25T14:35:48.985Z	INFO	loggingexporter/logging_exporter.go:313	TracesExporter	{"#spans": 10000}
2021-02-25T14:35:49.122Z	INFO	loggingexporter/logging_exporter.go:313	TracesExporter	{"#spans": 10000}
2021-02-25T14:35:50.102Z	INFO	loggingexporter/logging_exporter.go:313	TracesExporter	{"#spans": 4730}
2021-02-25T14:35:50.303Z	INFO	loggingexporter/logging_exporter.go:313	TracesExporter	{"#spans": 7310}
2021-02-25T14:35:51.220Z	INFO	loggingexporter/logging_exporter.go:313	TracesExporter	{"#spans": 10000}
2021-02-25T14:35:51.414Z	INFO	loggingexporter/logging_exporter.go:313	TracesExporter	{"#spans": 10000}
2021-02-25T14:35:52.358Z	INFO	loggingexporter/logging_exporter.go:313	TracesExporter	{"#spans": 10000}
2021-02-25T14:35:52.558Z	INFO	loggingexporter/logging_exporter.go:313	TracesExporter	{"#spans": 5048}
2021-02-25T14:35:53.359Z	INFO	loggingexporter/logging_exporter.go:313	TracesExporter	{"#spans": 9928}
2021-02-25T14:35:53.466Z	INFO	loggingexporter/logging_exporter.go:313	TracesExporter	{"#spans": 10000}
2021-02-25T14:35:54.507Z	INFO	loggingexporter/logging_exporter.go:313	TracesExporter	{"#spans": 10000}
2021-02-25T14:35:54.666Z	INFO	loggingexporter/logging_exporter.go:313	TracesExporter	{"#spans": 10000}
2021-02-25T14:35:55.522Z	INFO	loggingexporter/logging_exporter.go:313	TracesExporter	{"#spans": 9728}
2021-02-25T14:35:55.711Z	INFO	loggingexporter/logging_exporter.go:313	TracesExporter	{"#spans": 10000}
2021-02-25T14:35:56.582Z	INFO	loggingexporter/logging_exporter.go:313	TracesExporter	{"#spans": 10000}
2021-02-25T14:35:56.725Z	INFO	loggingexporter/logging_exporter.go:313	TracesExporter	{"#spans": 10000}
2021-02-25T14:35:57.632Z	INFO	loggingexporter/logging_exporter.go:313	TracesExporter	{"#spans": 10000}
2021-02-25T14:35:57.775Z	INFO	loggingexporter/logging_exporter.go:313	TracesExporter	{"#spans": 10000}
2021-02-25T14:35:58.731Z	INFO	loggingexporter/logging_exporter.go:313	TracesExporter	{"#spans": 10000}
2021-02-25T14:35:58.875Z	INFO	loggingexporter/logging_exporter.go:313	TracesExporter	{"#spans": 10000}
2021-02-25T14:35:59.765Z	INFO	loggingexporter/logging_exporter.go:313	TracesExporter	{"#spans": 10000}
2021-02-25T14:35:59.900Z	INFO	loggingexporter/logging_exporter.go:313	TracesExporter	{"#spans": 10000}
2021-02-25T14:36:00.910Z	INFO	loggingexporter/logging_exporter.go:313	TracesExporter	{"#spans": 10000}
2021-02-25T14:36:01.056Z	INFO	loggingexporter/logging_exporter.go:313	TracesExporter	{"#spans": 10000}
2021-02-25T14:36:02.042Z	INFO	loggingexporter/logging_exporter.go:313	TracesExporter	{"#spans": 2048}
2021-02-25T14:36:02.242Z	INFO	loggingexporter/logging_exporter.go:313	TracesExporter	{"#spans": 3780}
2021-02-25T14:36:03.049Z	INFO	loggingexporter/logging_exporter.go:313	TracesExporter	{"#spans": 10000}
2021-02-25T14:36:03.185Z	INFO	loggingexporter/logging_exporter.go:313	TracesExporter	{"#spans": 10000}
2021-02-25T14:36:04.093Z	INFO	loggingexporter/logging_exporter.go:313	TracesExporter	{"#spans": 9650}
2021-02-25T14:36:04.294Z	INFO	loggingexporter/logging_exporter.go:313	TracesExporter	{"#spans": 6106}
2021-02-25T14:36:05.143Z	INFO	loggingexporter/logging_exporter.go:313	TracesExporter	{"#spans": 10000}
2021-02-25T14:36:05.218Z	INFO	loggingexporter/logging_exporter.go:313	TracesExporter	{"#spans": 10000}
2021-02-25T14:36:06.174Z	INFO	loggingexporter/logging_exporter.go:313	TracesExporter	{"#spans": 10000}
2021-02-25T14:36:06.375Z	INFO	loggingexporter/logging_exporter.go:313	TracesExporter	{"#spans": 4520}
2021-02-25T14:36:07.176Z	INFO	loggingexporter/logging_exporter.go:313	TracesExporter	{"#spans": 7118}
2021-02-25T14:36:07.328Z	INFO	loggingexporter/logging_exporter.go:313	TracesExporter	{"#spans": 10000}
2021-02-25T14:36:08.178Z	INFO	loggingexporter/logging_exporter.go:313	TracesExporter	{"#spans": 10000}
2021-02-25T14:36:08.344Z	INFO	loggingexporter/logging_exporter.go:313	TracesExporter	{"#spans": 10000}
2021-02-25T14:36:09.339Z	INFO	loggingexporter/logging_exporter.go:313	TracesExporter	{"#spans": 9728}
2021-02-25T14:36:09.535Z	INFO	loggingexporter/logging_exporter.go:313	TracesExporter	{"#spans": 10000}
2021-02-25T14:36:10.427Z	INFO	loggingexporter/logging_exporter.go:313	TracesExporter	{"#spans": 10000}
2021-02-25T14:36:10.510Z	INFO	loggingexporter/logging_exporter.go:313	TracesExporter	{"#spans": 10000}
2021-02-25T14:36:11.485Z	INFO	loggingexporter/logging_exporter.go:313	TracesExporter	{"#spans": 2560}
2021-02-25T14:36:11.685Z	INFO	loggingexporter/logging_exporter.go:313	TracesExporter	{"#spans": 4858}
2021-02-25T14:36:12.513Z	INFO	loggingexporter/logging_exporter.go:313	TracesExporter	{"#spans": 10000}
2021-02-25T14:36:12.685Z	INFO	loggingexporter/logging_exporter.go:313	TracesExporter	{"#spans": 10000}
2021-02-25T14:36:13.537Z	INFO	loggingexporter/logging_exporter.go:313	TracesExporter	{"#spans": 9888}
2021-02-25T14:36:13.645Z	INFO	loggingexporter/logging_exporter.go:313	TracesExporter	{"#spans": 10000}
2021-02-25T14:36:14.616Z	INFO	loggingexporter/logging_exporter.go:313	TracesExporter	{"#spans": 10000}
2021-02-25T14:36:14.756Z	INFO	loggingexporter/logging_exporter.go:313	TracesExporter	{"#spans": 10000}
2021-02-25T14:36:15.686Z	INFO	loggingexporter/logging_exporter.go:313	TracesExporter	{"#spans": 10000}
2021-02-25T14:36:15.800Z	INFO	loggingexporter/logging_exporter.go:313	TracesExporter	{"#spans": 10000}
2021-02-25T14:36:16.767Z	INFO	loggingexporter/logging_exporter.go:313	TracesExporter	{"#spans": 3072}
2021-02-25T14:36:16.967Z	INFO	loggingexporter/logging_exporter.go:313	TracesExporter	{"#spans": 5944}
2021-02-25T14:36:17.780Z	INFO	loggingexporter/logging_exporter.go:313	TracesExporter	{"#spans": 10000}
2021-02-25T14:36:17.948Z	INFO	loggingexporter/logging_exporter.go:313	TracesExporter	{"#spans": 10000}
2021-02-25T14:36:18.923Z	INFO	loggingexporter/logging_exporter.go:313	TracesExporter	{"#spans": 10000}
2021-02-25T14:36:19.124Z	INFO	loggingexporter/logging_exporter.go:313	TracesExporter	{"#spans": 6716}
2021-02-25T14:36:19.997Z	INFO	loggingexporter/logging_exporter.go:313	TracesExporter	{"#spans": 9866}
2021-02-25T14:36:20.091Z	INFO	loggingexporter/logging_exporter.go:313	TracesExporter	{"#spans": 10000}
2021-02-25T14:36:21.096Z	INFO	loggingexporter/logging_exporter.go:313	TracesExporter	{"#spans": 10000}
2021-02-25T14:36:21.229Z	INFO	loggingexporter/logging_exporter.go:313	TracesExporter	{"#spans": 10000}
2021-02-25T14:36:22.103Z	INFO	loggingexporter/logging_exporter.go:313	TracesExporter	{"#spans": 10000}
2021-02-25T14:36:22.305Z	INFO	loggingexporter/logging_exporter.go:313	TracesExporter	{"#spans": 9700}
2021-02-25T14:36:23.130Z	INFO	loggingexporter/logging_exporter.go:313	TracesExporter	{"#spans": 10000}
2021-02-25T14:36:23.220Z	INFO	loggingexporter/logging_exporter.go:313	TracesExporter	{"#spans": 10000}
2021-02-25T14:36:24.297Z	INFO	loggingexporter/logging_exporter.go:313	TracesExporter	{"#spans": 8788}
2021-02-25T14:36:24.435Z	INFO	loggingexporter/logging_exporter.go:313	TracesExporter	{"#spans": 10000}
2021-02-25T14:36:25.309Z	INFO	loggingexporter/logging_exporter.go:313	TracesExporter	{"#spans": 10000}
2021-02-25T14:36:25.460Z	INFO	loggingexporter/logging_exporter.go:313	TracesExporter	{"#spans": 10000}
2021-02-25T14:36:26.415Z	INFO	loggingexporter/logging_exporter.go:313	TracesExporter	{"#spans": 10000}
2021-02-25T14:36:26.577Z	INFO	loggingexporter/logging_exporter.go:313	TracesExporter	{"#spans": 10000}
2021-02-25T14:36:27.444Z	INFO	loggingexporter/logging_exporter.go:313	TracesExporter	{"#spans": 9110}
2021-02-25T14:36:27.576Z	INFO	loggingexporter/logging_exporter.go:313	TracesExporter	{"#spans": 10000}
2021-02-25T14:36:28.629Z	INFO	loggingexporter/logging_exporter.go:313	TracesExporter	{"#spans": 4752}
2021-02-25T14:36:28.829Z	INFO	loggingexporter/logging_exporter.go:313	TracesExporter	{"#spans": 3072}
2021-02-25T14:36:29.655Z	INFO	loggingexporter/logging_exporter.go:313	TracesExporter	{"#spans": 10000}
2021-02-25T14:36:29.760Z	INFO	loggingexporter/logging_exporter.go:313	TracesExporter	{"#spans": 10000}
2021-02-25T14:36:30.687Z	INFO	loggingexporter/logging_exporter.go:313	TracesExporter	{"#spans": 8008}
