2021-05-03T09:33:59.970Z	info	service/application.go:281	Starting otelcontribcol...	{"Version": "v0.25.0-58-gf418df50", "NumCPU": 48}
2021-05-03T09:33:59.971Z	info	service/application.go:189	Setting up own telemetry...
2021-05-03T09:33:59.984Z	info	service/telemetry.go:98	Serving Prometheus metrics	{"address": "0.0.0.0:8888", "level": 0, "service.instance.id": "faa30682-12c6-4a44-9be2-81a47b97c192"}
2021-05-03T09:33:59.984Z	info	service/application.go:224	Loading configuration...
2021-05-03T09:33:59.985Z	info	service/application.go:240	Applying configuration...
2021-05-03T09:33:59.985Z	info	builder/exporters_builder.go:274	Exporter was built.	{"kind": "exporter", "exporter": "logging"}
2021-05-03T09:33:59.990Z	info	builder/pipelines_builder.go:204	Pipeline was built.	{"pipeline_name": "traces/loadbalancer", "pipeline_datatype": "traces"}
2021-05-03T09:33:59.990Z	info	builder/receivers_builder.go:230	Receiver was built.	{"kind": "receiver", "name": "otlp", "datatype": "traces"}
2021-05-03T09:33:59.990Z	info	service/service.go:155	Starting extensions...
2021-05-03T09:33:59.990Z	info	service/service.go:200	Starting exporters...
2021-05-03T09:33:59.990Z	info	builder/exporters_builder.go:92	Exporter is starting...	{"kind": "exporter", "name": "logging"}
2021-05-03T09:33:59.990Z	info	builder/exporters_builder.go:97	Exporter started.	{"kind": "exporter", "name": "logging"}
2021-05-03T09:33:59.990Z	info	service/service.go:205	Starting processors...
2021-05-03T09:33:59.990Z	info	builder/pipelines_builder.go:51	Pipeline is starting...	{"pipeline_name": "traces/loadbalancer", "pipeline_datatype": "traces"}
2021-05-03T09:33:59.990Z	info	builder/pipelines_builder.go:62	Pipeline is started.	{"pipeline_name": "traces/loadbalancer", "pipeline_datatype": "traces"}
2021-05-03T09:33:59.990Z	info	service/service.go:210	Starting receivers...
2021-05-03T09:33:59.990Z	info	builder/receivers_builder.go:70	Receiver is starting...	{"kind": "receiver", "name": "otlp"}
2021-05-03T09:33:59.990Z	info	otlpreceiver/otlp.go:94	Starting GRPC server on endpoint localhost:55680	{"kind": "receiver", "name": "otlp"}
2021-05-03T09:33:59.990Z	info	builder/receivers_builder.go:75	Receiver started.	{"kind": "receiver", "name": "otlp"}
2021-05-03T09:33:59.990Z	info	service/application.go:201	Everything is ready. Begin running and processing data.
2021-05-03T09:34:20.920Z	INFO	loggingexporter/logging_exporter.go:331	TracesExporter	{"#spans": 6668}
2021-05-03T09:34:21.121Z	INFO	loggingexporter/logging_exporter.go:331	TracesExporter	{"#spans": 7304}
2021-05-03T09:34:21.921Z	INFO	loggingexporter/logging_exporter.go:331	TracesExporter	{"#spans": 5094}
2021-05-03T09:34:22.121Z	INFO	loggingexporter/logging_exporter.go:331	TracesExporter	{"#spans": 12020}
2021-05-03T09:34:22.927Z	INFO	loggingexporter/logging_exporter.go:331	TracesExporter	{"#spans": 440}
2021-05-03T09:34:23.135Z	INFO	loggingexporter/logging_exporter.go:331	TracesExporter	{"#spans": 102}
2021-05-03T09:34:23.937Z	INFO	loggingexporter/logging_exporter.go:331	TracesExporter	{"#spans": 8284}
2021-05-03T09:34:24.138Z	INFO	loggingexporter/logging_exporter.go:331	TracesExporter	{"#spans": 7556}
2021-05-03T09:34:24.939Z	INFO	loggingexporter/logging_exporter.go:331	TracesExporter	{"#spans": 8441}
2021-05-03T09:34:25.139Z	INFO	loggingexporter/logging_exporter.go:331	TracesExporter	{"#spans": 6160}
2021-05-03T09:34:25.939Z	INFO	loggingexporter/logging_exporter.go:331	TracesExporter	{"#spans": 8052}
2021-05-03T09:34:26.140Z	INFO	loggingexporter/logging_exporter.go:331	TracesExporter	{"#spans": 7607}
2021-05-03T09:34:26.940Z	INFO	loggingexporter/logging_exporter.go:331	TracesExporter	{"#spans": 16277}
2021-05-03T09:34:27.141Z	INFO	loggingexporter/logging_exporter.go:331	TracesExporter	{"#spans": 9600}
2021-05-03T09:34:27.941Z	INFO	loggingexporter/logging_exporter.go:331	TracesExporter	{"#spans": 6652}
2021-05-03T09:34:28.141Z	INFO	loggingexporter/logging_exporter.go:331	TracesExporter	{"#spans": 19722}
2021-05-03T09:34:28.944Z	INFO	loggingexporter/logging_exporter.go:331	TracesExporter	{"#spans": 25592}
2021-05-03T09:34:29.144Z	INFO	loggingexporter/logging_exporter.go:331	TracesExporter	{"#spans": 20968}
2021-05-03T09:34:29.952Z	INFO	loggingexporter/logging_exporter.go:331	TracesExporter	{"#spans": 412}
2021-05-03T09:34:30.164Z	INFO	loggingexporter/logging_exporter.go:331	TracesExporter	{"#spans": 489}
2021-05-03T09:34:30.967Z	INFO	loggingexporter/logging_exporter.go:331	TracesExporter	{"#spans": 42070}
2021-05-03T09:34:31.168Z	INFO	loggingexporter/logging_exporter.go:331	TracesExporter	{"#spans": 36976}
2021-05-03T09:34:31.971Z	INFO	loggingexporter/logging_exporter.go:331	TracesExporter	{"#spans": 36685}
2021-05-03T09:34:32.172Z	INFO	loggingexporter/logging_exporter.go:331	TracesExporter	{"#spans": 37183}
2021-05-03T09:34:32.975Z	INFO	loggingexporter/logging_exporter.go:331	TracesExporter	{"#spans": 43450}
2021-05-03T09:34:33.175Z	INFO	loggingexporter/logging_exporter.go:331	TracesExporter	{"#spans": 41692}
2021-05-03T09:34:33.978Z	INFO	loggingexporter/logging_exporter.go:331	TracesExporter	{"#spans": 36602}
2021-05-03T09:34:34.179Z	INFO	loggingexporter/logging_exporter.go:331	TracesExporter	{"#spans": 38866}
2021-05-03T09:34:34.982Z	INFO	loggingexporter/logging_exporter.go:331	TracesExporter	{"#spans": 40766}
2021-05-03T09:34:35.183Z	INFO	loggingexporter/logging_exporter.go:331	TracesExporter	{"#spans": 42516}
2021-05-03T09:34:35.987Z	INFO	loggingexporter/logging_exporter.go:331	TracesExporter	{"#spans": 46798}
2021-05-03T09:34:36.192Z	INFO	loggingexporter/logging_exporter.go:331	TracesExporter	{"#spans": 15532}
2021-05-03T09:34:36.994Z	INFO	loggingexporter/logging_exporter.go:331	TracesExporter	{"#spans": 31942}
2021-05-03T09:34:37.195Z	INFO	loggingexporter/logging_exporter.go:331	TracesExporter	{"#spans": 41136}
2021-05-03T09:34:37.998Z	INFO	loggingexporter/logging_exporter.go:331	TracesExporter	{"#spans": 44636}
2021-05-03T09:34:38.199Z	INFO	loggingexporter/logging_exporter.go:331	TracesExporter	{"#spans": 39380}
2021-05-03T09:34:39.002Z	INFO	loggingexporter/logging_exporter.go:331	TracesExporter	{"#spans": 26162}
2021-05-03T09:34:39.203Z	INFO	loggingexporter/logging_exporter.go:331	TracesExporter	{"#spans": 31267}
2021-05-03T09:34:40.005Z	INFO	loggingexporter/logging_exporter.go:331	TracesExporter	{"#spans": 38148}
2021-05-03T09:34:40.206Z	INFO	loggingexporter/logging_exporter.go:331	TracesExporter	{"#spans": 21583}
2021-05-03T09:34:41.009Z	INFO	loggingexporter/logging_exporter.go:331	TracesExporter	{"#spans": 4025}
2021-05-03T09:34:41.209Z	INFO	loggingexporter/logging_exporter.go:331	TracesExporter	{"#spans": 3536}
2021-05-03T09:34:42.010Z	INFO	loggingexporter/logging_exporter.go:331	TracesExporter	{"#spans": 50}
2021-05-03T09:34:42.610Z	INFO	loggingexporter/logging_exporter.go:331	TracesExporter	{"#spans": 2}
2021-05-03T09:34:43.810Z	INFO	loggingexporter/logging_exporter.go:331	TracesExporter	{"#spans": 10}
2021-05-03T09:34:45.012Z	INFO	loggingexporter/logging_exporter.go:331	TracesExporter	{"#spans": 10}
2021-05-03T09:34:46.613Z	INFO	loggingexporter/logging_exporter.go:331	TracesExporter	{"#spans": 10}
2021-05-03T09:34:48.213Z	INFO	loggingexporter/logging_exporter.go:331	TracesExporter	{"#spans": 10}
2021-05-03T09:34:49.814Z	INFO	loggingexporter/logging_exporter.go:331	TracesExporter	{"#spans": 10}
2021-05-03T09:34:50.214Z	INFO	loggingexporter/logging_exporter.go:331	TracesExporter	{"#spans": 10}
2021-05-03T09:34:54.665Z	INFO	loggingexporter/logging_exporter.go:331	TracesExporter	{"#spans": 10}
2021-05-03T09:34:59.887Z	INFO	loggingexporter/logging_exporter.go:331	TracesExporter	{"#spans": 10}
2021-05-03T09:35:00.687Z	INFO	loggingexporter/logging_exporter.go:331	TracesExporter	{"#spans": 288}
2021-05-03T09:35:00.887Z	INFO	loggingexporter/logging_exporter.go:331	TracesExporter	{"#spans": 7263}
2021-05-03T09:35:01.088Z	INFO	loggingexporter/logging_exporter.go:331	TracesExporter	{"#spans": 22499}
2021-05-03T09:35:01.889Z	INFO	loggingexporter/logging_exporter.go:331	TracesExporter	{"#spans": 22113}
2021-05-03T09:35:02.090Z	INFO	loggingexporter/logging_exporter.go:331	TracesExporter	{"#spans": 21473}
2021-05-03T09:35:02.893Z	INFO	loggingexporter/logging_exporter.go:331	TracesExporter	{"#spans": 50764}
2021-05-03T09:35:03.094Z	INFO	loggingexporter/logging_exporter.go:331	TracesExporter	{"#spans": 53950}
2021-05-03T09:35:03.897Z	INFO	loggingexporter/logging_exporter.go:331	TracesExporter	{"#spans": 44359}
2021-05-03T09:35:04.107Z	INFO	loggingexporter/logging_exporter.go:331	TracesExporter	{"#spans": 38377}
2021-05-03T09:35:04.928Z	INFO	loggingexporter/logging_exporter.go:331	TracesExporter	{"#spans": 927}
2021-05-03T09:35:05.129Z	INFO	loggingexporter/logging_exporter.go:331	TracesExporter	{"#spans": 1050}
2021-05-03T09:35:05.933Z	INFO	loggingexporter/logging_exporter.go:331	TracesExporter	{"#spans": 36260}
2021-05-03T09:35:06.134Z	INFO	loggingexporter/logging_exporter.go:331	TracesExporter	{"#spans": 43242}
2021-05-03T09:35:06.938Z	INFO	loggingexporter/logging_exporter.go:331	TracesExporter	{"#spans": 46240}
2021-05-03T09:35:07.139Z	INFO	loggingexporter/logging_exporter.go:331	TracesExporter	{"#spans": 45837}
2021-05-03T09:35:07.942Z	INFO	loggingexporter/logging_exporter.go:331	TracesExporter	{"#spans": 46112}
2021-05-03T09:35:08.142Z	INFO	loggingexporter/logging_exporter.go:331	TracesExporter	{"#spans": 46082}
2021-05-03T09:35:08.945Z	INFO	loggingexporter/logging_exporter.go:331	TracesExporter	{"#spans": 45570}
2021-05-03T09:35:09.146Z	INFO	loggingexporter/logging_exporter.go:331	TracesExporter	{"#spans": 44666}
2021-05-03T09:35:09.950Z	INFO	loggingexporter/logging_exporter.go:331	TracesExporter	{"#spans": 45105}
2021-05-03T09:35:10.151Z	INFO	loggingexporter/logging_exporter.go:331	TracesExporter	{"#spans": 43481}
2021-05-03T09:35:11.029Z	INFO	loggingexporter/logging_exporter.go:331	TracesExporter	{"#spans": 34160}
2021-05-03T09:35:11.230Z	INFO	loggingexporter/logging_exporter.go:331	TracesExporter	{"#spans": 33243}
2021-05-03T09:35:12.033Z	INFO	loggingexporter/logging_exporter.go:331	TracesExporter	{"#spans": 39927}
2021-05-03T09:35:12.234Z	INFO	loggingexporter/logging_exporter.go:331	TracesExporter	{"#spans": 39607}
2021-05-03T09:35:13.037Z	INFO	loggingexporter/logging_exporter.go:331	TracesExporter	{"#spans": 31799}
2021-05-03T09:35:13.239Z	INFO	loggingexporter/logging_exporter.go:331	TracesExporter	{"#spans": 26367}
2021-05-03T09:35:14.042Z	INFO	loggingexporter/logging_exporter.go:331	TracesExporter	{"#spans": 1516}
2021-05-03T09:35:14.242Z	INFO	loggingexporter/logging_exporter.go:331	TracesExporter	{"#spans": 450}
2021-05-03T09:35:15.042Z	INFO	loggingexporter/logging_exporter.go:331	TracesExporter	{"#spans": 1428}
2021-05-03T09:35:15.242Z	INFO	loggingexporter/logging_exporter.go:331	TracesExporter	{"#spans": 347}
2021-05-03T09:35:16.043Z	INFO	loggingexporter/logging_exporter.go:331	TracesExporter	{"#spans": 334}
2021-05-03T09:35:16.243Z	INFO	loggingexporter/logging_exporter.go:331	TracesExporter	{"#spans": 176}
2021-05-03T09:35:17.043Z	INFO	loggingexporter/logging_exporter.go:331	TracesExporter	{"#spans": 48}
2021-05-03T09:35:17.243Z	INFO	loggingexporter/logging_exporter.go:331	TracesExporter	{"#spans": 42}
2021-05-03T09:35:18.044Z	INFO	loggingexporter/logging_exporter.go:331	TracesExporter	{"#spans": 36}
2021-05-03T09:35:18.244Z	INFO	loggingexporter/logging_exporter.go:331	TracesExporter	{"#spans": 40}
2021-05-03T09:35:19.044Z	INFO	loggingexporter/logging_exporter.go:331	TracesExporter	{"#spans": 202}
2021-05-03T09:35:19.244Z	INFO	loggingexporter/logging_exporter.go:331	TracesExporter	{"#spans": 450}
2021-05-03T09:35:20.044Z	INFO	loggingexporter/logging_exporter.go:331	TracesExporter	{"#spans": 6}
2021-05-03T09:35:20.244Z	INFO	loggingexporter/logging_exporter.go:331	TracesExporter	{"#spans": 4}
2021-05-03T09:35:21.045Z	INFO	loggingexporter/logging_exporter.go:331	TracesExporter	{"#spans": 2}
2021-05-03T09:35:22.048Z	INFO	loggingexporter/logging_exporter.go:331	TracesExporter	{"#spans": 6}
2021-05-03T09:35:22.248Z	INFO	loggingexporter/logging_exporter.go:331	TracesExporter	{"#spans": 2}
2021-05-03T09:35:23.449Z	INFO	loggingexporter/logging_exporter.go:331	TracesExporter	{"#spans": 4}
2021-05-03T09:35:23.649Z	INFO	loggingexporter/logging_exporter.go:331	TracesExporter	{"#spans": 2}
2021-05-03T09:35:27.852Z	INFO	loggingexporter/logging_exporter.go:331	TracesExporter	{"#spans": 2}
2021-05-03T09:35:28.862Z	INFO	loggingexporter/logging_exporter.go:331	TracesExporter	{"#spans": 2}
2021-05-03T09:35:29.062Z	INFO	loggingexporter/logging_exporter.go:331	TracesExporter	{"#spans": 2}
2021-05-03T09:35:31.262Z	INFO	loggingexporter/logging_exporter.go:331	TracesExporter	{"#spans": 2}
2021-05-03T09:35:33.464Z	INFO	loggingexporter/logging_exporter.go:331	TracesExporter	{"#spans": 6}
2021-05-03T09:35:33.664Z	INFO	loggingexporter/logging_exporter.go:331	TracesExporter	{"#spans": 2}
2021-05-03T09:35:34.465Z	INFO	loggingexporter/logging_exporter.go:331	TracesExporter	{"#spans": 21303}
2021-05-03T09:35:34.665Z	INFO	loggingexporter/logging_exporter.go:331	TracesExporter	{"#spans": 20878}
2021-05-03T09:35:35.477Z	INFO	loggingexporter/logging_exporter.go:331	TracesExporter	{"#spans": 684}
2021-05-03T09:35:35.684Z	INFO	loggingexporter/logging_exporter.go:331	TracesExporter	{"#spans": 575}
2021-05-03T09:35:36.492Z	INFO	loggingexporter/logging_exporter.go:331	TracesExporter	{"#spans": 6051}
2021-05-03T09:35:36.693Z	INFO	loggingexporter/logging_exporter.go:331	TracesExporter	{"#spans": 18260}
2021-05-03T09:35:37.494Z	INFO	loggingexporter/logging_exporter.go:331	TracesExporter	{"#spans": 31867}
2021-05-03T09:35:37.695Z	INFO	loggingexporter/logging_exporter.go:331	TracesExporter	{"#spans": 36393}
2021-05-03T09:35:38.498Z	INFO	loggingexporter/logging_exporter.go:331	TracesExporter	{"#spans": 42866}
2021-05-03T09:35:38.698Z	INFO	loggingexporter/logging_exporter.go:331	TracesExporter	{"#spans": 43118}
2021-05-03T09:35:39.501Z	INFO	loggingexporter/logging_exporter.go:331	TracesExporter	{"#spans": 32633}
2021-05-03T09:35:39.701Z	INFO	loggingexporter/logging_exporter.go:331	TracesExporter	{"#spans": 41985}
2021-05-03T09:35:40.504Z	INFO	loggingexporter/logging_exporter.go:331	TracesExporter	{"#spans": 44300}
2021-05-03T09:35:40.705Z	INFO	loggingexporter/logging_exporter.go:331	TracesExporter	{"#spans": 42790}
2021-05-03T09:35:41.508Z	INFO	loggingexporter/logging_exporter.go:331	TracesExporter	{"#spans": 45419}
2021-05-03T09:35:41.709Z	INFO	loggingexporter/logging_exporter.go:331	TracesExporter	{"#spans": 45016}
2021-05-03T09:35:42.513Z	INFO	loggingexporter/logging_exporter.go:331	TracesExporter	{"#spans": 46014}
2021-05-03T09:35:42.714Z	INFO	loggingexporter/logging_exporter.go:331	TracesExporter	{"#spans": 46087}
2021-05-03T09:35:43.517Z	INFO	loggingexporter/logging_exporter.go:331	TracesExporter	{"#spans": 35046}
2021-05-03T09:35:43.720Z	INFO	loggingexporter/logging_exporter.go:331	TracesExporter	{"#spans": 37621}
2021-05-03T09:35:44.523Z	INFO	loggingexporter/logging_exporter.go:331	TracesExporter	{"#spans": 44117}
2021-05-03T09:35:44.724Z	INFO	loggingexporter/logging_exporter.go:331	TracesExporter	{"#spans": 43203}
2021-05-03T09:35:45.526Z	INFO	loggingexporter/logging_exporter.go:331	TracesExporter	{"#spans": 41648}
2021-05-03T09:35:45.727Z	INFO	loggingexporter/logging_exporter.go:331	TracesExporter	{"#spans": 41946}
2021-05-03T09:35:46.530Z	INFO	loggingexporter/logging_exporter.go:331	TracesExporter	{"#spans": 15282}
2021-05-03T09:35:46.731Z	INFO	loggingexporter/logging_exporter.go:331	TracesExporter	{"#spans": 15876}
2021-05-03T09:35:47.533Z	INFO	loggingexporter/logging_exporter.go:331	TracesExporter	{"#spans": 30214}
2021-05-03T09:35:47.734Z	INFO	loggingexporter/logging_exporter.go:331	TracesExporter	{"#spans": 29758}
2021-05-03T09:35:48.536Z	INFO	loggingexporter/logging_exporter.go:331	TracesExporter	{"#spans": 7452}
2021-05-03T09:35:48.737Z	INFO	loggingexporter/logging_exporter.go:331	TracesExporter	{"#spans": 9008}
2021-05-03T09:35:49.538Z	INFO	loggingexporter/logging_exporter.go:331	TracesExporter	{"#spans": 1641}
2021-05-03T09:35:49.738Z	INFO	loggingexporter/logging_exporter.go:331	TracesExporter	{"#spans": 428}
2021-05-03T09:35:50.539Z	INFO	loggingexporter/logging_exporter.go:331	TracesExporter	{"#spans": 20}
2021-05-03T09:35:50.739Z	INFO	loggingexporter/logging_exporter.go:331	TracesExporter	{"#spans": 10}
2021-05-03T09:35:51.539Z	INFO	loggingexporter/logging_exporter.go:331	TracesExporter	{"#spans": 14}
2021-05-03T09:35:51.740Z	INFO	loggingexporter/logging_exporter.go:331	TracesExporter	{"#spans": 16}
2021-05-03T09:35:52.540Z	INFO	loggingexporter/logging_exporter.go:331	TracesExporter	{"#spans": 20}
2021-05-03T09:35:52.740Z	INFO	loggingexporter/logging_exporter.go:331	TracesExporter	{"#spans": 14}
2021-05-03T09:35:53.557Z	INFO	loggingexporter/logging_exporter.go:331	TracesExporter	{"#spans": 10}
2021-05-03T09:35:53.757Z	INFO	loggingexporter/logging_exporter.go:331	TracesExporter	{"#spans": 10}
2021-05-03T09:35:55.958Z	INFO	loggingexporter/logging_exporter.go:331	TracesExporter	{"#spans": 4}
2021-05-03T09:35:56.158Z	INFO	loggingexporter/logging_exporter.go:331	TracesExporter	{"#spans": 6}
2021-05-03T09:35:57.158Z	INFO	loggingexporter/logging_exporter.go:331	TracesExporter	{"#spans": 2}
2021-05-03T09:35:57.358Z	INFO	loggingexporter/logging_exporter.go:331	TracesExporter	{"#spans": 2}
2021-05-03T09:35:58.358Z	INFO	loggingexporter/logging_exporter.go:331	TracesExporter	{"#spans": 4}
2021-05-03T09:35:58.558Z	INFO	loggingexporter/logging_exporter.go:331	TracesExporter	{"#spans": 6}
2021-05-03T09:36:00.630Z	INFO	loggingexporter/logging_exporter.go:331	TracesExporter	{"#spans": 4}
2021-05-03T09:36:01.831Z	INFO	loggingexporter/logging_exporter.go:331	TracesExporter	{"#spans": 4}
2021-05-03T09:36:02.031Z	INFO	loggingexporter/logging_exporter.go:331	TracesExporter	{"#spans": 2}
2021-05-03T09:36:06.837Z	INFO	loggingexporter/logging_exporter.go:331	TracesExporter	{"#spans": 2}
2021-05-03T09:36:07.037Z	INFO	loggingexporter/logging_exporter.go:331	TracesExporter	{"#spans": 2}
2021-05-03T09:36:08.237Z	INFO	loggingexporter/logging_exporter.go:331	TracesExporter	{"#spans": 6}
2021-05-03T09:36:09.037Z	INFO	loggingexporter/logging_exporter.go:331	TracesExporter	{"#spans": 4}
2021-05-03T09:36:09.237Z	INFO	loggingexporter/logging_exporter.go:331	TracesExporter	{"#spans": 17943}
2021-05-03T09:36:09.438Z	INFO	loggingexporter/logging_exporter.go:331	TracesExporter	{"#spans": 21774}
2021-05-03T09:36:10.239Z	INFO	loggingexporter/logging_exporter.go:331	TracesExporter	{"#spans": 21884}
2021-05-03T09:36:10.439Z	INFO	loggingexporter/logging_exporter.go:331	TracesExporter	{"#spans": 21624}
2021-05-03T09:36:11.242Z	INFO	loggingexporter/logging_exporter.go:331	TracesExporter	{"#spans": 51354}
2021-05-03T09:36:11.443Z	INFO	loggingexporter/logging_exporter.go:331	TracesExporter	{"#spans": 49924}
2021-05-03T09:36:12.246Z	INFO	loggingexporter/logging_exporter.go:331	TracesExporter	{"#spans": 40536}
2021-05-03T09:36:12.447Z	INFO	loggingexporter/logging_exporter.go:331	TracesExporter	{"#spans": 41179}
2021-05-03T09:36:13.250Z	INFO	loggingexporter/logging_exporter.go:331	TracesExporter	{"#spans": 40028}
2021-05-03T09:36:13.463Z	INFO	loggingexporter/logging_exporter.go:331	TracesExporter	{"#spans": 41504}
2021-05-03T09:36:14.283Z	INFO	loggingexporter/logging_exporter.go:331	TracesExporter	{"#spans": 854}
2021-05-03T09:36:14.486Z	INFO	loggingexporter/logging_exporter.go:331	TracesExporter	{"#spans": 9438}
2021-05-03T09:36:15.288Z	INFO	loggingexporter/logging_exporter.go:331	TracesExporter	{"#spans": 39671}
2021-05-03T09:36:15.489Z	INFO	loggingexporter/logging_exporter.go:331	TracesExporter	{"#spans": 44401}
2021-05-03T09:36:16.292Z	INFO	loggingexporter/logging_exporter.go:331	TracesExporter	{"#spans": 49922}
2021-05-03T09:36:16.493Z	INFO	loggingexporter/logging_exporter.go:331	TracesExporter	{"#spans": 44910}
2021-05-03T09:36:17.296Z	INFO	loggingexporter/logging_exporter.go:331	TracesExporter	{"#spans": 42886}
2021-05-03T09:36:17.497Z	INFO	loggingexporter/logging_exporter.go:331	TracesExporter	{"#spans": 42690}
2021-05-03T09:36:18.299Z	INFO	loggingexporter/logging_exporter.go:331	TracesExporter	{"#spans": 42030}
2021-05-03T09:36:18.500Z	INFO	loggingexporter/logging_exporter.go:331	TracesExporter	{"#spans": 42884}
2021-05-03T09:36:19.304Z	INFO	loggingexporter/logging_exporter.go:331	TracesExporter	{"#spans": 42114}
2021-05-03T09:36:19.546Z	INFO	loggingexporter/logging_exporter.go:331	TracesExporter	{"#spans": 33560}
2021-05-03T09:36:20.351Z	INFO	loggingexporter/logging_exporter.go:331	TracesExporter	{"#spans": 33043}
2021-05-03T09:36:20.552Z	INFO	loggingexporter/logging_exporter.go:331	TracesExporter	{"#spans": 38597}
2021-05-03T09:36:21.355Z	INFO	loggingexporter/logging_exporter.go:331	TracesExporter	{"#spans": 39200}
2021-05-03T09:36:21.556Z	INFO	loggingexporter/logging_exporter.go:331	TracesExporter	{"#spans": 34352}
2021-05-03T09:36:22.364Z	INFO	loggingexporter/logging_exporter.go:331	TracesExporter	{"#spans": 15616}
2021-05-03T09:36:22.564Z	INFO	loggingexporter/logging_exporter.go:331	TracesExporter	{"#spans": 2657}
2021-05-03T09:36:23.365Z	INFO	loggingexporter/logging_exporter.go:331	TracesExporter	{"#spans": 3178}
2021-05-03T09:36:23.565Z	INFO	loggingexporter/logging_exporter.go:331	TracesExporter	{"#spans": 4028}
2021-05-03T09:36:24.365Z	INFO	loggingexporter/logging_exporter.go:331	TracesExporter	{"#spans": 80}
2021-05-03T09:36:24.566Z	INFO	loggingexporter/logging_exporter.go:331	TracesExporter	{"#spans": 10866}
2021-05-03T09:36:25.367Z	INFO	loggingexporter/logging_exporter.go:331	TracesExporter	{"#spans": 208}
2021-05-03T09:36:25.567Z	INFO	loggingexporter/logging_exporter.go:331	TracesExporter	{"#spans": 218}
2021-05-03T09:36:26.368Z	INFO	loggingexporter/logging_exporter.go:331	TracesExporter	{"#spans": 270}
2021-05-03T09:36:26.568Z	INFO	loggingexporter/logging_exporter.go:331	TracesExporter	{"#spans": 190}
2021-05-03T09:36:27.369Z	INFO	loggingexporter/logging_exporter.go:331	TracesExporter	{"#spans": 154}
2021-05-03T09:36:27.569Z	INFO	loggingexporter/logging_exporter.go:331	TracesExporter	{"#spans": 116}
2021-05-03T09:36:28.369Z	INFO	loggingexporter/logging_exporter.go:331	TracesExporter	{"#spans": 50}
2021-05-03T09:36:28.569Z	INFO	loggingexporter/logging_exporter.go:331	TracesExporter	{"#spans": 22}
2021-05-03T09:36:29.369Z	INFO	loggingexporter/logging_exporter.go:331	TracesExporter	{"#spans": 8}
2021-05-03T09:36:29.769Z	INFO	loggingexporter/logging_exporter.go:331	TracesExporter	{"#spans": 2}
2021-05-03T09:36:30.370Z	INFO	loggingexporter/logging_exporter.go:331	TracesExporter	{"#spans": 8}
2021-05-03T09:36:30.770Z	INFO	loggingexporter/logging_exporter.go:331	TracesExporter	{"#spans": 2}
2021-05-03T09:36:31.777Z	INFO	loggingexporter/logging_exporter.go:331	TracesExporter	{"#spans": 4}
2021-05-03T09:36:31.977Z	INFO	loggingexporter/logging_exporter.go:331	TracesExporter	{"#spans": 6}
2021-05-03T09:36:32.977Z	INFO	loggingexporter/logging_exporter.go:331	TracesExporter	{"#spans": 6}
2021-05-03T09:36:33.178Z	INFO	loggingexporter/logging_exporter.go:331	TracesExporter	{"#spans": 4}
2021-05-03T09:36:34.778Z	INFO	loggingexporter/logging_exporter.go:331	TracesExporter	{"#spans": 2}
2021-05-03T09:36:34.978Z	INFO	loggingexporter/logging_exporter.go:331	TracesExporter	{"#spans": 4}
2021-05-03T09:36:35.778Z	INFO	loggingexporter/logging_exporter.go:331	TracesExporter	{"#spans": 2}
2021-05-03T09:36:37.779Z	INFO	loggingexporter/logging_exporter.go:331	TracesExporter	{"#spans": 2}
2021-05-03T09:36:41.993Z	INFO	loggingexporter/logging_exporter.go:331	TracesExporter	{"#spans": 6}
2021-05-03T09:36:42.393Z	INFO	loggingexporter/logging_exporter.go:331	TracesExporter	{"#spans": 2}
2021-05-03T09:36:42.994Z	INFO	loggingexporter/logging_exporter.go:331	TracesExporter	{"#spans": 2}
2021-05-03T09:36:43.194Z	INFO	loggingexporter/logging_exporter.go:331	TracesExporter	{"#spans": 5685}
2021-05-03T09:36:43.996Z	INFO	loggingexporter/logging_exporter.go:331	TracesExporter	{"#spans": 24716}
2021-05-03T09:36:44.196Z	INFO	loggingexporter/logging_exporter.go:331	TracesExporter	{"#spans": 25412}
2021-05-03T09:36:44.997Z	INFO	loggingexporter/logging_exporter.go:331	TracesExporter	{"#spans": 38244}
2021-05-03T09:36:45.204Z	INFO	loggingexporter/logging_exporter.go:331	TracesExporter	{"#spans": 45267}
2021-05-03T09:36:46.036Z	INFO	loggingexporter/logging_exporter.go:331	TracesExporter	{"#spans": 1200}
2021-05-03T09:36:46.240Z	INFO	loggingexporter/logging_exporter.go:331	TracesExporter	{"#spans": 1098}
2021-05-03T09:36:47.046Z	INFO	loggingexporter/logging_exporter.go:331	TracesExporter	{"#spans": 24018}
2021-05-03T09:36:47.248Z	INFO	loggingexporter/logging_exporter.go:331	TracesExporter	{"#spans": 31066}
2021-05-03T09:36:48.050Z	INFO	loggingexporter/logging_exporter.go:331	TracesExporter	{"#spans": 41361}
2021-05-03T09:36:48.251Z	INFO	loggingexporter/logging_exporter.go:331	TracesExporter	{"#spans": 39396}
2021-05-03T09:36:49.053Z	INFO	loggingexporter/logging_exporter.go:331	TracesExporter	{"#spans": 39790}
2021-05-03T09:36:49.254Z	INFO	loggingexporter/logging_exporter.go:331	TracesExporter	{"#spans": 41548}
2021-05-03T09:36:50.057Z	INFO	loggingexporter/logging_exporter.go:331	TracesExporter	{"#spans": 47738}
2021-05-03T09:36:50.257Z	INFO	loggingexporter/logging_exporter.go:331	TracesExporter	{"#spans": 48160}
2021-05-03T09:36:51.061Z	INFO	loggingexporter/logging_exporter.go:331	TracesExporter	{"#spans": 50095}
2021-05-03T09:36:51.262Z	INFO	loggingexporter/logging_exporter.go:331	TracesExporter	{"#spans": 47135}
2021-05-03T09:36:52.065Z	INFO	loggingexporter/logging_exporter.go:331	TracesExporter	{"#spans": 46032}
2021-05-03T09:36:52.266Z	INFO	loggingexporter/logging_exporter.go:331	TracesExporter	{"#spans": 46733}
2021-05-03T09:36:53.074Z	INFO	loggingexporter/logging_exporter.go:331	TracesExporter	{"#spans": 23274}
2021-05-03T09:36:53.275Z	INFO	loggingexporter/logging_exporter.go:331	TracesExporter	{"#spans": 35161}
2021-05-03T09:36:54.078Z	INFO	loggingexporter/logging_exporter.go:331	TracesExporter	{"#spans": 40578}
2021-05-03T09:36:54.278Z	INFO	loggingexporter/logging_exporter.go:331	TracesExporter	{"#spans": 43670}
2021-05-03T09:36:55.082Z	INFO	loggingexporter/logging_exporter.go:331	TracesExporter	{"#spans": 30672}
2021-05-03T09:36:55.282Z	INFO	loggingexporter/logging_exporter.go:331	TracesExporter	{"#spans": 27819}
2021-05-03T09:36:56.084Z	INFO	loggingexporter/logging_exporter.go:331	TracesExporter	{"#spans": 25811}
2021-05-03T09:36:56.285Z	INFO	loggingexporter/logging_exporter.go:331	TracesExporter	{"#spans": 31606}
2021-05-03T09:36:57.087Z	INFO	loggingexporter/logging_exporter.go:331	TracesExporter	{"#spans": 26433}
2021-05-03T09:36:57.288Z	INFO	loggingexporter/logging_exporter.go:331	TracesExporter	{"#spans": 17105}
2021-05-03T09:36:58.089Z	INFO	loggingexporter/logging_exporter.go:331	TracesExporter	{"#spans": 7784}
2021-05-03T09:36:58.293Z	INFO	loggingexporter/logging_exporter.go:331	TracesExporter	{"#spans": 3180}
2021-05-03T09:36:59.093Z	INFO	loggingexporter/logging_exporter.go:331	TracesExporter	{"#spans": 202}
2021-05-03T09:36:59.293Z	INFO	loggingexporter/logging_exporter.go:331	TracesExporter	{"#spans": 6}
2021-05-03T09:37:00.094Z	INFO	loggingexporter/logging_exporter.go:331	TracesExporter	{"#spans": 10}
2021-05-03T09:37:00.694Z	INFO	loggingexporter/logging_exporter.go:331	TracesExporter	{"#spans": 20}
2021-05-03T09:37:01.094Z	INFO	loggingexporter/logging_exporter.go:331	TracesExporter	{"#spans": 10}
2021-05-03T09:37:01.294Z	INFO	loggingexporter/logging_exporter.go:331	TracesExporter	{"#spans": 20}
2021-05-03T09:37:02.094Z	INFO	loggingexporter/logging_exporter.go:331	TracesExporter	{"#spans": 20}
2021-05-03T09:37:02.295Z	INFO	loggingexporter/logging_exporter.go:331	TracesExporter	{"#spans": 10}
2021-05-03T09:37:03.112Z	INFO	loggingexporter/logging_exporter.go:331	TracesExporter	{"#spans": 10}
2021-05-03T09:37:03.912Z	INFO	loggingexporter/logging_exporter.go:331	TracesExporter	{"#spans": 8}
2021-05-03T09:37:05.113Z	INFO	loggingexporter/logging_exporter.go:331	TracesExporter	{"#spans": 10}
2021-05-03T09:37:06.513Z	INFO	loggingexporter/logging_exporter.go:331	TracesExporter	{"#spans": 10}
2021-05-03T09:37:07.313Z	INFO	loggingexporter/logging_exporter.go:331	TracesExporter	{"#spans": 10}
2021-05-03T09:37:12.518Z	INFO	loggingexporter/logging_exporter.go:331	TracesExporter	{"#spans": 4}
2021-05-03T09:37:12.718Z	INFO	loggingexporter/logging_exporter.go:331	TracesExporter	{"#spans": 6}
2021-05-03T09:37:17.538Z	INFO	loggingexporter/logging_exporter.go:331	TracesExporter	{"#spans": 10}
2021-05-03T09:37:18.139Z	INFO	loggingexporter/logging_exporter.go:331	TracesExporter	{"#spans": 17091}
2021-05-03T09:37:18.539Z	INFO	loggingexporter/logging_exporter.go:331	TracesExporter	{"#spans": 21430}
2021-05-03T09:37:18.740Z	INFO	loggingexporter/logging_exporter.go:331	TracesExporter	{"#spans": 21944}
2021-05-03T09:37:19.541Z	INFO	loggingexporter/logging_exporter.go:331	TracesExporter	{"#spans": 20910}
2021-05-03T09:37:19.742Z	INFO	loggingexporter/logging_exporter.go:331	TracesExporter	{"#spans": 22218}
2021-05-03T09:37:20.544Z	INFO	loggingexporter/logging_exporter.go:331	TracesExporter	{"#spans": 44717}
2021-05-03T09:37:20.744Z	INFO	loggingexporter/logging_exporter.go:331	TracesExporter	{"#spans": 43536}
2021-05-03T09:37:21.548Z	INFO	loggingexporter/logging_exporter.go:331	TracesExporter	{"#spans": 45672}
2021-05-03T09:37:21.748Z	INFO	loggingexporter/logging_exporter.go:331	TracesExporter	{"#spans": 41161}
2021-05-03T09:37:22.551Z	INFO	loggingexporter/logging_exporter.go:331	TracesExporter	{"#spans": 41812}
2021-05-03T09:37:22.752Z	INFO	loggingexporter/logging_exporter.go:331	TracesExporter	{"#spans": 44235}
2021-05-03T09:37:23.556Z	INFO	loggingexporter/logging_exporter.go:331	TracesExporter	{"#spans": 46380}
2021-05-03T09:37:23.778Z	INFO	loggingexporter/logging_exporter.go:331	TracesExporter	{"#spans": 42096}
2021-05-03T09:37:24.584Z	INFO	loggingexporter/logging_exporter.go:331	TracesExporter	{"#spans": 5839}
2021-05-03T09:37:24.785Z	INFO	loggingexporter/logging_exporter.go:331	TracesExporter	{"#spans": 20003}
2021-05-03T09:37:25.587Z	INFO	loggingexporter/logging_exporter.go:331	TracesExporter	{"#spans": 42394}
2021-05-03T09:37:25.788Z	INFO	loggingexporter/logging_exporter.go:331	TracesExporter	{"#spans": 43660}
2021-05-03T09:37:26.591Z	INFO	loggingexporter/logging_exporter.go:331	TracesExporter	{"#spans": 44892}
2021-05-03T09:37:26.792Z	INFO	loggingexporter/logging_exporter.go:331	TracesExporter	{"#spans": 45561}
2021-05-03T09:37:27.594Z	INFO	loggingexporter/logging_exporter.go:331	TracesExporter	{"#spans": 39925}
2021-05-03T09:37:27.795Z	INFO	loggingexporter/logging_exporter.go:331	TracesExporter	{"#spans": 43690}
2021-05-03T09:37:28.598Z	INFO	loggingexporter/logging_exporter.go:331	TracesExporter	{"#spans": 43088}
2021-05-03T09:37:28.830Z	INFO	loggingexporter/logging_exporter.go:331	TracesExporter	{"#spans": 33466}
2021-05-03T09:37:29.663Z	INFO	loggingexporter/logging_exporter.go:331	TracesExporter	{"#spans": 28535}
2021-05-03T09:37:29.863Z	INFO	loggingexporter/logging_exporter.go:331	TracesExporter	{"#spans": 31411}
2021-05-03T09:37:30.667Z	INFO	loggingexporter/logging_exporter.go:331	TracesExporter	{"#spans": 31720}
2021-05-03T09:37:30.868Z	INFO	loggingexporter/logging_exporter.go:331	TracesExporter	{"#spans": 30707}
2021-05-03T09:37:31.672Z	INFO	loggingexporter/logging_exporter.go:331	TracesExporter	{"#spans": 396}
2021-05-03T09:37:31.873Z	INFO	loggingexporter/logging_exporter.go:331	TracesExporter	{"#spans": 2341}
2021-05-03T09:37:32.673Z	INFO	loggingexporter/logging_exporter.go:331	TracesExporter	{"#spans": 2384}
2021-05-03T09:37:32.873Z	INFO	loggingexporter/logging_exporter.go:331	TracesExporter	{"#spans": 552}
2021-05-03T09:37:33.674Z	INFO	loggingexporter/logging_exporter.go:331	TracesExporter	{"#spans": 14}
2021-05-03T09:37:33.874Z	INFO	loggingexporter/logging_exporter.go:331	TracesExporter	{"#spans": 16}
2021-05-03T09:37:35.292Z	INFO	loggingexporter/logging_exporter.go:331	TracesExporter	{"#spans": 2}
2021-05-03T09:37:35.692Z	INFO	loggingexporter/logging_exporter.go:331	TracesExporter	{"#spans": 8}
2021-05-03T09:37:36.292Z	INFO	loggingexporter/logging_exporter.go:331	TracesExporter	{"#spans": 30}
2021-05-03T09:37:36.492Z	INFO	loggingexporter/logging_exporter.go:331	TracesExporter	{"#spans": 40}
2021-05-03T09:37:37.293Z	INFO	loggingexporter/logging_exporter.go:331	TracesExporter	{"#spans": 8}
2021-05-03T09:37:37.893Z	INFO	loggingexporter/logging_exporter.go:331	TracesExporter	{"#spans": 2}
2021-05-03T09:37:38.293Z	INFO	loggingexporter/logging_exporter.go:331	TracesExporter	{"#spans": 2}
2021-05-03T09:37:38.893Z	INFO	loggingexporter/logging_exporter.go:331	TracesExporter	{"#spans": 2}
2021-05-03T09:37:39.293Z	INFO	loggingexporter/logging_exporter.go:331	TracesExporter	{"#spans": 8}
2021-05-03T09:37:40.093Z	INFO	loggingexporter/logging_exporter.go:331	TracesExporter	{"#spans": 2}
2021-05-03T09:37:40.493Z	INFO	loggingexporter/logging_exporter.go:331	TracesExporter	{"#spans": 6}
2021-05-03T09:37:40.694Z	INFO	loggingexporter/logging_exporter.go:331	TracesExporter	{"#spans": 2}
2021-05-03T09:37:43.796Z	INFO	loggingexporter/logging_exporter.go:331	TracesExporter	{"#spans": 2}
2021-05-03T09:37:45.397Z	INFO	loggingexporter/logging_exporter.go:331	TracesExporter	{"#spans": 2}
2021-05-03T09:37:45.997Z	INFO	loggingexporter/logging_exporter.go:331	TracesExporter	{"#spans": 4}
2021-05-03T09:37:50.412Z	INFO	loggingexporter/logging_exporter.go:331	TracesExporter	{"#spans": 2}
2021-05-03T09:37:51.414Z	INFO	loggingexporter/logging_exporter.go:331	TracesExporter	{"#spans": 2}
2021-05-03T09:37:51.614Z	INFO	loggingexporter/logging_exporter.go:331	TracesExporter	{"#spans": 6}
2021-05-03T09:37:52.415Z	INFO	loggingexporter/logging_exporter.go:331	TracesExporter	{"#spans": 34032}
2021-05-03T09:37:52.616Z	INFO	loggingexporter/logging_exporter.go:331	TracesExporter	{"#spans": 24270}
2021-05-03T09:37:53.417Z	INFO	loggingexporter/logging_exporter.go:331	TracesExporter	{"#spans": 21787}
2021-05-03T09:37:53.617Z	INFO	loggingexporter/logging_exporter.go:331	TracesExporter	{"#spans": 21839}
2021-05-03T09:37:54.420Z	INFO	loggingexporter/logging_exporter.go:331	TracesExporter	{"#spans": 49516}
2021-05-03T09:37:54.621Z	INFO	loggingexporter/logging_exporter.go:331	TracesExporter	{"#spans": 45801}
2021-05-03T09:37:55.425Z	INFO	loggingexporter/logging_exporter.go:331	TracesExporter	{"#spans": 4671}
2021-05-03T09:37:55.629Z	INFO	loggingexporter/logging_exporter.go:331	TracesExporter	{"#spans": 976}
2021-05-03T09:37:56.436Z	INFO	loggingexporter/logging_exporter.go:331	TracesExporter	{"#spans": 8060}
2021-05-03T09:37:56.636Z	INFO	loggingexporter/logging_exporter.go:331	TracesExporter	{"#spans": 19768}
2021-05-03T09:37:57.439Z	INFO	loggingexporter/logging_exporter.go:331	TracesExporter	{"#spans": 34271}
2021-05-03T09:37:57.639Z	INFO	loggingexporter/logging_exporter.go:331	TracesExporter	{"#spans": 36025}
2021-05-03T09:37:58.442Z	INFO	loggingexporter/logging_exporter.go:331	TracesExporter	{"#spans": 39568}
2021-05-03T09:37:58.643Z	INFO	loggingexporter/logging_exporter.go:331	TracesExporter	{"#spans": 41892}
2021-05-03T09:37:59.446Z	INFO	loggingexporter/logging_exporter.go:331	TracesExporter	{"#spans": 42991}
2021-05-03T09:37:59.646Z	INFO	loggingexporter/logging_exporter.go:331	TracesExporter	{"#spans": 41947}
2021-05-03T09:38:00.449Z	INFO	loggingexporter/logging_exporter.go:331	TracesExporter	{"#spans": 45084}
2021-05-03T09:38:00.650Z	INFO	loggingexporter/logging_exporter.go:331	TracesExporter	{"#spans": 44828}
2021-05-03T09:38:01.453Z	INFO	loggingexporter/logging_exporter.go:331	TracesExporter	{"#spans": 45889}
2021-05-03T09:38:01.655Z	INFO	loggingexporter/logging_exporter.go:331	TracesExporter	{"#spans": 44490}
2021-05-03T09:38:02.492Z	INFO	loggingexporter/logging_exporter.go:331	TracesExporter	{"#spans": 34286}
2021-05-03T09:38:02.692Z	INFO	loggingexporter/logging_exporter.go:331	TracesExporter	{"#spans": 34961}
2021-05-03T09:38:03.496Z	INFO	loggingexporter/logging_exporter.go:331	TracesExporter	{"#spans": 39284}
2021-05-03T09:38:03.697Z	INFO	loggingexporter/logging_exporter.go:331	TracesExporter	{"#spans": 41990}
2021-05-03T09:38:04.500Z	INFO	loggingexporter/logging_exporter.go:331	TracesExporter	{"#spans": 24065}
2021-05-03T09:38:04.701Z	INFO	loggingexporter/logging_exporter.go:331	TracesExporter	{"#spans": 28310}
2021-05-03T09:38:05.502Z	INFO	loggingexporter/logging_exporter.go:331	TracesExporter	{"#spans": 17942}
2021-05-03T09:38:05.702Z	INFO	loggingexporter/logging_exporter.go:331	TracesExporter	{"#spans": 2572}
2021-05-03T09:38:06.503Z	INFO	loggingexporter/logging_exporter.go:331	TracesExporter	{"#spans": 50}
2021-05-03T09:38:06.703Z	INFO	loggingexporter/logging_exporter.go:331	TracesExporter	{"#spans": 8158}
2021-05-03T09:38:07.504Z	INFO	loggingexporter/logging_exporter.go:331	TracesExporter	{"#spans": 424}
2021-05-03T09:38:07.708Z	INFO	loggingexporter/logging_exporter.go:331	TracesExporter	{"#spans": 154}
2021-05-03T09:38:08.508Z	INFO	loggingexporter/logging_exporter.go:331	TracesExporter	{"#spans": 90}
2021-05-03T09:38:08.708Z	INFO	loggingexporter/logging_exporter.go:331	TracesExporter	{"#spans": 76}
2021-05-03T09:38:09.509Z	INFO	loggingexporter/logging_exporter.go:331	TracesExporter	{"#spans": 54}
2021-05-03T09:38:09.709Z	INFO	loggingexporter/logging_exporter.go:331	TracesExporter	{"#spans": 54}
2021-05-03T09:38:10.509Z	INFO	loggingexporter/logging_exporter.go:331	TracesExporter	{"#spans": 10}
2021-05-03T09:38:10.909Z	INFO	loggingexporter/logging_exporter.go:331	TracesExporter	{"#spans": 10}
2021-05-03T09:38:11.509Z	INFO	loggingexporter/logging_exporter.go:331	TracesExporter	{"#spans": 10}
2021-05-03T09:38:12.109Z	INFO	loggingexporter/logging_exporter.go:331	TracesExporter	{"#spans": 10}
2021-05-03T09:38:13.110Z	INFO	loggingexporter/logging_exporter.go:331	TracesExporter	{"#spans": 4}
2021-05-03T09:38:13.310Z	INFO	loggingexporter/logging_exporter.go:331	TracesExporter	{"#spans": 6}
2021-05-03T09:38:14.136Z	INFO	loggingexporter/logging_exporter.go:331	TracesExporter	{"#spans": 2}
2021-05-03T09:38:14.936Z	INFO	loggingexporter/logging_exporter.go:331	TracesExporter	{"#spans": 6}
2021-05-03T09:38:15.736Z	INFO	loggingexporter/logging_exporter.go:331	TracesExporter	{"#spans": 10}
2021-05-03T09:38:19.337Z	INFO	loggingexporter/logging_exporter.go:331	TracesExporter	{"#spans": 2}
2021-05-03T09:38:19.537Z	INFO	loggingexporter/logging_exporter.go:331	TracesExporter	{"#spans": 2}
2021-05-03T09:38:20.740Z	INFO	loggingexporter/logging_exporter.go:331	TracesExporter	{"#spans": 6}
2021-05-03T09:38:24.941Z	INFO	loggingexporter/logging_exporter.go:331	TracesExporter	{"#spans": 2}
2021-05-03T09:38:25.141Z	INFO	loggingexporter/logging_exporter.go:331	TracesExporter	{"#spans": 8}
2021-05-03T09:38:25.942Z	INFO	loggingexporter/logging_exporter.go:331	TracesExporter	{"#spans": 23850}
2021-05-03T09:38:26.143Z	INFO	loggingexporter/logging_exporter.go:331	TracesExporter	{"#spans": 15180}
2021-05-03T09:38:26.944Z	INFO	loggingexporter/logging_exporter.go:331	TracesExporter	{"#spans": 21850}
2021-05-03T09:38:27.145Z	INFO	loggingexporter/logging_exporter.go:331	TracesExporter	{"#spans": 22890}
2021-05-03T09:38:27.960Z	INFO	loggingexporter/logging_exporter.go:331	TracesExporter	{"#spans": 1319}
2021-05-03T09:38:28.168Z	INFO	loggingexporter/logging_exporter.go:331	TracesExporter	{"#spans": 1069}
2021-05-03T09:38:28.975Z	INFO	loggingexporter/logging_exporter.go:331	TracesExporter	{"#spans": 34085}
2021-05-03T09:38:29.175Z	INFO	loggingexporter/logging_exporter.go:331	TracesExporter	{"#spans": 24826}
2021-05-03T09:38:29.978Z	INFO	loggingexporter/logging_exporter.go:331	TracesExporter	{"#spans": 46047}
2021-05-03T09:38:30.179Z	INFO	loggingexporter/logging_exporter.go:331	TracesExporter	{"#spans": 40340}
2021-05-03T09:38:30.981Z	INFO	loggingexporter/logging_exporter.go:331	TracesExporter	{"#spans": 40037}
2021-05-03T09:38:31.182Z	INFO	loggingexporter/logging_exporter.go:331	TracesExporter	{"#spans": 40720}
2021-05-03T09:38:31.985Z	INFO	loggingexporter/logging_exporter.go:331	TracesExporter	{"#spans": 43722}
2021-05-03T09:38:32.185Z	INFO	loggingexporter/logging_exporter.go:331	TracesExporter	{"#spans": 44793}
2021-05-03T09:38:32.989Z	INFO	loggingexporter/logging_exporter.go:331	TracesExporter	{"#spans": 43974}
2021-05-03T09:38:33.190Z	INFO	loggingexporter/logging_exporter.go:331	TracesExporter	{"#spans": 45182}
2021-05-03T09:38:33.993Z	INFO	loggingexporter/logging_exporter.go:331	TracesExporter	{"#spans": 46670}
2021-05-03T09:38:34.196Z	INFO	loggingexporter/logging_exporter.go:331	TracesExporter	{"#spans": 45478}
2021-05-03T09:38:35.026Z	INFO	loggingexporter/logging_exporter.go:331	TracesExporter	{"#spans": 32263}
2021-05-03T09:38:35.234Z	INFO	loggingexporter/logging_exporter.go:331	TracesExporter	{"#spans": 7295}
2021-05-03T09:38:36.036Z	INFO	loggingexporter/logging_exporter.go:331	TracesExporter	{"#spans": 32053}
2021-05-03T09:38:36.237Z	INFO	loggingexporter/logging_exporter.go:331	TracesExporter	{"#spans": 40278}
2021-05-03T09:38:37.040Z	INFO	loggingexporter/logging_exporter.go:331	TracesExporter	{"#spans": 39154}
2021-05-03T09:38:37.241Z	INFO	loggingexporter/logging_exporter.go:331	TracesExporter	{"#spans": 42105}
2021-05-03T09:38:38.044Z	INFO	loggingexporter/logging_exporter.go:331	TracesExporter	{"#spans": 27504}
2021-05-03T09:38:38.246Z	INFO	loggingexporter/logging_exporter.go:331	TracesExporter	{"#spans": 14050}
2021-05-03T09:38:39.048Z	INFO	loggingexporter/logging_exporter.go:331	TracesExporter	{"#spans": 32052}
2021-05-03T09:38:39.248Z	INFO	loggingexporter/logging_exporter.go:331	TracesExporter	{"#spans": 25831}
2021-05-03T09:38:40.050Z	INFO	loggingexporter/logging_exporter.go:331	TracesExporter	{"#spans": 7070}
2021-05-03T09:38:40.250Z	INFO	loggingexporter/logging_exporter.go:331	TracesExporter	{"#spans": 6745}
2021-05-03T09:38:41.051Z	INFO	loggingexporter/logging_exporter.go:331	TracesExporter	{"#spans": 24}
2021-05-03T09:38:41.251Z	INFO	loggingexporter/logging_exporter.go:331	TracesExporter	{"#spans": 18}
2021-05-03T09:38:42.251Z	INFO	loggingexporter/logging_exporter.go:331	TracesExporter	{"#spans": 6}
2021-05-03T09:38:42.452Z	INFO	loggingexporter/logging_exporter.go:331	TracesExporter	{"#spans": 8}
2021-05-03T09:38:43.252Z	INFO	loggingexporter/logging_exporter.go:331	TracesExporter	{"#spans": 20}
2021-05-03T09:38:43.452Z	INFO	loggingexporter/logging_exporter.go:331	TracesExporter	{"#spans": 20}
2021-05-03T09:38:44.252Z	INFO	loggingexporter/logging_exporter.go:331	TracesExporter	{"#spans": 30}
2021-05-03T09:38:44.452Z	INFO	loggingexporter/logging_exporter.go:331	TracesExporter	{"#spans": 24}
2021-05-03T09:38:45.252Z	INFO	loggingexporter/logging_exporter.go:331	TracesExporter	{"#spans": 6}
2021-05-03T09:38:45.466Z	INFO	loggingexporter/logging_exporter.go:331	TracesExporter	{"#spans": 2}
2021-05-03T09:38:46.267Z	INFO	loggingexporter/logging_exporter.go:331	TracesExporter	{"#spans": 14}
2021-05-03T09:38:47.267Z	INFO	loggingexporter/logging_exporter.go:331	TracesExporter	{"#spans": 2}
2021-05-03T09:38:47.467Z	INFO	loggingexporter/logging_exporter.go:331	TracesExporter	{"#spans": 2}
2021-05-03T09:38:48.267Z	INFO	loggingexporter/logging_exporter.go:331	TracesExporter	{"#spans": 2}
2021-05-03T09:38:48.468Z	INFO	loggingexporter/logging_exporter.go:331	TracesExporter	{"#spans": 4}
2021-05-03T09:38:49.668Z	INFO	loggingexporter/logging_exporter.go:331	TracesExporter	{"#spans": 6}
2021-05-03T09:38:49.868Z	INFO	loggingexporter/logging_exporter.go:331	TracesExporter	{"#spans": 4}
2021-05-03T09:38:51.068Z	INFO	loggingexporter/logging_exporter.go:331	TracesExporter	{"#spans": 4}
2021-05-03T09:38:52.673Z	INFO	loggingexporter/logging_exporter.go:331	TracesExporter	{"#spans": 2}
2021-05-03T09:38:53.073Z	INFO	loggingexporter/logging_exporter.go:331	TracesExporter	{"#spans": 2}
2021-05-03T09:38:57.274Z	INFO	loggingexporter/logging_exporter.go:331	TracesExporter	{"#spans": 2}
2021-05-03T09:38:57.474Z	INFO	loggingexporter/logging_exporter.go:331	TracesExporter	{"#spans": 4}
2021-05-03T09:38:58.274Z	INFO	loggingexporter/logging_exporter.go:331	TracesExporter	{"#spans": 2}
2021-05-03T09:39:00.688Z	INFO	loggingexporter/logging_exporter.go:331	TracesExporter	{"#spans": 8}
2021-05-03T09:39:00.888Z	INFO	loggingexporter/logging_exporter.go:331	TracesExporter	{"#spans": 21182}
2021-05-03T09:39:01.689Z	INFO	loggingexporter/logging_exporter.go:331	TracesExporter	{"#spans": 22855}
2021-05-03T09:39:01.889Z	INFO	loggingexporter/logging_exporter.go:331	TracesExporter	{"#spans": 21533}
2021-05-03T09:39:02.691Z	INFO	loggingexporter/logging_exporter.go:331	TracesExporter	{"#spans": 21658}
2021-05-03T09:39:02.891Z	INFO	loggingexporter/logging_exporter.go:331	TracesExporter	{"#spans": 44919}
2021-05-03T09:39:03.695Z	INFO	loggingexporter/logging_exporter.go:331	TracesExporter	{"#spans": 48948}
2021-05-03T09:39:03.896Z	INFO	loggingexporter/logging_exporter.go:331	TracesExporter	{"#spans": 50246}
2021-05-03T09:39:04.698Z	INFO	loggingexporter/logging_exporter.go:331	TracesExporter	{"#spans": 43126}
2021-05-03T09:39:04.899Z	INFO	loggingexporter/logging_exporter.go:331	TracesExporter	{"#spans": 42643}
2021-05-03T09:39:05.702Z	INFO	loggingexporter/logging_exporter.go:331	TracesExporter	{"#spans": 44106}
2021-05-03T09:39:05.903Z	INFO	loggingexporter/logging_exporter.go:331	TracesExporter	{"#spans": 42280}
2021-05-03T09:39:06.707Z	INFO	loggingexporter/logging_exporter.go:331	TracesExporter	{"#spans": 23693}
2021-05-03T09:39:06.912Z	INFO	loggingexporter/logging_exporter.go:331	TracesExporter	{"#spans": 1637}
2021-05-03T09:39:07.727Z	INFO	loggingexporter/logging_exporter.go:331	TracesExporter	{"#spans": 34679}
2021-05-03T09:39:07.927Z	INFO	loggingexporter/logging_exporter.go:331	TracesExporter	{"#spans": 35990}
2021-05-03T09:39:08.731Z	INFO	loggingexporter/logging_exporter.go:331	TracesExporter	{"#spans": 45077}
2021-05-03T09:39:08.931Z	INFO	loggingexporter/logging_exporter.go:331	TracesExporter	{"#spans": 45330}
2021-05-03T09:39:09.734Z	INFO	loggingexporter/logging_exporter.go:331	TracesExporter	{"#spans": 45338}
2021-05-03T09:39:09.935Z	INFO	loggingexporter/logging_exporter.go:331	TracesExporter	{"#spans": 46466}
2021-05-03T09:39:10.737Z	INFO	loggingexporter/logging_exporter.go:331	TracesExporter	{"#spans": 41030}
2021-05-03T09:39:10.938Z	INFO	loggingexporter/logging_exporter.go:331	TracesExporter	{"#spans": 40174}
2021-05-03T09:39:11.741Z	INFO	loggingexporter/logging_exporter.go:331	TracesExporter	{"#spans": 15871}
2021-05-03T09:39:11.942Z	INFO	loggingexporter/logging_exporter.go:331	TracesExporter	{"#spans": 27777}
2021-05-03T09:39:12.745Z	INFO	loggingexporter/logging_exporter.go:331	TracesExporter	{"#spans": 32498}
2021-05-03T09:39:12.945Z	INFO	loggingexporter/logging_exporter.go:331	TracesExporter	{"#spans": 30936}
2021-05-03T09:39:13.749Z	INFO	loggingexporter/logging_exporter.go:331	TracesExporter	{"#spans": 15531}
2021-05-03T09:39:13.949Z	INFO	loggingexporter/logging_exporter.go:331	TracesExporter	{"#spans": 12611}
2021-05-03T09:39:14.750Z	INFO	loggingexporter/logging_exporter.go:331	TracesExporter	{"#spans": 2830}
2021-05-03T09:39:14.950Z	INFO	loggingexporter/logging_exporter.go:331	TracesExporter	{"#spans": 4376}
2021-05-03T09:39:15.751Z	INFO	loggingexporter/logging_exporter.go:331	TracesExporter	{"#spans": 70}
2021-05-03T09:39:15.951Z	INFO	loggingexporter/logging_exporter.go:331	TracesExporter	{"#spans": 180}
2021-05-03T09:39:16.751Z	INFO	loggingexporter/logging_exporter.go:331	TracesExporter	{"#spans": 10}
2021-05-03T09:39:16.951Z	INFO	loggingexporter/logging_exporter.go:331	TracesExporter	{"#spans": 20}
2021-05-03T09:39:18.565Z	INFO	loggingexporter/logging_exporter.go:331	TracesExporter	{"#spans": 10}
2021-05-03T09:39:18.765Z	INFO	loggingexporter/logging_exporter.go:331	TracesExporter	{"#spans": 10}
2021-05-03T09:39:19.565Z	INFO	loggingexporter/logging_exporter.go:331	TracesExporter	{"#spans": 30}
2021-05-03T09:39:19.765Z	INFO	loggingexporter/logging_exporter.go:331	TracesExporter	{"#spans": 10}
2021-05-03T09:39:20.565Z	INFO	loggingexporter/logging_exporter.go:331	TracesExporter	{"#spans": 10}
2021-05-03T09:39:21.766Z	INFO	loggingexporter/logging_exporter.go:331	TracesExporter	{"#spans": 10}
2021-05-03T09:39:22.966Z	INFO	loggingexporter/logging_exporter.go:331	TracesExporter	{"#spans": 10}
2021-05-03T09:39:23.766Z	INFO	loggingexporter/logging_exporter.go:331	TracesExporter	{"#spans": 10}
2021-05-03T09:39:26.975Z	INFO	loggingexporter/logging_exporter.go:331	TracesExporter	{"#spans": 2}
2021-05-03T09:39:27.175Z	INFO	loggingexporter/logging_exporter.go:331	TracesExporter	{"#spans": 8}
2021-05-03T09:39:33.382Z	INFO	loggingexporter/logging_exporter.go:331	TracesExporter	{"#spans": 10}
2021-05-03T09:39:34.582Z	INFO	loggingexporter/logging_exporter.go:331	TracesExporter	{"#spans": 10}
2021-05-03T09:39:34.783Z	INFO	loggingexporter/logging_exporter.go:331	TracesExporter	{"#spans": 25722}
2021-05-03T09:39:35.585Z	INFO	loggingexporter/logging_exporter.go:331	TracesExporter	{"#spans": 23686}
2021-05-03T09:39:35.785Z	INFO	loggingexporter/logging_exporter.go:331	TracesExporter	{"#spans": 20276}
2021-05-03T09:39:36.587Z	INFO	loggingexporter/logging_exporter.go:331	TracesExporter	{"#spans": 45133}
2021-05-03T09:39:36.788Z	INFO	loggingexporter/logging_exporter.go:331	TracesExporter	{"#spans": 44083}
2021-05-03T09:39:37.592Z	INFO	loggingexporter/logging_exporter.go:331	TracesExporter	{"#spans": 52276}
2021-05-03T09:39:37.793Z	INFO	loggingexporter/logging_exporter.go:331	TracesExporter	{"#spans": 45071}
2021-05-03T09:39:38.607Z	INFO	loggingexporter/logging_exporter.go:331	TracesExporter	{"#spans": 1109}
2021-05-03T09:39:38.818Z	INFO	loggingexporter/logging_exporter.go:331	TracesExporter	{"#spans": 1056}
2021-05-03T09:39:39.626Z	INFO	loggingexporter/logging_exporter.go:331	TracesExporter	{"#spans": 37454}
2021-05-03T09:39:39.826Z	INFO	loggingexporter/logging_exporter.go:331	TracesExporter	{"#spans": 38953}
2021-05-03T09:39:40.631Z	INFO	loggingexporter/logging_exporter.go:331	TracesExporter	{"#spans": 41996}
2021-05-03T09:39:40.831Z	INFO	loggingexporter/logging_exporter.go:331	TracesExporter	{"#spans": 40399}
2021-05-03T09:39:41.634Z	INFO	loggingexporter/logging_exporter.go:331	TracesExporter	{"#spans": 44083}
2021-05-03T09:39:41.835Z	INFO	loggingexporter/logging_exporter.go:331	TracesExporter	{"#spans": 43688}
2021-05-03T09:39:42.638Z	INFO	loggingexporter/logging_exporter.go:331	TracesExporter	{"#spans": 43723}
2021-05-03T09:39:42.839Z	INFO	loggingexporter/logging_exporter.go:331	TracesExporter	{"#spans": 43441}
2021-05-03T09:39:43.642Z	INFO	loggingexporter/logging_exporter.go:331	TracesExporter	{"#spans": 44754}
2021-05-03T09:39:43.843Z	INFO	loggingexporter/logging_exporter.go:331	TracesExporter	{"#spans": 45678}
2021-05-03T09:39:44.705Z	INFO	loggingexporter/logging_exporter.go:331	TracesExporter	{"#spans": 14630}
2021-05-03T09:39:44.906Z	INFO	loggingexporter/logging_exporter.go:331	TracesExporter	{"#spans": 32454}
2021-05-03T09:39:45.709Z	INFO	loggingexporter/logging_exporter.go:331	TracesExporter	{"#spans": 40982}
2021-05-03T09:39:45.910Z	INFO	loggingexporter/logging_exporter.go:331	TracesExporter	{"#spans": 39893}
2021-05-03T09:39:46.713Z	INFO	loggingexporter/logging_exporter.go:331	TracesExporter	{"#spans": 17518}
2021-05-03T09:39:46.914Z	INFO	loggingexporter/logging_exporter.go:331	TracesExporter	{"#spans": 27793}
2021-05-03T09:39:47.717Z	INFO	loggingexporter/logging_exporter.go:331	TracesExporter	{"#spans": 20522}
2021-05-03T09:39:47.917Z	INFO	loggingexporter/logging_exporter.go:331	TracesExporter	{"#spans": 13479}
2021-05-03T09:39:48.718Z	INFO	loggingexporter/logging_exporter.go:331	TracesExporter	{"#spans": 10}
2021-05-03T09:39:48.918Z	INFO	loggingexporter/logging_exporter.go:331	TracesExporter	{"#spans": 12}
2021-05-03T09:39:49.719Z	INFO	loggingexporter/logging_exporter.go:331	TracesExporter	{"#spans": 10674}
2021-05-03T09:39:49.919Z	INFO	loggingexporter/logging_exporter.go:331	TracesExporter	{"#spans": 72}
2021-05-03T09:39:50.720Z	INFO	loggingexporter/logging_exporter.go:331	TracesExporter	{"#spans": 32}
2021-05-03T09:39:50.920Z	INFO	loggingexporter/logging_exporter.go:331	TracesExporter	{"#spans": 32}
2021-05-03T09:39:51.720Z	INFO	loggingexporter/logging_exporter.go:331	TracesExporter	{"#spans": 42}
2021-05-03T09:39:51.920Z	INFO	loggingexporter/logging_exporter.go:331	TracesExporter	{"#spans": 62}
2021-05-03T09:39:52.721Z	INFO	loggingexporter/logging_exporter.go:331	TracesExporter	{"#spans": 90}
2021-05-03T09:39:52.921Z	INFO	loggingexporter/logging_exporter.go:331	TracesExporter	{"#spans": 52}
2021-05-03T09:39:53.721Z	INFO	loggingexporter/logging_exporter.go:331	TracesExporter	{"#spans": 2}
2021-05-03T09:39:54.121Z	INFO	loggingexporter/logging_exporter.go:331	TracesExporter	{"#spans": 8}
2021-05-03T09:39:54.921Z	INFO	loggingexporter/logging_exporter.go:331	TracesExporter	{"#spans": 8}
2021-05-03T09:39:55.321Z	INFO	loggingexporter/logging_exporter.go:331	TracesExporter	{"#spans": 2}
2021-05-03T09:39:56.331Z	INFO	loggingexporter/logging_exporter.go:331	TracesExporter	{"#spans": 8}
2021-05-03T09:39:56.531Z	INFO	loggingexporter/logging_exporter.go:331	TracesExporter	{"#spans": 2}
2021-05-03T09:39:57.731Z	INFO	loggingexporter/logging_exporter.go:331	TracesExporter	{"#spans": 8}
2021-05-03T09:39:57.932Z	INFO	loggingexporter/logging_exporter.go:331	TracesExporter	{"#spans": 2}
2021-05-03T09:39:58.732Z	INFO	loggingexporter/logging_exporter.go:331	TracesExporter	{"#spans": 2}
2021-05-03T09:39:59.332Z	INFO	loggingexporter/logging_exporter.go:331	TracesExporter	{"#spans": 2}
2021-05-03T09:40:04.937Z	INFO	loggingexporter/logging_exporter.go:331	TracesExporter	{"#spans": 2}
2021-05-03T09:40:05.537Z	INFO	loggingexporter/logging_exporter.go:331	TracesExporter	{"#spans": 2}
2021-05-03T09:40:05.937Z	INFO	loggingexporter/logging_exporter.go:331	TracesExporter	{"#spans": 2}
2021-05-03T09:40:06.537Z	INFO	loggingexporter/logging_exporter.go:331	TracesExporter	{"#spans": 2}
2021-05-03T09:40:07.738Z	INFO	loggingexporter/logging_exporter.go:331	TracesExporter	{"#spans": 2}
2021-05-03T09:40:07.938Z	INFO	loggingexporter/logging_exporter.go:331	TracesExporter	{"#spans": 9208}
2021-05-03T09:40:08.739Z	INFO	loggingexporter/logging_exporter.go:331	TracesExporter	{"#spans": 16562}
2021-05-03T09:40:08.940Z	INFO	loggingexporter/logging_exporter.go:331	TracesExporter	{"#spans": 12156}
2021-05-03T09:40:09.742Z	INFO	loggingexporter/logging_exporter.go:331	TracesExporter	{"#spans": 45516}
2021-05-03T09:40:09.943Z	INFO	loggingexporter/logging_exporter.go:331	TracesExporter	{"#spans": 34944}
2021-05-03T09:40:10.752Z	INFO	loggingexporter/logging_exporter.go:331	TracesExporter	{"#spans": 1257}
2021-05-03T09:40:10.954Z	INFO	loggingexporter/logging_exporter.go:331	TracesExporter	{"#spans": 1024}
2021-05-03T09:40:11.756Z	INFO	loggingexporter/logging_exporter.go:331	TracesExporter	{"#spans": 28982}
2021-05-03T09:40:11.957Z	INFO	loggingexporter/logging_exporter.go:331	TracesExporter	{"#spans": 37478}
2021-05-03T09:40:12.760Z	INFO	loggingexporter/logging_exporter.go:331	TracesExporter	{"#spans": 37437}
2021-05-03T09:40:12.960Z	INFO	loggingexporter/logging_exporter.go:331	TracesExporter	{"#spans": 35014}
2021-05-03T09:40:13.763Z	INFO	loggingexporter/logging_exporter.go:331	TracesExporter	{"#spans": 42981}
2021-05-03T09:40:13.964Z	INFO	loggingexporter/logging_exporter.go:331	TracesExporter	{"#spans": 42484}
2021-05-03T09:40:14.767Z	INFO	loggingexporter/logging_exporter.go:331	TracesExporter	{"#spans": 46639}
2021-05-03T09:40:14.968Z	INFO	loggingexporter/logging_exporter.go:331	TracesExporter	{"#spans": 47727}
2021-05-03T09:40:15.771Z	INFO	loggingexporter/logging_exporter.go:331	TracesExporter	{"#spans": 46321}
2021-05-03T09:40:15.972Z	INFO	loggingexporter/logging_exporter.go:331	TracesExporter	{"#spans": 46201}
2021-05-03T09:40:16.776Z	INFO	loggingexporter/logging_exporter.go:331	TracesExporter	{"#spans": 47175}
2021-05-03T09:40:16.977Z	INFO	loggingexporter/logging_exporter.go:331	TracesExporter	{"#spans": 47748}
2021-05-03T09:40:17.780Z	INFO	loggingexporter/logging_exporter.go:331	TracesExporter	{"#spans": 17226}
2021-05-03T09:40:17.980Z	INFO	loggingexporter/logging_exporter.go:331	TracesExporter	{"#spans": 34134}
2021-05-03T09:40:18.783Z	INFO	loggingexporter/logging_exporter.go:331	TracesExporter	{"#spans": 41412}
2021-05-03T09:40:18.984Z	INFO	loggingexporter/logging_exporter.go:331	TracesExporter	{"#spans": 40389}
2021-05-03T09:40:19.787Z	INFO	loggingexporter/logging_exporter.go:331	TracesExporter	{"#spans": 31999}
2021-05-03T09:40:19.987Z	INFO	loggingexporter/logging_exporter.go:331	TracesExporter	{"#spans": 30235}
2021-05-03T09:40:20.790Z	INFO	loggingexporter/logging_exporter.go:331	TracesExporter	{"#spans": 27375}
2021-05-03T09:40:20.990Z	INFO	loggingexporter/logging_exporter.go:331	TracesExporter	{"#spans": 27670}
2021-05-03T09:40:21.793Z	INFO	loggingexporter/logging_exporter.go:331	TracesExporter	{"#spans": 25472}
2021-05-03T09:40:21.993Z	INFO	loggingexporter/logging_exporter.go:331	TracesExporter	{"#spans": 16337}
2021-05-03T09:40:22.794Z	INFO	loggingexporter/logging_exporter.go:331	TracesExporter	{"#spans": 4197}
2021-05-03T09:40:22.994Z	INFO	loggingexporter/logging_exporter.go:331	TracesExporter	{"#spans": 2742}
2021-05-03T09:40:23.795Z	INFO	loggingexporter/logging_exporter.go:331	TracesExporter	{"#spans": 1232}
2021-05-03T09:40:23.995Z	INFO	loggingexporter/logging_exporter.go:331	TracesExporter	{"#spans": 2}
2021-05-03T09:40:24.795Z	INFO	loggingexporter/logging_exporter.go:331	TracesExporter	{"#spans": 2}
2021-05-03T09:40:24.995Z	INFO	loggingexporter/logging_exporter.go:331	TracesExporter	{"#spans": 10}
2021-05-03T09:40:25.795Z	INFO	loggingexporter/logging_exporter.go:331	TracesExporter	{"#spans": 24}
2021-05-03T09:40:25.996Z	INFO	loggingexporter/logging_exporter.go:331	TracesExporter	{"#spans": 22}
2021-05-03T09:40:26.796Z	INFO	loggingexporter/logging_exporter.go:331	TracesExporter	{"#spans": 28}
2021-05-03T09:40:26.996Z	INFO	loggingexporter/logging_exporter.go:331	TracesExporter	{"#spans": 20}
2021-05-03T09:40:28.404Z	INFO	loggingexporter/logging_exporter.go:331	TracesExporter	{"#spans": 4}
2021-05-03T09:40:28.604Z	INFO	loggingexporter/logging_exporter.go:331	TracesExporter	{"#spans": 14}
2021-05-03T09:40:29.405Z	INFO	loggingexporter/logging_exporter.go:331	TracesExporter	{"#spans": 2}
2021-05-03T09:40:30.805Z	INFO	loggingexporter/logging_exporter.go:331	TracesExporter	{"#spans": 8}
2021-05-03T09:40:31.005Z	INFO	loggingexporter/logging_exporter.go:331	TracesExporter	{"#spans": 2}
2021-05-03T09:40:32.005Z	INFO	loggingexporter/logging_exporter.go:331	TracesExporter	{"#spans": 10}
2021-05-03T09:40:34.006Z	INFO	loggingexporter/logging_exporter.go:331	TracesExporter	{"#spans": 2}
2021-05-03T09:40:34.206Z	INFO	loggingexporter/logging_exporter.go:331	TracesExporter	{"#spans": 2}
2021-05-03T09:40:35.209Z	INFO	loggingexporter/logging_exporter.go:331	TracesExporter	{"#spans": 2}
2021-05-03T09:40:35.609Z	INFO	loggingexporter/logging_exporter.go:331	TracesExporter	{"#spans": 2}
2021-05-03T09:40:40.010Z	INFO	loggingexporter/logging_exporter.go:331	TracesExporter	{"#spans": 4}
2021-05-03T09:40:40.210Z	INFO	loggingexporter/logging_exporter.go:331	TracesExporter	{"#spans": 2}
2021-05-03T09:40:42.833Z	INFO	loggingexporter/logging_exporter.go:331	TracesExporter	{"#spans": 4495}
2021-05-03T09:40:43.034Z	INFO	loggingexporter/logging_exporter.go:331	TracesExporter	{"#spans": 18719}
2021-05-03T09:40:43.835Z	INFO	loggingexporter/logging_exporter.go:331	TracesExporter	{"#spans": 22495}
2021-05-03T09:40:44.036Z	INFO	loggingexporter/logging_exporter.go:331	TracesExporter	{"#spans": 22383}
2021-05-03T09:40:44.837Z	INFO	loggingexporter/logging_exporter.go:331	TracesExporter	{"#spans": 21625}
2021-05-03T09:40:45.038Z	INFO	loggingexporter/logging_exporter.go:331	TracesExporter	{"#spans": 42975}
2021-05-03T09:40:45.840Z	INFO	loggingexporter/logging_exporter.go:331	TracesExporter	{"#spans": 50494}
2021-05-03T09:40:46.041Z	INFO	loggingexporter/logging_exporter.go:331	TracesExporter	{"#spans": 49926}
2021-05-03T09:40:46.844Z	INFO	loggingexporter/logging_exporter.go:331	TracesExporter	{"#spans": 43968}
2021-05-03T09:40:47.045Z	INFO	loggingexporter/logging_exporter.go:331	TracesExporter	{"#spans": 41696}
2021-05-03T09:40:47.848Z	INFO	loggingexporter/logging_exporter.go:331	TracesExporter	{"#spans": 45356}
2021-05-03T09:40:48.049Z	INFO	loggingexporter/logging_exporter.go:331	TracesExporter	{"#spans": 45742}
2021-05-03T09:40:48.853Z	INFO	loggingexporter/logging_exporter.go:331	TracesExporter	{"#spans": 49734}
2021-05-03T09:40:49.054Z	INFO	loggingexporter/logging_exporter.go:331	TracesExporter	{"#spans": 48180}
2021-05-03T09:40:49.867Z	INFO	loggingexporter/logging_exporter.go:331	TracesExporter	{"#spans": 23142}
2021-05-03T09:40:50.068Z	INFO	loggingexporter/logging_exporter.go:331	TracesExporter	{"#spans": 35476}
2021-05-03T09:40:50.871Z	INFO	loggingexporter/logging_exporter.go:331	TracesExporter	{"#spans": 46664}
2021-05-03T09:40:51.071Z	INFO	loggingexporter/logging_exporter.go:331	TracesExporter	{"#spans": 45813}
2021-05-03T09:40:51.874Z	INFO	loggingexporter/logging_exporter.go:331	TracesExporter	{"#spans": 47026}
2021-05-03T09:40:52.075Z	INFO	loggingexporter/logging_exporter.go:331	TracesExporter	{"#spans": 45462}
2021-05-03T09:40:52.878Z	INFO	loggingexporter/logging_exporter.go:331	TracesExporter	{"#spans": 43051}
2021-05-03T09:40:53.079Z	INFO	loggingexporter/logging_exporter.go:331	TracesExporter	{"#spans": 42517}
2021-05-03T09:40:53.881Z	INFO	loggingexporter/logging_exporter.go:331	TracesExporter	{"#spans": 21682}
2021-05-03T09:40:54.082Z	INFO	loggingexporter/logging_exporter.go:331	TracesExporter	{"#spans": 23577}
2021-05-03T09:40:54.885Z	INFO	loggingexporter/logging_exporter.go:331	TracesExporter	{"#spans": 31003}
2021-05-03T09:40:55.085Z	INFO	loggingexporter/logging_exporter.go:331	TracesExporter	{"#spans": 31366}
2021-05-03T09:40:55.888Z	INFO	loggingexporter/logging_exporter.go:331	TracesExporter	{"#spans": 13603}
2021-05-03T09:40:56.088Z	INFO	loggingexporter/logging_exporter.go:331	TracesExporter	{"#spans": 876}
2021-05-03T09:40:56.888Z	INFO	loggingexporter/logging_exporter.go:331	TracesExporter	{"#spans": 5153}
2021-05-03T09:40:57.089Z	INFO	loggingexporter/logging_exporter.go:331	TracesExporter	{"#spans": 1362}
2021-05-03T09:40:57.889Z	INFO	loggingexporter/logging_exporter.go:331	TracesExporter	{"#spans": 20}
2021-05-03T09:40:58.089Z	INFO	loggingexporter/logging_exporter.go:331	TracesExporter	{"#spans": 16}
2021-05-03T09:40:58.889Z	INFO	loggingexporter/logging_exporter.go:331	TracesExporter	{"#spans": 14}
2021-05-03T09:40:59.089Z	INFO	loggingexporter/logging_exporter.go:331	TracesExporter	{"#spans": 16}
2021-05-03T09:41:00.089Z	INFO	loggingexporter/logging_exporter.go:331	TracesExporter	{"#spans": 2}
2021-05-03T09:41:00.892Z	INFO	loggingexporter/logging_exporter.go:331	TracesExporter	{"#spans": 18}
2021-05-03T09:41:01.092Z	INFO	loggingexporter/logging_exporter.go:331	TracesExporter	{"#spans": 12}
2021-05-03T09:41:01.293Z	INFO	loggingexporter/logging_exporter.go:331	TracesExporter	{"#spans": 10}
2021-05-03T09:41:02.093Z	INFO	loggingexporter/logging_exporter.go:331	TracesExporter	{"#spans": 2}
2021-05-03T09:41:02.493Z	INFO	loggingexporter/logging_exporter.go:331	TracesExporter	{"#spans": 4}
2021-05-03T09:41:03.093Z	INFO	loggingexporter/logging_exporter.go:331	TracesExporter	{"#spans": 2}
2021-05-03T09:41:03.693Z	INFO	loggingexporter/logging_exporter.go:331	TracesExporter	{"#spans": 4}
2021-05-03T09:41:04.493Z	INFO	loggingexporter/logging_exporter.go:331	TracesExporter	{"#spans": 2}
2021-05-03T09:41:04.894Z	INFO	loggingexporter/logging_exporter.go:331	TracesExporter	{"#spans": 2}
2021-05-03T09:41:05.694Z	INFO	loggingexporter/logging_exporter.go:331	TracesExporter	{"#spans": 10}
2021-05-03T09:41:07.628Z	INFO	loggingexporter/logging_exporter.go:331	TracesExporter	{"#spans": 2}
2021-05-03T09:41:10.028Z	INFO	loggingexporter/logging_exporter.go:331	TracesExporter	{"#spans": 2}
2021-05-03T09:41:10.428Z	INFO	loggingexporter/logging_exporter.go:331	TracesExporter	{"#spans": 2}
2021-05-03T09:41:13.029Z	INFO	loggingexporter/logging_exporter.go:331	TracesExporter	{"#spans": 2}
2021-05-03T09:41:15.650Z	INFO	loggingexporter/logging_exporter.go:331	TracesExporter	{"#spans": 6}
2021-05-03T09:41:15.850Z	INFO	loggingexporter/logging_exporter.go:331	TracesExporter	{"#spans": 2}
2021-05-03T09:41:16.651Z	INFO	loggingexporter/logging_exporter.go:331	TracesExporter	{"#spans": 5547}
2021-05-03T09:41:16.851Z	INFO	loggingexporter/logging_exporter.go:331	TracesExporter	{"#spans": 2877}
2021-05-03T09:41:17.652Z	INFO	loggingexporter/logging_exporter.go:331	TracesExporter	{"#spans": 22320}
2021-05-03T09:41:17.853Z	INFO	loggingexporter/logging_exporter.go:331	TracesExporter	{"#spans": 54368}
2021-05-03T09:41:18.657Z	INFO	loggingexporter/logging_exporter.go:331	TracesExporter	{"#spans": 50678}
2021-05-03T09:41:18.857Z	INFO	loggingexporter/logging_exporter.go:331	TracesExporter	{"#spans": 46451}
2021-05-03T09:41:19.660Z	INFO	loggingexporter/logging_exporter.go:331	TracesExporter	{"#spans": 39576}
2021-05-03T09:41:19.861Z	INFO	loggingexporter/logging_exporter.go:331	TracesExporter	{"#spans": 40996}
2021-05-03T09:41:20.667Z	INFO	loggingexporter/logging_exporter.go:331	TracesExporter	{"#spans": 28491}
2021-05-03T09:41:20.872Z	INFO	loggingexporter/logging_exporter.go:331	TracesExporter	{"#spans": 1637}
2021-05-03T09:41:21.685Z	INFO	loggingexporter/logging_exporter.go:331	TracesExporter	{"#spans": 11203}
2021-05-03T09:41:21.886Z	INFO	loggingexporter/logging_exporter.go:331	TracesExporter	{"#spans": 29599}
2021-05-03T09:41:22.689Z	INFO	loggingexporter/logging_exporter.go:331	TracesExporter	{"#spans": 46574}
2021-05-03T09:41:22.890Z	INFO	loggingexporter/logging_exporter.go:331	TracesExporter	{"#spans": 48366}
2021-05-03T09:41:23.693Z	INFO	loggingexporter/logging_exporter.go:331	TracesExporter	{"#spans": 47050}
2021-05-03T09:41:23.894Z	INFO	loggingexporter/logging_exporter.go:331	TracesExporter	{"#spans": 47340}
2021-05-03T09:41:24.697Z	INFO	loggingexporter/logging_exporter.go:331	TracesExporter	{"#spans": 45669}
2021-05-03T09:41:24.898Z	INFO	loggingexporter/logging_exporter.go:331	TracesExporter	{"#spans": 45636}
2021-05-03T09:41:25.701Z	INFO	loggingexporter/logging_exporter.go:331	TracesExporter	{"#spans": 40841}
2021-05-03T09:41:25.902Z	INFO	loggingexporter/logging_exporter.go:331	TracesExporter	{"#spans": 40466}
2021-05-03T09:41:26.766Z	INFO	loggingexporter/logging_exporter.go:331	TracesExporter	{"#spans": 29104}
2021-05-03T09:41:26.967Z	INFO	loggingexporter/logging_exporter.go:331	TracesExporter	{"#spans": 29508}
2021-05-03T09:41:27.769Z	INFO	loggingexporter/logging_exporter.go:331	TracesExporter	{"#spans": 31466}
2021-05-03T09:41:27.974Z	INFO	loggingexporter/logging_exporter.go:331	TracesExporter	{"#spans": 40147}
2021-05-03T09:41:28.777Z	INFO	loggingexporter/logging_exporter.go:331	TracesExporter	{"#spans": 32252}
2021-05-03T09:41:28.977Z	INFO	loggingexporter/logging_exporter.go:331	TracesExporter	{"#spans": 27534}
2021-05-03T09:41:29.781Z	INFO	loggingexporter/logging_exporter.go:331	TracesExporter	{"#spans": 6241}
2021-05-03T09:41:29.981Z	INFO	loggingexporter/logging_exporter.go:331	TracesExporter	{"#spans": 4430}
2021-05-03T09:41:30.781Z	INFO	loggingexporter/logging_exporter.go:331	TracesExporter	{"#spans": 12}
2021-05-03T09:41:30.981Z	INFO	loggingexporter/logging_exporter.go:331	TracesExporter	{"#spans": 106}
2021-05-03T09:41:31.782Z	INFO	loggingexporter/logging_exporter.go:331	TracesExporter	{"#spans": 48}
2021-05-03T09:41:31.982Z	INFO	loggingexporter/logging_exporter.go:331	TracesExporter	{"#spans": 28}
2021-05-03T09:41:32.789Z	INFO	loggingexporter/logging_exporter.go:331	TracesExporter	{"#spans": 1389}
2021-05-03T09:41:32.989Z	INFO	loggingexporter/logging_exporter.go:331	TracesExporter	{"#spans": 1220}
2021-05-03T09:41:33.790Z	INFO	loggingexporter/logging_exporter.go:331	TracesExporter	{"#spans": 546}
2021-05-03T09:41:33.990Z	INFO	loggingexporter/logging_exporter.go:331	TracesExporter	{"#spans": 1184}
2021-05-03T09:41:34.790Z	INFO	loggingexporter/logging_exporter.go:331	TracesExporter	{"#spans": 404}
2021-05-03T09:41:34.990Z	INFO	loggingexporter/logging_exporter.go:331	TracesExporter	{"#spans": 421}
2021-05-03T09:41:36.190Z	INFO	loggingexporter/logging_exporter.go:331	TracesExporter	{"#spans": 2}
2021-05-03T09:41:36.391Z	INFO	loggingexporter/logging_exporter.go:331	TracesExporter	{"#spans": 8}
2021-05-03T09:41:37.191Z	INFO	loggingexporter/logging_exporter.go:331	TracesExporter	{"#spans": 2}
2021-05-03T09:41:37.391Z	INFO	loggingexporter/logging_exporter.go:331	TracesExporter	{"#spans": 8}
2021-05-03T09:41:38.391Z	INFO	loggingexporter/logging_exporter.go:331	TracesExporter	{"#spans": 10}
2021-05-03T09:41:39.631Z	INFO	loggingexporter/logging_exporter.go:331	TracesExporter	{"#spans": 10}
2021-05-03T09:41:42.631Z	INFO	loggingexporter/logging_exporter.go:331	TracesExporter	{"#spans": 2}
2021-05-03T09:41:44.033Z	INFO	loggingexporter/logging_exporter.go:331	TracesExporter	{"#spans": 2}
2021-05-03T09:41:44.433Z	INFO	loggingexporter/logging_exporter.go:331	TracesExporter	{"#spans": 2}
2021-05-03T09:41:49.443Z	INFO	loggingexporter/logging_exporter.go:331	TracesExporter	{"#spans": 2}
2021-05-03T09:41:49.643Z	INFO	loggingexporter/logging_exporter.go:331	TracesExporter	{"#spans": 8}
2021-05-03T09:41:50.444Z	INFO	loggingexporter/logging_exporter.go:331	TracesExporter	{"#spans": 22693}
2021-05-03T09:41:50.645Z	INFO	loggingexporter/logging_exporter.go:331	TracesExporter	{"#spans": 22523}
2021-05-03T09:41:51.446Z	INFO	loggingexporter/logging_exporter.go:331	TracesExporter	{"#spans": 23677}
2021-05-03T09:41:51.647Z	INFO	loggingexporter/logging_exporter.go:331	TracesExporter	{"#spans": 23526}
2021-05-03T09:41:52.450Z	INFO	loggingexporter/logging_exporter.go:331	TracesExporter	{"#spans": 50850}
2021-05-03T09:41:52.651Z	INFO	loggingexporter/logging_exporter.go:331	TracesExporter	{"#spans": 50030}
2021-05-03T09:41:53.462Z	INFO	loggingexporter/logging_exporter.go:331	TracesExporter	{"#spans": 609}
2021-05-03T09:41:53.670Z	INFO	loggingexporter/logging_exporter.go:331	TracesExporter	{"#spans": 738}
2021-05-03T09:41:54.487Z	INFO	loggingexporter/logging_exporter.go:331	TracesExporter	{"#spans": 25455}
2021-05-03T09:41:54.688Z	INFO	loggingexporter/logging_exporter.go:331	TracesExporter	{"#spans": 34482}
2021-05-03T09:41:55.491Z	INFO	loggingexporter/logging_exporter.go:331	TracesExporter	{"#spans": 39762}
2021-05-03T09:41:55.691Z	INFO	loggingexporter/logging_exporter.go:331	TracesExporter	{"#spans": 37865}
2021-05-03T09:41:56.494Z	INFO	loggingexporter/logging_exporter.go:331	TracesExporter	{"#spans": 37763}
2021-05-03T09:41:56.694Z	INFO	loggingexporter/logging_exporter.go:331	TracesExporter	{"#spans": 40582}
2021-05-03T09:41:57.497Z	INFO	loggingexporter/logging_exporter.go:331	TracesExporter	{"#spans": 41043}
2021-05-03T09:41:57.698Z	INFO	loggingexporter/logging_exporter.go:331	TracesExporter	{"#spans": 44006}
2021-05-03T09:41:58.501Z	INFO	loggingexporter/logging_exporter.go:331	TracesExporter	{"#spans": 46527}
2021-05-03T09:41:58.702Z	INFO	loggingexporter/logging_exporter.go:331	TracesExporter	{"#spans": 48018}
2021-05-03T09:41:59.506Z	INFO	loggingexporter/logging_exporter.go:331	TracesExporter	{"#spans": 48766}
2021-05-03T09:41:59.707Z	INFO	loggingexporter/logging_exporter.go:331	TracesExporter	{"#spans": 48471}
2021-05-03T09:42:00.511Z	INFO	loggingexporter/logging_exporter.go:331	TracesExporter	{"#spans": 32915}
2021-05-03T09:42:00.712Z	INFO	loggingexporter/logging_exporter.go:331	TracesExporter	{"#spans": 32794}
2021-05-03T09:42:01.515Z	INFO	loggingexporter/logging_exporter.go:331	TracesExporter	{"#spans": 43118}
2021-05-03T09:42:01.716Z	INFO	loggingexporter/logging_exporter.go:331	TracesExporter	{"#spans": 36413}
2021-05-03T09:42:02.519Z	INFO	loggingexporter/logging_exporter.go:331	TracesExporter	{"#spans": 29616}
2021-05-03T09:42:02.721Z	INFO	loggingexporter/logging_exporter.go:331	TracesExporter	{"#spans": 20539}
2021-05-03T09:42:03.523Z	INFO	loggingexporter/logging_exporter.go:331	TracesExporter	{"#spans": 17192}
2021-05-03T09:42:03.724Z	INFO	loggingexporter/logging_exporter.go:331	TracesExporter	{"#spans": 810}
2021-05-03T09:42:04.524Z	INFO	loggingexporter/logging_exporter.go:331	TracesExporter	{"#spans": 2740}
2021-05-03T09:42:04.725Z	INFO	loggingexporter/logging_exporter.go:331	TracesExporter	{"#spans": 3574}
2021-05-03T09:42:05.526Z	INFO	loggingexporter/logging_exporter.go:331	TracesExporter	{"#spans": 1586}
2021-05-03T09:42:05.726Z	INFO	loggingexporter/logging_exporter.go:331	TracesExporter	{"#spans": 10}
2021-05-03T09:42:06.526Z	INFO	loggingexporter/logging_exporter.go:331	TracesExporter	{"#spans": 22}
2021-05-03T09:42:06.726Z	INFO	loggingexporter/logging_exporter.go:331	TracesExporter	{"#spans": 28}
2021-05-03T09:42:07.727Z	INFO	loggingexporter/logging_exporter.go:331	TracesExporter	{"#spans": 10}
2021-05-03T09:42:08.127Z	INFO	loggingexporter/logging_exporter.go:331	TracesExporter	{"#spans": 10}
2021-05-03T09:42:08.727Z	INFO	loggingexporter/logging_exporter.go:331	TracesExporter	{"#spans": 10}
2021-05-03T09:42:08.927Z	INFO	loggingexporter/logging_exporter.go:331	TracesExporter	{"#spans": 20}
2021-05-03T09:42:09.727Z	INFO	loggingexporter/logging_exporter.go:331	TracesExporter	{"#spans": 10}
2021-05-03T09:42:10.527Z	INFO	loggingexporter/logging_exporter.go:331	TracesExporter	{"#spans": 10}
2021-05-03T09:42:11.554Z	INFO	loggingexporter/logging_exporter.go:331	TracesExporter	{"#spans": 10}
2021-05-03T09:42:13.355Z	INFO	loggingexporter/logging_exporter.go:331	TracesExporter	{"#spans": 10}
2021-05-03T09:42:13.955Z	INFO	loggingexporter/logging_exporter.go:331	TracesExporter	{"#spans": 10}
2021-05-03T09:42:19.357Z	INFO	loggingexporter/logging_exporter.go:331	TracesExporter	{"#spans": 10}
2021-05-03T09:42:23.362Z	INFO	loggingexporter/logging_exporter.go:331	TracesExporter	{"#spans": 10}
2021-05-03T09:42:23.762Z	INFO	loggingexporter/logging_exporter.go:331	TracesExporter	{"#spans": 796}
2021-05-03T09:42:24.363Z	INFO	loggingexporter/logging_exporter.go:331	TracesExporter	{"#spans": 20791}
2021-05-03T09:42:24.563Z	INFO	loggingexporter/logging_exporter.go:331	TracesExporter	{"#spans": 22957}
2021-05-03T09:42:25.371Z	INFO	loggingexporter/logging_exporter.go:331	TracesExporter	{"#spans": 726}
2021-05-03T09:42:25.576Z	INFO	loggingexporter/logging_exporter.go:331	TracesExporter	{"#spans": 564}
2021-05-03T09:42:26.392Z	INFO	loggingexporter/logging_exporter.go:331	TracesExporter	{"#spans": 4818}
2021-05-03T09:42:26.592Z	INFO	loggingexporter/logging_exporter.go:331	TracesExporter	{"#spans": 8562}
2021-05-03T09:42:27.394Z	INFO	loggingexporter/logging_exporter.go:331	TracesExporter	{"#spans": 34676}
2021-05-03T09:42:27.595Z	INFO	loggingexporter/logging_exporter.go:331	TracesExporter	{"#spans": 39652}
2021-05-03T09:42:28.398Z	INFO	loggingexporter/logging_exporter.go:331	TracesExporter	{"#spans": 46224}
2021-05-03T09:42:28.598Z	INFO	loggingexporter/logging_exporter.go:331	TracesExporter	{"#spans": 43065}
2021-05-03T09:42:29.400Z	INFO	loggingexporter/logging_exporter.go:331	TracesExporter	{"#spans": 37895}
2021-05-03T09:42:29.601Z	INFO	loggingexporter/logging_exporter.go:331	TracesExporter	{"#spans": 40684}
2021-05-03T09:42:30.405Z	INFO	loggingexporter/logging_exporter.go:331	TracesExporter	{"#spans": 42698}
2021-05-03T09:42:30.605Z	INFO	loggingexporter/logging_exporter.go:331	TracesExporter	{"#spans": 42134}
2021-05-03T09:42:31.408Z	INFO	loggingexporter/logging_exporter.go:331	TracesExporter	{"#spans": 44781}
2021-05-03T09:42:31.609Z	INFO	loggingexporter/logging_exporter.go:331	TracesExporter	{"#spans": 44459}
2021-05-03T09:42:32.413Z	INFO	loggingexporter/logging_exporter.go:331	TracesExporter	{"#spans": 46938}
2021-05-03T09:42:32.614Z	INFO	loggingexporter/logging_exporter.go:331	TracesExporter	{"#spans": 45808}
2021-05-03T09:42:33.479Z	INFO	loggingexporter/logging_exporter.go:331	TracesExporter	{"#spans": 28394}
2021-05-03T09:42:33.680Z	INFO	loggingexporter/logging_exporter.go:331	TracesExporter	{"#spans": 35108}
2021-05-03T09:42:34.483Z	INFO	loggingexporter/logging_exporter.go:331	TracesExporter	{"#spans": 42126}
2021-05-03T09:42:34.684Z	INFO	loggingexporter/logging_exporter.go:331	TracesExporter	{"#spans": 42084}
2021-05-03T09:42:35.486Z	INFO	loggingexporter/logging_exporter.go:331	TracesExporter	{"#spans": 39349}
2021-05-03T09:42:35.687Z	INFO	loggingexporter/logging_exporter.go:331	TracesExporter	{"#spans": 40791}
2021-05-03T09:42:36.490Z	INFO	loggingexporter/logging_exporter.go:331	TracesExporter	{"#spans": 11142}
2021-05-03T09:42:36.690Z	INFO	loggingexporter/logging_exporter.go:331	TracesExporter	{"#spans": 21683}
2021-05-03T09:42:37.493Z	INFO	loggingexporter/logging_exporter.go:331	TracesExporter	{"#spans": 29948}
2021-05-03T09:42:37.694Z	INFO	loggingexporter/logging_exporter.go:331	TracesExporter	{"#spans": 17510}
2021-05-03T09:42:38.495Z	INFO	loggingexporter/logging_exporter.go:331	TracesExporter	{"#spans": 4881}
2021-05-03T09:42:38.695Z	INFO	loggingexporter/logging_exporter.go:331	TracesExporter	{"#spans": 3845}
2021-05-03T09:42:39.499Z	INFO	loggingexporter/logging_exporter.go:331	TracesExporter	{"#spans": 6337}
2021-05-03T09:42:39.699Z	INFO	loggingexporter/logging_exporter.go:331	TracesExporter	{"#spans": 3654}
2021-05-03T09:42:40.500Z	INFO	loggingexporter/logging_exporter.go:331	TracesExporter	{"#spans": 10}
2021-05-03T09:42:40.700Z	INFO	loggingexporter/logging_exporter.go:331	TracesExporter	{"#spans": 10}
2021-05-03T09:42:41.500Z	INFO	loggingexporter/logging_exporter.go:331	TracesExporter	{"#spans": 10}
2021-05-03T09:42:41.700Z	INFO	loggingexporter/logging_exporter.go:331	TracesExporter	{"#spans": 10}
2021-05-03T09:42:42.501Z	INFO	loggingexporter/logging_exporter.go:331	TracesExporter	{"#spans": 20}
2021-05-03T09:42:42.701Z	INFO	loggingexporter/logging_exporter.go:331	TracesExporter	{"#spans": 10}
2021-05-03T09:42:43.502Z	INFO	loggingexporter/logging_exporter.go:331	TracesExporter	{"#spans": 10}
2021-05-03T09:42:43.702Z	INFO	loggingexporter/logging_exporter.go:331	TracesExporter	{"#spans": 20}
2021-05-03T09:42:45.717Z	INFO	loggingexporter/logging_exporter.go:331	TracesExporter	{"#spans": 10}
2021-05-03T09:42:47.118Z	INFO	loggingexporter/logging_exporter.go:331	TracesExporter	{"#spans": 10}
2021-05-03T09:42:48.118Z	INFO	loggingexporter/logging_exporter.go:331	TracesExporter	{"#spans": 10}
2021-05-03T09:42:52.120Z	INFO	loggingexporter/logging_exporter.go:331	TracesExporter	{"#spans": 8}
2021-05-03T09:42:52.320Z	INFO	loggingexporter/logging_exporter.go:331	TracesExporter	{"#spans": 2}
2021-05-03T09:42:56.922Z	INFO	loggingexporter/logging_exporter.go:331	TracesExporter	{"#spans": 10}
2021-05-03T09:42:57.723Z	INFO	loggingexporter/logging_exporter.go:331	TracesExporter	{"#spans": 2382}
2021-05-03T09:42:57.926Z	INFO	loggingexporter/logging_exporter.go:331	TracesExporter	{"#spans": 1122}
2021-05-03T09:42:58.128Z	INFO	loggingexporter/logging_exporter.go:331	TracesExporter	{"#spans": 706}
2021-05-03T09:42:58.949Z	INFO	loggingexporter/logging_exporter.go:331	TracesExporter	{"#spans": 2796}
2021-05-03T09:42:59.149Z	INFO	loggingexporter/logging_exporter.go:331	TracesExporter	{"#spans": 3096}
2021-05-03T09:42:59.951Z	INFO	loggingexporter/logging_exporter.go:331	TracesExporter	{"#spans": 22892}
2021-05-03T09:43:00.151Z	INFO	loggingexporter/logging_exporter.go:331	TracesExporter	{"#spans": 21690}
2021-05-03T09:43:00.954Z	INFO	loggingexporter/logging_exporter.go:331	TracesExporter	{"#spans": 22814}
2021-05-03T09:43:01.155Z	INFO	loggingexporter/logging_exporter.go:331	TracesExporter	{"#spans": 31859}
2021-05-03T09:43:01.957Z	INFO	loggingexporter/logging_exporter.go:331	TracesExporter	{"#spans": 43937}
2021-05-03T09:43:02.158Z	INFO	loggingexporter/logging_exporter.go:331	TracesExporter	{"#spans": 49014}
2021-05-03T09:43:02.961Z	INFO	loggingexporter/logging_exporter.go:331	TracesExporter	{"#spans": 46090}
2021-05-03T09:43:03.162Z	INFO	loggingexporter/logging_exporter.go:331	TracesExporter	{"#spans": 45838}
2021-05-03T09:43:03.966Z	INFO	loggingexporter/logging_exporter.go:331	TracesExporter	{"#spans": 46611}
2021-05-03T09:43:04.166Z	INFO	loggingexporter/logging_exporter.go:331	TracesExporter	{"#spans": 46190}
2021-05-03T09:43:04.970Z	INFO	loggingexporter/logging_exporter.go:331	TracesExporter	{"#spans": 48584}
2021-05-03T09:43:05.171Z	INFO	loggingexporter/logging_exporter.go:331	TracesExporter	{"#spans": 52785}
2021-05-03T09:43:06.025Z	INFO	loggingexporter/logging_exporter.go:331	TracesExporter	{"#spans": 15574}
2021-05-03T09:43:06.226Z	INFO	loggingexporter/logging_exporter.go:331	TracesExporter	{"#spans": 29279}
2021-05-03T09:43:07.028Z	INFO	loggingexporter/logging_exporter.go:331	TracesExporter	{"#spans": 43113}
2021-05-03T09:43:07.229Z	INFO	loggingexporter/logging_exporter.go:331	TracesExporter	{"#spans": 41898}
2021-05-03T09:43:08.033Z	INFO	loggingexporter/logging_exporter.go:331	TracesExporter	{"#spans": 44717}
2021-05-03T09:43:08.233Z	INFO	loggingexporter/logging_exporter.go:331	TracesExporter	{"#spans": 44011}
2021-05-03T09:43:09.036Z	INFO	loggingexporter/logging_exporter.go:331	TracesExporter	{"#spans": 43604}
2021-05-03T09:43:09.237Z	INFO	loggingexporter/logging_exporter.go:331	TracesExporter	{"#spans": 42236}
2021-05-03T09:43:10.039Z	INFO	loggingexporter/logging_exporter.go:331	TracesExporter	{"#spans": 22752}
2021-05-03T09:43:10.240Z	INFO	loggingexporter/logging_exporter.go:331	TracesExporter	{"#spans": 24542}
2021-05-03T09:43:11.043Z	INFO	loggingexporter/logging_exporter.go:331	TracesExporter	{"#spans": 30441}
2021-05-03T09:43:11.243Z	INFO	loggingexporter/logging_exporter.go:331	TracesExporter	{"#spans": 30211}
2021-05-03T09:43:12.046Z	INFO	loggingexporter/logging_exporter.go:331	TracesExporter	{"#spans": 16759}
2021-05-03T09:43:12.246Z	INFO	loggingexporter/logging_exporter.go:331	TracesExporter	{"#spans": 2634}
2021-05-03T09:43:13.047Z	INFO	loggingexporter/logging_exporter.go:331	TracesExporter	{"#spans": 963}
2021-05-03T09:43:13.247Z	INFO	loggingexporter/logging_exporter.go:331	TracesExporter	{"#spans": 220}
2021-05-03T09:43:14.047Z	INFO	loggingexporter/logging_exporter.go:331	TracesExporter	{"#spans": 30}
2021-05-03T09:43:14.247Z	INFO	loggingexporter/logging_exporter.go:331	TracesExporter	{"#spans": 20}
2021-05-03T09:43:15.047Z	INFO	loggingexporter/logging_exporter.go:331	TracesExporter	{"#spans": 20}
2021-05-03T09:43:15.248Z	INFO	loggingexporter/logging_exporter.go:331	TracesExporter	{"#spans": 10}
2021-05-03T09:43:16.048Z	INFO	loggingexporter/logging_exporter.go:331	TracesExporter	{"#spans": 268}
2021-05-03T09:43:16.248Z	INFO	loggingexporter/logging_exporter.go:331	TracesExporter	{"#spans": 2}
2021-05-03T09:43:17.448Z	INFO	loggingexporter/logging_exporter.go:331	TracesExporter	{"#spans": 2}
2021-05-03T09:43:17.648Z	INFO	loggingexporter/logging_exporter.go:331	TracesExporter	{"#spans": 8}
2021-05-03T09:43:18.448Z	INFO	loggingexporter/logging_exporter.go:331	TracesExporter	{"#spans": 6}
2021-05-03T09:43:18.649Z	INFO	loggingexporter/logging_exporter.go:331	TracesExporter	{"#spans": 2}
2021-05-03T09:43:19.449Z	INFO	loggingexporter/logging_exporter.go:331	TracesExporter	{"#spans": 2}
2021-05-03T09:43:19.649Z	INFO	loggingexporter/logging_exporter.go:331	TracesExporter	{"#spans": 6}
2021-05-03T09:43:20.449Z	INFO	loggingexporter/logging_exporter.go:331	TracesExporter	{"#spans": 2}
2021-05-03T09:43:20.649Z	INFO	loggingexporter/logging_exporter.go:331	TracesExporter	{"#spans": 2}
2021-05-03T09:43:21.649Z	INFO	loggingexporter/logging_exporter.go:331	TracesExporter	{"#spans": 2}
2021-05-03T09:43:21.849Z	INFO	loggingexporter/logging_exporter.go:331	TracesExporter	{"#spans": 8}
2021-05-03T09:43:22.850Z	INFO	loggingexporter/logging_exporter.go:331	TracesExporter	{"#spans": 2}
2021-05-03T09:43:24.162Z	INFO	loggingexporter/logging_exporter.go:331	TracesExporter	{"#spans": 2}
2021-05-03T09:43:24.563Z	INFO	loggingexporter/logging_exporter.go:331	TracesExporter	{"#spans": 4}
2021-05-03T09:43:28.764Z	INFO	loggingexporter/logging_exporter.go:331	TracesExporter	{"#spans": 2}
2021-05-03T09:43:29.564Z	INFO	loggingexporter/logging_exporter.go:331	TracesExporter	{"#spans": 2}
2021-05-03T09:43:30.985Z	INFO	loggingexporter/logging_exporter.go:331	TracesExporter	{"#spans": 2}
2021-05-03T09:43:31.185Z	INFO	loggingexporter/logging_exporter.go:331	TracesExporter	{"#spans": 2}
2021-05-03T09:43:32.585Z	INFO	loggingexporter/logging_exporter.go:331	TracesExporter	{"#spans": 16129}
2021-05-03T09:43:32.786Z	INFO	loggingexporter/logging_exporter.go:331	TracesExporter	{"#spans": 21070}
2021-05-03T09:43:33.587Z	INFO	loggingexporter/logging_exporter.go:331	TracesExporter	{"#spans": 9825}
2021-05-03T09:43:33.787Z	INFO	loggingexporter/logging_exporter.go:331	TracesExporter	{"#spans": 19112}
2021-05-03T09:43:34.590Z	INFO	loggingexporter/logging_exporter.go:331	TracesExporter	{"#spans": 62384}
2021-05-03T09:43:34.790Z	INFO	loggingexporter/logging_exporter.go:331	TracesExporter	{"#spans": 52797}
2021-05-03T09:43:35.593Z	INFO	loggingexporter/logging_exporter.go:331	TracesExporter	{"#spans": 43514}
2021-05-03T09:43:35.794Z	INFO	loggingexporter/logging_exporter.go:331	TracesExporter	{"#spans": 41791}
2021-05-03T09:43:36.597Z	INFO	loggingexporter/logging_exporter.go:331	TracesExporter	{"#spans": 40398}
2021-05-03T09:43:36.798Z	INFO	loggingexporter/logging_exporter.go:331	TracesExporter	{"#spans": 42273}
2021-05-03T09:43:37.601Z	INFO	loggingexporter/logging_exporter.go:331	TracesExporter	{"#spans": 1491}
2021-05-03T09:43:37.806Z	INFO	loggingexporter/logging_exporter.go:331	TracesExporter	{"#spans": 1103}
2021-05-03T09:43:38.613Z	INFO	loggingexporter/logging_exporter.go:331	TracesExporter	{"#spans": 35844}
2021-05-03T09:43:38.814Z	INFO	loggingexporter/logging_exporter.go:331	TracesExporter	{"#spans": 38210}
2021-05-03T09:43:39.617Z	INFO	loggingexporter/logging_exporter.go:331	TracesExporter	{"#spans": 45035}
2021-05-03T09:43:39.817Z	INFO	loggingexporter/logging_exporter.go:331	TracesExporter	{"#spans": 43466}
2021-05-03T09:43:40.620Z	INFO	loggingexporter/logging_exporter.go:331	TracesExporter	{"#spans": 43755}
2021-05-03T09:43:40.821Z	INFO	loggingexporter/logging_exporter.go:331	TracesExporter	{"#spans": 43618}
2021-05-03T09:43:41.624Z	INFO	loggingexporter/logging_exporter.go:331	TracesExporter	{"#spans": 40236}
2021-05-03T09:43:41.825Z	INFO	loggingexporter/logging_exporter.go:331	TracesExporter	{"#spans": 45530}
2021-05-03T09:43:42.628Z	INFO	loggingexporter/logging_exporter.go:331	TracesExporter	{"#spans": 41778}
2021-05-03T09:43:42.829Z	INFO	loggingexporter/logging_exporter.go:331	TracesExporter	{"#spans": 41541}
2021-05-03T09:43:43.632Z	INFO	loggingexporter/logging_exporter.go:331	TracesExporter	{"#spans": 31895}
2021-05-03T09:43:43.833Z	INFO	loggingexporter/logging_exporter.go:331	TracesExporter	{"#spans": 32683}
2021-05-03T09:43:44.637Z	INFO	loggingexporter/logging_exporter.go:331	TracesExporter	{"#spans": 34347}
2021-05-03T09:43:44.837Z	INFO	loggingexporter/logging_exporter.go:331	TracesExporter	{"#spans": 39112}
2021-05-03T09:43:45.640Z	INFO	loggingexporter/logging_exporter.go:331	TracesExporter	{"#spans": 9164}
2021-05-03T09:43:45.840Z	INFO	loggingexporter/logging_exporter.go:331	TracesExporter	{"#spans": 10}
2021-05-03T09:43:46.641Z	INFO	loggingexporter/logging_exporter.go:331	TracesExporter	{"#spans": 2654}
2021-05-03T09:43:46.841Z	INFO	loggingexporter/logging_exporter.go:331	TracesExporter	{"#spans": 5118}
2021-05-03T09:43:47.642Z	INFO	loggingexporter/logging_exporter.go:331	TracesExporter	{"#spans": 5714}
2021-05-03T09:43:47.842Z	INFO	loggingexporter/logging_exporter.go:331	TracesExporter	{"#spans": 4193}
2021-05-03T09:43:48.642Z	INFO	loggingexporter/logging_exporter.go:331	TracesExporter	{"#spans": 134}
2021-05-03T09:43:48.842Z	INFO	loggingexporter/logging_exporter.go:331	TracesExporter	{"#spans": 114}
2021-05-03T09:43:49.647Z	INFO	loggingexporter/logging_exporter.go:331	TracesExporter	{"#spans": 118}
2021-05-03T09:43:49.847Z	INFO	loggingexporter/logging_exporter.go:331	TracesExporter	{"#spans": 72}
2021-05-03T09:43:50.647Z	INFO	loggingexporter/logging_exporter.go:331	TracesExporter	{"#spans": 34}
2021-05-03T09:43:50.847Z	INFO	loggingexporter/logging_exporter.go:331	TracesExporter	{"#spans": 28}
2021-05-03T09:43:51.647Z	INFO	loggingexporter/logging_exporter.go:331	TracesExporter	{"#spans": 18}
2021-05-03T09:43:51.847Z	INFO	loggingexporter/logging_exporter.go:331	TracesExporter	{"#spans": 12}
2021-05-03T09:43:52.848Z	INFO	loggingexporter/logging_exporter.go:331	TracesExporter	{"#spans": 2}
2021-05-03T09:43:53.048Z	INFO	loggingexporter/logging_exporter.go:331	TracesExporter	{"#spans": 4}
2021-05-03T09:43:53.848Z	INFO	loggingexporter/logging_exporter.go:331	TracesExporter	{"#spans": 4}
2021-05-03T09:43:54.048Z	INFO	loggingexporter/logging_exporter.go:331	TracesExporter	{"#spans": 2}
2021-05-03T09:43:55.049Z	INFO	loggingexporter/logging_exporter.go:331	TracesExporter	{"#spans": 8}
2021-05-03T09:43:56.154Z	INFO	loggingexporter/logging_exporter.go:331	TracesExporter	{"#spans": 8}
2021-05-03T09:43:56.554Z	INFO	loggingexporter/logging_exporter.go:331	TracesExporter	{"#spans": 2}
2021-05-03T09:43:57.555Z	INFO	loggingexporter/logging_exporter.go:331	TracesExporter	{"#spans": 2}
2021-05-03T09:44:00.355Z	INFO	loggingexporter/logging_exporter.go:331	TracesExporter	{"#spans": 2}
2021-05-03T09:44:01.155Z	INFO	loggingexporter/logging_exporter.go:331	TracesExporter	{"#spans": 2}
2021-05-03T09:44:01.355Z	INFO	loggingexporter/logging_exporter.go:331	TracesExporter	{"#spans": 2}
2021-05-03T09:44:03.366Z	INFO	loggingexporter/logging_exporter.go:331	TracesExporter	{"#spans": 2}
2021-05-03T09:44:04.366Z	INFO	loggingexporter/logging_exporter.go:331	TracesExporter	{"#spans": 2}
2021-05-03T09:44:06.167Z	INFO	loggingexporter/logging_exporter.go:331	TracesExporter	{"#spans": 6}
2021-05-03T09:44:06.367Z	INFO	loggingexporter/logging_exporter.go:331	TracesExporter	{"#spans": 7315}
2021-05-03T09:44:07.168Z	INFO	loggingexporter/logging_exporter.go:331	TracesExporter	{"#spans": 23582}
2021-05-03T09:44:07.369Z	INFO	loggingexporter/logging_exporter.go:331	TracesExporter	{"#spans": 23818}
2021-05-03T09:44:08.170Z	INFO	loggingexporter/logging_exporter.go:331	TracesExporter	{"#spans": 22253}
2021-05-03T09:44:08.371Z	INFO	loggingexporter/logging_exporter.go:331	TracesExporter	{"#spans": 22124}
2021-05-03T09:44:09.174Z	INFO	loggingexporter/logging_exporter.go:331	TracesExporter	{"#spans": 45930}
2021-05-03T09:44:09.375Z	INFO	loggingexporter/logging_exporter.go:331	TracesExporter	{"#spans": 45878}
2021-05-03T09:44:10.184Z	INFO	loggingexporter/logging_exporter.go:331	TracesExporter	{"#spans": 1367}
2021-05-03T09:44:10.393Z	INFO	loggingexporter/logging_exporter.go:331	TracesExporter	{"#spans": 1249}
2021-05-03T09:44:11.230Z	INFO	loggingexporter/logging_exporter.go:331	TracesExporter	{"#spans": 24753}
2021-05-03T09:44:11.430Z	INFO	loggingexporter/logging_exporter.go:331	TracesExporter	{"#spans": 29177}
2021-05-03T09:44:12.233Z	INFO	loggingexporter/logging_exporter.go:331	TracesExporter	{"#spans": 37797}
2021-05-03T09:44:12.434Z	INFO	loggingexporter/logging_exporter.go:331	TracesExporter	{"#spans": 38450}
2021-05-03T09:44:13.237Z	INFO	loggingexporter/logging_exporter.go:331	TracesExporter	{"#spans": 37890}
2021-05-03T09:44:13.437Z	INFO	loggingexporter/logging_exporter.go:331	TracesExporter	{"#spans": 38730}
2021-05-03T09:44:14.240Z	INFO	loggingexporter/logging_exporter.go:331	TracesExporter	{"#spans": 36129}
2021-05-03T09:44:14.441Z	INFO	loggingexporter/logging_exporter.go:331	TracesExporter	{"#spans": 41540}
2021-05-03T09:44:15.244Z	INFO	loggingexporter/logging_exporter.go:331	TracesExporter	{"#spans": 42505}
2021-05-03T09:44:15.445Z	INFO	loggingexporter/logging_exporter.go:331	TracesExporter	{"#spans": 41043}
2021-05-03T09:44:16.248Z	INFO	loggingexporter/logging_exporter.go:331	TracesExporter	{"#spans": 42322}
2021-05-03T09:44:16.449Z	INFO	loggingexporter/logging_exporter.go:331	TracesExporter	{"#spans": 41842}
2021-05-03T09:44:17.253Z	INFO	loggingexporter/logging_exporter.go:331	TracesExporter	{"#spans": 46611}
2021-05-03T09:44:17.521Z	INFO	loggingexporter/logging_exporter.go:331	TracesExporter	{"#spans": 45178}
2021-05-03T09:44:18.327Z	INFO	loggingexporter/logging_exporter.go:331	TracesExporter	{"#spans": 36606}
2021-05-03T09:44:18.527Z	INFO	loggingexporter/logging_exporter.go:331	TracesExporter	{"#spans": 35120}
2021-05-03T09:44:19.330Z	INFO	loggingexporter/logging_exporter.go:331	TracesExporter	{"#spans": 33083}
2021-05-03T09:44:19.531Z	INFO	loggingexporter/logging_exporter.go:331	TracesExporter	{"#spans": 33838}
2021-05-03T09:44:20.333Z	INFO	loggingexporter/logging_exporter.go:331	TracesExporter	{"#spans": 30}
2021-05-03T09:44:20.533Z	INFO	loggingexporter/logging_exporter.go:331	TracesExporter	{"#spans": 11112}
2021-05-03T09:44:21.334Z	INFO	loggingexporter/logging_exporter.go:331	TracesExporter	{"#spans": 11246}
2021-05-03T09:44:21.534Z	INFO	loggingexporter/logging_exporter.go:331	TracesExporter	{"#spans": 1772}
2021-05-03T09:44:22.337Z	INFO	loggingexporter/logging_exporter.go:331	TracesExporter	{"#spans": 8}
2021-05-03T09:44:22.537Z	INFO	loggingexporter/logging_exporter.go:331	TracesExporter	{"#spans": 11538}
