2021-05-03T14:56:51.996Z	info	service/application.go:281	Starting otelcontribcol...	{"Version": "v0.25.0-64-gdabc2219", "NumCPU": 48}
2021-05-03T14:56:51.996Z	info	service/application.go:189	Setting up own telemetry...
2021-05-03T14:56:52.010Z	info	service/telemetry.go:98	Serving Prometheus metrics	{"address": "0.0.0.0:8888", "level": 0, "service.instance.id": "0bd230c2-c776-4be7-ab11-40bd56094b68"}
2021-05-03T14:56:52.010Z	info	service/application.go:224	Loading configuration...
2021-05-03T14:56:52.011Z	info	service/application.go:240	Applying configuration...
2021-05-03T14:56:52.011Z	info	builder/exporters_builder.go:274	Exporter was built.	{"kind": "exporter", "exporter": "logging"}
2021-05-03T14:56:52.014Z	info	builder/pipelines_builder.go:204	Pipeline was built.	{"pipeline_name": "traces/loadbalancer", "pipeline_datatype": "traces"}
2021-05-03T14:56:52.014Z	info	builder/receivers_builder.go:230	Receiver was built.	{"kind": "receiver", "name": "otlp", "datatype": "traces"}
2021-05-03T14:56:52.014Z	info	service/service.go:155	Starting extensions...
2021-05-03T14:56:52.014Z	info	service/service.go:200	Starting exporters...
2021-05-03T14:56:52.014Z	info	builder/exporters_builder.go:92	Exporter is starting...	{"kind": "exporter", "name": "logging"}
2021-05-03T14:56:52.014Z	info	builder/exporters_builder.go:97	Exporter started.	{"kind": "exporter", "name": "logging"}
2021-05-03T14:56:52.014Z	info	service/service.go:205	Starting processors...
2021-05-03T14:56:52.014Z	info	builder/pipelines_builder.go:51	Pipeline is starting...	{"pipeline_name": "traces/loadbalancer", "pipeline_datatype": "traces"}
2021-05-03T14:56:52.014Z	info	builder/pipelines_builder.go:62	Pipeline is started.	{"pipeline_name": "traces/loadbalancer", "pipeline_datatype": "traces"}
2021-05-03T14:56:52.014Z	info	service/service.go:210	Starting receivers...
2021-05-03T14:56:52.014Z	info	builder/receivers_builder.go:70	Receiver is starting...	{"kind": "receiver", "name": "otlp"}
2021-05-03T14:56:52.014Z	info	otlpreceiver/otlp.go:87	Starting GRPC server on endpoint localhost:55680	{"kind": "receiver", "name": "otlp"}
2021-05-03T14:56:52.015Z	info	builder/receivers_builder.go:75	Receiver started.	{"kind": "receiver", "name": "otlp"}
2021-05-03T14:56:52.015Z	info	service/application.go:201	Everything is ready. Begin running and processing data.
2021-05-03T14:57:01.626Z	INFO	loggingexporter/logging_exporter.go:331	TracesExporter	{"#spans": 8194}
2021-05-03T14:57:01.826Z	INFO	loggingexporter/logging_exporter.go:331	TracesExporter	{"#spans": 714}
2021-05-03T14:57:03.446Z	INFO	loggingexporter/logging_exporter.go:331	TracesExporter	{"#spans": 270}
2021-05-03T14:57:03.647Z	INFO	loggingexporter/logging_exporter.go:331	TracesExporter	{"#spans": 144}
2021-05-03T14:57:04.447Z	INFO	loggingexporter/logging_exporter.go:331	TracesExporter	{"#spans": 17404}
2021-05-03T14:57:04.648Z	INFO	loggingexporter/logging_exporter.go:331	TracesExporter	{"#spans": 14556}
2021-05-03T14:57:05.451Z	INFO	loggingexporter/logging_exporter.go:331	TracesExporter	{"#spans": 61996}
2021-05-03T14:57:05.652Z	INFO	loggingexporter/logging_exporter.go:331	TracesExporter	{"#spans": 40052}
2021-05-03T14:57:06.457Z	INFO	loggingexporter/logging_exporter.go:331	TracesExporter	{"#spans": 68893}
2021-05-03T14:57:06.658Z	INFO	loggingexporter/logging_exporter.go:331	TracesExporter	{"#spans": 71520}
2021-05-03T14:57:07.470Z	INFO	loggingexporter/logging_exporter.go:331	TracesExporter	{"#spans": 34484}
2021-05-03T14:57:07.677Z	INFO	loggingexporter/logging_exporter.go:331	TracesExporter	{"#spans": 1612}
2021-05-03T14:57:08.489Z	INFO	loggingexporter/logging_exporter.go:331	TracesExporter	{"#spans": 34728}
2021-05-03T14:57:08.690Z	INFO	loggingexporter/logging_exporter.go:331	TracesExporter	{"#spans": 48108}
2021-05-03T14:57:09.491Z	INFO	loggingexporter/logging_exporter.go:331	TracesExporter	{"#spans": 9216}
2021-05-03T14:57:09.691Z	INFO	loggingexporter/logging_exporter.go:331	TracesExporter	{"#spans": 1536}
2021-05-03T14:57:10.692Z	INFO	loggingexporter/logging_exporter.go:331	TracesExporter	{"#spans": 2051}
2021-05-03T14:57:10.892Z	INFO	loggingexporter/logging_exporter.go:331	TracesExporter	{"#spans": 2049}
2021-05-03T14:57:14.663Z	INFO	loggingexporter/logging_exporter.go:331	TracesExporter	{"#spans": 520}
2021-05-03T14:57:14.863Z	INFO	loggingexporter/logging_exporter.go:331	TracesExporter	{"#spans": 512}
2021-05-03T14:57:15.878Z	INFO	loggingexporter/logging_exporter.go:331	TracesExporter	{"#spans": 100}
2021-05-03T14:57:16.081Z	INFO	loggingexporter/logging_exporter.go:331	TracesExporter	{"#spans": 1759}
2021-05-03T14:57:16.883Z	INFO	loggingexporter/logging_exporter.go:331	TracesExporter	{"#spans": 14026}
2021-05-03T14:57:17.084Z	INFO	loggingexporter/logging_exporter.go:331	TracesExporter	{"#spans": 41512}
2021-05-03T14:57:17.885Z	INFO	loggingexporter/logging_exporter.go:331	TracesExporter	{"#spans": 13139}
2021-05-03T14:57:18.085Z	INFO	loggingexporter/logging_exporter.go:331	TracesExporter	{"#spans": 13703}
2021-05-03T14:57:18.888Z	INFO	loggingexporter/logging_exporter.go:331	TracesExporter	{"#spans": 69214}
2021-05-03T14:57:19.089Z	INFO	loggingexporter/logging_exporter.go:331	TracesExporter	{"#spans": 65884}
2021-05-03T14:57:19.893Z	INFO	loggingexporter/logging_exporter.go:331	TracesExporter	{"#spans": 57106}
2021-05-03T14:57:20.094Z	INFO	loggingexporter/logging_exporter.go:331	TracesExporter	{"#spans": 59072}
2021-05-03T14:57:21.109Z	INFO	loggingexporter/logging_exporter.go:331	TracesExporter	{"#spans": 664}
2021-05-03T14:57:21.310Z	INFO	loggingexporter/logging_exporter.go:331	TracesExporter	{"#spans": 24551}
2021-05-03T14:57:22.113Z	INFO	loggingexporter/logging_exporter.go:331	TracesExporter	{"#spans": 50799}
2021-05-03T14:57:22.313Z	INFO	loggingexporter/logging_exporter.go:331	TracesExporter	{"#spans": 23028}
2021-05-03T14:57:23.714Z	INFO	loggingexporter/logging_exporter.go:331	TracesExporter	{"#spans": 1544}
2021-05-03T14:57:23.914Z	INFO	loggingexporter/logging_exporter.go:331	TracesExporter	{"#spans": 1030}
2021-05-03T14:57:25.723Z	INFO	loggingexporter/logging_exporter.go:331	TracesExporter	{"#spans": 2}
2021-05-03T14:57:27.124Z	INFO	loggingexporter/logging_exporter.go:331	TracesExporter	{"#spans": 512}
2021-05-03T14:57:28.946Z	INFO	loggingexporter/logging_exporter.go:331	TracesExporter	{"#spans": 10}
2021-05-03T14:57:29.147Z	INFO	loggingexporter/logging_exporter.go:331	TracesExporter	{"#spans": 8054}
2021-05-03T14:57:29.949Z	INFO	loggingexporter/logging_exporter.go:331	TracesExporter	{"#spans": 16980}
2021-05-03T14:57:30.149Z	INFO	loggingexporter/logging_exporter.go:331	TracesExporter	{"#spans": 14889}
2021-05-03T14:57:30.950Z	INFO	loggingexporter/logging_exporter.go:331	TracesExporter	{"#spans": 12802}
2021-05-03T14:57:31.150Z	INFO	loggingexporter/logging_exporter.go:331	TracesExporter	{"#spans": 13379}
2021-05-03T14:57:31.953Z	INFO	loggingexporter/logging_exporter.go:331	TracesExporter	{"#spans": 69902}
2021-05-03T14:57:32.154Z	INFO	loggingexporter/logging_exporter.go:331	TracesExporter	{"#spans": 66648}
2021-05-03T14:57:32.961Z	INFO	loggingexporter/logging_exporter.go:331	TracesExporter	{"#spans": 36843}
2021-05-03T14:57:33.165Z	INFO	loggingexporter/logging_exporter.go:331	TracesExporter	{"#spans": 232}
2021-05-03T14:57:33.982Z	INFO	loggingexporter/logging_exporter.go:331	TracesExporter	{"#spans": 7818}
2021-05-03T14:57:34.182Z	INFO	loggingexporter/logging_exporter.go:331	TracesExporter	{"#spans": 40367}
2021-05-03T14:57:34.986Z	INFO	loggingexporter/logging_exporter.go:331	TracesExporter	{"#spans": 60843}
2021-05-03T14:57:35.187Z	INFO	loggingexporter/logging_exporter.go:331	TracesExporter	{"#spans": 60337}
2021-05-03T14:57:36.189Z	INFO	loggingexporter/logging_exporter.go:331	TracesExporter	{"#spans": 1024}
2021-05-03T14:57:36.589Z	INFO	loggingexporter/logging_exporter.go:331	TracesExporter	{"#spans": 514}
2021-05-03T14:57:37.990Z	INFO	loggingexporter/logging_exporter.go:331	TracesExporter	{"#spans": 512}
2021-05-03T14:57:38.590Z	INFO	loggingexporter/logging_exporter.go:331	TracesExporter	{"#spans": 1024}
2021-05-03T14:57:40.598Z	INFO	loggingexporter/logging_exporter.go:331	TracesExporter	{"#spans": 1058}
2021-05-03T14:57:40.807Z	INFO	loggingexporter/logging_exporter.go:331	TracesExporter	{"#spans": 350}
2021-05-03T14:57:41.615Z	INFO	loggingexporter/logging_exporter.go:331	TracesExporter	{"#spans": 7185}
2021-05-03T14:57:41.815Z	INFO	loggingexporter/logging_exporter.go:331	TracesExporter	{"#spans": 11557}
2021-05-03T14:57:42.617Z	INFO	loggingexporter/logging_exporter.go:331	TracesExporter	{"#spans": 16894}
2021-05-03T14:57:42.817Z	INFO	loggingexporter/logging_exporter.go:331	TracesExporter	{"#spans": 12098}
2021-05-03T14:57:43.618Z	INFO	loggingexporter/logging_exporter.go:331	TracesExporter	{"#spans": 13470}
2021-05-03T14:57:43.818Z	INFO	loggingexporter/logging_exporter.go:331	TracesExporter	{"#spans": 12448}
2021-05-03T14:57:44.620Z	INFO	loggingexporter/logging_exporter.go:331	TracesExporter	{"#spans": 49820}
2021-05-03T14:57:44.821Z	INFO	loggingexporter/logging_exporter.go:331	TracesExporter	{"#spans": 68973}
2021-05-03T14:57:45.627Z	INFO	loggingexporter/logging_exporter.go:331	TracesExporter	{"#spans": 29910}
2021-05-03T14:57:45.832Z	INFO	loggingexporter/logging_exporter.go:331	TracesExporter	{"#spans": 266}
2021-05-03T14:57:46.635Z	INFO	loggingexporter/logging_exporter.go:331	TracesExporter	{"#spans": 31091}
2021-05-03T14:57:46.836Z	INFO	loggingexporter/logging_exporter.go:331	TracesExporter	{"#spans": 50856}
2021-05-03T14:57:47.640Z	INFO	loggingexporter/logging_exporter.go:331	TracesExporter	{"#spans": 56027}
2021-05-03T14:57:47.841Z	INFO	loggingexporter/logging_exporter.go:331	TracesExporter	{"#spans": 56564}
2021-05-03T14:57:48.643Z	INFO	loggingexporter/logging_exporter.go:331	TracesExporter	{"#spans": 1536}
2021-05-03T14:57:48.843Z	INFO	loggingexporter/logging_exporter.go:331	TracesExporter	{"#spans": 1024}
2021-05-03T14:57:49.643Z	INFO	loggingexporter/logging_exporter.go:331	TracesExporter	{"#spans": 512}
2021-05-03T14:57:49.843Z	INFO	loggingexporter/logging_exporter.go:331	TracesExporter	{"#spans": 1555}
2021-05-03T14:57:51.247Z	INFO	loggingexporter/logging_exporter.go:331	TracesExporter	{"#spans": 2}
2021-05-03T14:57:52.847Z	INFO	loggingexporter/logging_exporter.go:331	TracesExporter	{"#spans": 5658}
2021-05-03T14:57:53.048Z	INFO	loggingexporter/logging_exporter.go:331	TracesExporter	{"#spans": 12147}
2021-05-03T14:57:53.861Z	INFO	loggingexporter/logging_exporter.go:331	TracesExporter	{"#spans": 272}
2021-05-03T14:57:54.062Z	INFO	loggingexporter/logging_exporter.go:331	TracesExporter	{"#spans": 8682}
2021-05-03T14:57:54.863Z	INFO	loggingexporter/logging_exporter.go:331	TracesExporter	{"#spans": 17909}
2021-05-03T14:57:55.063Z	INFO	loggingexporter/logging_exporter.go:331	TracesExporter	{"#spans": 14381}
2021-05-03T14:57:55.864Z	INFO	loggingexporter/logging_exporter.go:331	TracesExporter	{"#spans": 12060}
2021-05-03T14:57:56.064Z	INFO	loggingexporter/logging_exporter.go:331	TracesExporter	{"#spans": 12421}
2021-05-03T14:57:56.865Z	INFO	loggingexporter/logging_exporter.go:331	TracesExporter	{"#spans": 43948}
2021-05-03T14:57:57.066Z	INFO	loggingexporter/logging_exporter.go:331	TracesExporter	{"#spans": 68032}
2021-05-03T14:57:57.873Z	INFO	loggingexporter/logging_exporter.go:331	TracesExporter	{"#spans": 6228}
2021-05-03T14:57:58.077Z	INFO	loggingexporter/logging_exporter.go:331	TracesExporter	{"#spans": 974}
2021-05-03T14:57:58.883Z	INFO	loggingexporter/logging_exporter.go:331	TracesExporter	{"#spans": 44990}
2021-05-03T14:57:59.084Z	INFO	loggingexporter/logging_exporter.go:331	TracesExporter	{"#spans": 52046}
2021-05-03T14:57:59.888Z	INFO	loggingexporter/logging_exporter.go:331	TracesExporter	{"#spans": 71420}
2021-05-03T14:58:00.089Z	INFO	loggingexporter/logging_exporter.go:331	TracesExporter	{"#spans": 58160}
2021-05-03T14:58:00.890Z	INFO	loggingexporter/logging_exporter.go:331	TracesExporter	{"#spans": 512}
2021-05-03T14:58:01.090Z	INFO	loggingexporter/logging_exporter.go:331	TracesExporter	{"#spans": 1536}
2021-05-03T14:58:01.890Z	INFO	loggingexporter/logging_exporter.go:331	TracesExporter	{"#spans": 512}
2021-05-03T14:58:02.090Z	INFO	loggingexporter/logging_exporter.go:331	TracesExporter	{"#spans": 512}
2021-05-03T14:58:03.692Z	INFO	loggingexporter/logging_exporter.go:331	TracesExporter	{"#spans": 6}
2021-05-03T14:58:04.692Z	INFO	loggingexporter/logging_exporter.go:331	TracesExporter	{"#spans": 10700}
2021-05-03T14:58:04.893Z	INFO	loggingexporter/logging_exporter.go:331	TracesExporter	{"#spans": 10553}
2021-05-03T14:58:05.705Z	INFO	loggingexporter/logging_exporter.go:331	TracesExporter	{"#spans": 242}
2021-05-03T14:58:05.910Z	INFO	loggingexporter/logging_exporter.go:331	TracesExporter	{"#spans": 8168}
2021-05-03T14:58:06.711Z	INFO	loggingexporter/logging_exporter.go:331	TracesExporter	{"#spans": 16270}
2021-05-03T14:58:06.911Z	INFO	loggingexporter/logging_exporter.go:331	TracesExporter	{"#spans": 13282}
2021-05-03T14:58:07.712Z	INFO	loggingexporter/logging_exporter.go:331	TracesExporter	{"#spans": 11841}
2021-05-03T14:58:07.913Z	INFO	loggingexporter/logging_exporter.go:331	TracesExporter	{"#spans": 12526}
2021-05-03T14:58:08.714Z	INFO	loggingexporter/logging_exporter.go:331	TracesExporter	{"#spans": 41925}
2021-05-03T14:58:08.915Z	INFO	loggingexporter/logging_exporter.go:331	TracesExporter	{"#spans": 84631}
2021-05-03T14:58:09.720Z	INFO	loggingexporter/logging_exporter.go:331	TracesExporter	{"#spans": 38220}
2021-05-03T14:58:09.924Z	INFO	loggingexporter/logging_exporter.go:331	TracesExporter	{"#spans": 1264}
2021-05-03T14:58:10.729Z	INFO	loggingexporter/logging_exporter.go:331	TracesExporter	{"#spans": 39018}
2021-05-03T14:58:10.929Z	INFO	loggingexporter/logging_exporter.go:331	TracesExporter	{"#spans": 54598}
2021-05-03T14:58:11.733Z	INFO	loggingexporter/logging_exporter.go:331	TracesExporter	{"#spans": 57323}
2021-05-03T14:58:11.934Z	INFO	loggingexporter/logging_exporter.go:331	TracesExporter	{"#spans": 56284}
2021-05-03T14:58:13.135Z	INFO	loggingexporter/logging_exporter.go:331	TracesExporter	{"#spans": 512}
2021-05-03T14:58:13.535Z	INFO	loggingexporter/logging_exporter.go:331	TracesExporter	{"#spans": 2572}
2021-05-03T14:58:14.736Z	INFO	loggingexporter/logging_exporter.go:331	TracesExporter	{"#spans": 1}
2021-05-03T14:58:15.936Z	INFO	loggingexporter/logging_exporter.go:331	TracesExporter	{"#spans": 6}
2021-05-03T14:58:16.736Z	INFO	loggingexporter/logging_exporter.go:331	TracesExporter	{"#spans": 5843}
2021-05-03T14:58:16.936Z	INFO	loggingexporter/logging_exporter.go:331	TracesExporter	{"#spans": 13434}
2021-05-03T14:58:17.139Z	INFO	loggingexporter/logging_exporter.go:331	TracesExporter	{"#spans": 2770}
2021-05-03T14:58:17.996Z	INFO	loggingexporter/logging_exporter.go:331	TracesExporter	{"#spans": 9098}
2021-05-03T14:58:18.196Z	INFO	loggingexporter/logging_exporter.go:331	TracesExporter	{"#spans": 12218}
2021-05-03T14:58:18.997Z	INFO	loggingexporter/logging_exporter.go:331	TracesExporter	{"#spans": 14266}
2021-05-03T14:58:19.198Z	INFO	loggingexporter/logging_exporter.go:331	TracesExporter	{"#spans": 14312}
2021-05-03T14:58:19.999Z	INFO	loggingexporter/logging_exporter.go:331	TracesExporter	{"#spans": 11915}
2021-05-03T14:58:20.199Z	INFO	loggingexporter/logging_exporter.go:331	TracesExporter	{"#spans": 12327}
2021-05-03T14:58:21.001Z	INFO	loggingexporter/logging_exporter.go:331	TracesExporter	{"#spans": 66032}
2021-05-03T14:58:21.202Z	INFO	loggingexporter/logging_exporter.go:331	TracesExporter	{"#spans": 55956}
2021-05-03T14:58:22.006Z	INFO	loggingexporter/logging_exporter.go:331	TracesExporter	{"#spans": 28064}
2021-05-03T14:58:22.213Z	INFO	loggingexporter/logging_exporter.go:331	TracesExporter	{"#spans": 1275}
2021-05-03T14:58:23.018Z	INFO	loggingexporter/logging_exporter.go:331	TracesExporter	{"#spans": 37042}
2021-05-03T14:58:23.219Z	INFO	loggingexporter/logging_exporter.go:331	TracesExporter	{"#spans": 46221}
2021-05-03T14:58:24.023Z	INFO	loggingexporter/logging_exporter.go:331	TracesExporter	{"#spans": 55652}
2021-05-03T14:58:24.224Z	INFO	loggingexporter/logging_exporter.go:331	TracesExporter	{"#spans": 54665}
2021-05-03T14:58:25.025Z	INFO	loggingexporter/logging_exporter.go:331	TracesExporter	{"#spans": 2560}
2021-05-03T14:58:25.825Z	INFO	loggingexporter/logging_exporter.go:331	TracesExporter	{"#spans": 520}
2021-05-03T14:58:26.025Z	INFO	loggingexporter/logging_exporter.go:331	TracesExporter	{"#spans": 1026}
2021-05-03T14:58:29.227Z	INFO	loggingexporter/logging_exporter.go:331	TracesExporter	{"#spans": 8782}
2021-05-03T14:58:29.427Z	INFO	loggingexporter/logging_exporter.go:331	TracesExporter	{"#spans": 9344}
2021-05-03T14:58:30.244Z	INFO	loggingexporter/logging_exporter.go:331	TracesExporter	{"#spans": 264}
2021-05-03T14:58:30.445Z	INFO	loggingexporter/logging_exporter.go:331	TracesExporter	{"#spans": 7156}
2021-05-03T14:58:31.247Z	INFO	loggingexporter/logging_exporter.go:331	TracesExporter	{"#spans": 18252}
2021-05-03T14:58:31.447Z	INFO	loggingexporter/logging_exporter.go:331	TracesExporter	{"#spans": 12714}
2021-05-03T14:58:32.248Z	INFO	loggingexporter/logging_exporter.go:331	TracesExporter	{"#spans": 11982}
2021-05-03T14:58:32.448Z	INFO	loggingexporter/logging_exporter.go:331	TracesExporter	{"#spans": 12472}
2021-05-03T14:58:33.250Z	INFO	loggingexporter/logging_exporter.go:331	TracesExporter	{"#spans": 26812}
2021-05-03T14:58:33.450Z	INFO	loggingexporter/logging_exporter.go:331	TracesExporter	{"#spans": 62132}
2021-05-03T14:58:34.254Z	INFO	loggingexporter/logging_exporter.go:331	TracesExporter	{"#spans": 47804}
2021-05-03T14:58:34.457Z	INFO	loggingexporter/logging_exporter.go:331	TracesExporter	{"#spans": 40380}
2021-05-03T14:58:35.278Z	INFO	loggingexporter/logging_exporter.go:331	TracesExporter	{"#spans": 8179}
2021-05-03T14:58:35.478Z	INFO	loggingexporter/logging_exporter.go:331	TracesExporter	{"#spans": 30844}
2021-05-03T14:58:36.282Z	INFO	loggingexporter/logging_exporter.go:331	TracesExporter	{"#spans": 55262}
2021-05-03T14:58:36.483Z	INFO	loggingexporter/logging_exporter.go:331	TracesExporter	{"#spans": 56176}
2021-05-03T14:58:37.285Z	INFO	loggingexporter/logging_exporter.go:331	TracesExporter	{"#spans": 512}
2021-05-03T14:58:37.485Z	INFO	loggingexporter/logging_exporter.go:331	TracesExporter	{"#spans": 2048}
2021-05-03T14:58:38.287Z	INFO	loggingexporter/logging_exporter.go:331	TracesExporter	{"#spans": 1540}
2021-05-03T14:58:38.487Z	INFO	loggingexporter/logging_exporter.go:331	TracesExporter	{"#spans": 1032}
2021-05-03T14:58:41.489Z	INFO	loggingexporter/logging_exporter.go:331	TracesExporter	{"#spans": 3676}
2021-05-03T14:58:41.689Z	INFO	loggingexporter/logging_exporter.go:331	TracesExporter	{"#spans": 12519}
2021-05-03T14:58:42.509Z	INFO	loggingexporter/logging_exporter.go:331	TracesExporter	{"#spans": 296}
2021-05-03T14:58:42.721Z	INFO	loggingexporter/logging_exporter.go:331	TracesExporter	{"#spans": 966}
2021-05-03T14:58:43.522Z	INFO	loggingexporter/logging_exporter.go:331	TracesExporter	{"#spans": 20898}
2021-05-03T14:58:43.722Z	INFO	loggingexporter/logging_exporter.go:331	TracesExporter	{"#spans": 15847}
2021-05-03T14:58:44.523Z	INFO	loggingexporter/logging_exporter.go:331	TracesExporter	{"#spans": 13173}
2021-05-03T14:58:44.724Z	INFO	loggingexporter/logging_exporter.go:331	TracesExporter	{"#spans": 12968}
2021-05-03T14:58:45.525Z	INFO	loggingexporter/logging_exporter.go:331	TracesExporter	{"#spans": 23341}
2021-05-03T14:58:45.726Z	INFO	loggingexporter/logging_exporter.go:331	TracesExporter	{"#spans": 61041}
2021-05-03T14:58:46.530Z	INFO	loggingexporter/logging_exporter.go:331	TracesExporter	{"#spans": 52688}
2021-05-03T14:58:46.731Z	INFO	loggingexporter/logging_exporter.go:331	TracesExporter	{"#spans": 50070}
2021-05-03T14:58:47.543Z	INFO	loggingexporter/logging_exporter.go:331	TracesExporter	{"#spans": 8111}
2021-05-03T14:58:47.743Z	INFO	loggingexporter/logging_exporter.go:331	TracesExporter	{"#spans": 32411}
2021-05-03T14:58:48.546Z	INFO	loggingexporter/logging_exporter.go:331	TracesExporter	{"#spans": 62701}
2021-05-03T14:58:48.747Z	INFO	loggingexporter/logging_exporter.go:331	TracesExporter	{"#spans": 63847}
2021-05-03T14:58:49.549Z	INFO	loggingexporter/logging_exporter.go:331	TracesExporter	{"#spans": 2560}
2021-05-03T14:58:50.349Z	INFO	loggingexporter/logging_exporter.go:331	TracesExporter	{"#spans": 1540}
2021-05-03T14:58:50.549Z	INFO	loggingexporter/logging_exporter.go:331	TracesExporter	{"#spans": 1538}
2021-05-03T14:58:53.978Z	INFO	loggingexporter/logging_exporter.go:331	TracesExporter	{"#spans": 4854}
2021-05-03T14:58:54.182Z	INFO	loggingexporter/logging_exporter.go:331	TracesExporter	{"#spans": 346}
2021-05-03T14:58:54.986Z	INFO	loggingexporter/logging_exporter.go:331	TracesExporter	{"#spans": 9548}
2021-05-03T14:58:55.186Z	INFO	loggingexporter/logging_exporter.go:331	TracesExporter	{"#spans": 13227}
2021-05-03T14:58:55.988Z	INFO	loggingexporter/logging_exporter.go:331	TracesExporter	{"#spans": 13982}
2021-05-03T14:58:56.188Z	INFO	loggingexporter/logging_exporter.go:331	TracesExporter	{"#spans": 13270}
2021-05-03T14:58:56.989Z	INFO	loggingexporter/logging_exporter.go:331	TracesExporter	{"#spans": 11984}
2021-05-03T14:58:57.189Z	INFO	loggingexporter/logging_exporter.go:331	TracesExporter	{"#spans": 12184}
2021-05-03T14:58:57.991Z	INFO	loggingexporter/logging_exporter.go:331	TracesExporter	{"#spans": 54656}
2021-05-03T14:58:58.192Z	INFO	loggingexporter/logging_exporter.go:331	TracesExporter	{"#spans": 65722}
2021-05-03T14:58:58.996Z	INFO	loggingexporter/logging_exporter.go:331	TracesExporter	{"#spans": 25280}
2021-05-03T14:58:59.201Z	INFO	loggingexporter/logging_exporter.go:331	TracesExporter	{"#spans": 1273}
2021-05-03T14:59:00.013Z	INFO	loggingexporter/logging_exporter.go:331	TracesExporter	{"#spans": 30986}
2021-05-03T14:59:00.214Z	INFO	loggingexporter/logging_exporter.go:331	TracesExporter	{"#spans": 47562}
2021-05-03T14:59:01.017Z	INFO	loggingexporter/logging_exporter.go:331	TracesExporter	{"#spans": 52186}
2021-05-03T14:59:01.217Z	INFO	loggingexporter/logging_exporter.go:331	TracesExporter	{"#spans": 50143}
2021-05-03T14:59:02.020Z	INFO	loggingexporter/logging_exporter.go:331	TracesExporter	{"#spans": 1886}
2021-05-03T14:59:02.220Z	INFO	loggingexporter/logging_exporter.go:331	TracesExporter	{"#spans": 2560}
2021-05-03T14:59:03.221Z	INFO	loggingexporter/logging_exporter.go:331	TracesExporter	{"#spans": 3084}
2021-05-03T14:59:06.423Z	INFO	loggingexporter/logging_exporter.go:331	TracesExporter	{"#spans": 11324}
2021-05-03T14:59:06.624Z	INFO	loggingexporter/logging_exporter.go:331	TracesExporter	{"#spans": 12218}
2021-05-03T14:59:07.430Z	INFO	loggingexporter/logging_exporter.go:331	TracesExporter	{"#spans": 352}
2021-05-03T14:59:07.637Z	INFO	loggingexporter/logging_exporter.go:331	TracesExporter	{"#spans": 9760}
2021-05-03T14:59:08.438Z	INFO	loggingexporter/logging_exporter.go:331	TracesExporter	{"#spans": 15159}
2021-05-03T14:59:08.639Z	INFO	loggingexporter/logging_exporter.go:331	TracesExporter	{"#spans": 14722}
2021-05-03T14:59:09.440Z	INFO	loggingexporter/logging_exporter.go:331	TracesExporter	{"#spans": 13434}
2021-05-03T14:59:09.640Z	INFO	loggingexporter/logging_exporter.go:331	TracesExporter	{"#spans": 11175}
2021-05-03T14:59:10.441Z	INFO	loggingexporter/logging_exporter.go:331	TracesExporter	{"#spans": 69338}
2021-05-03T14:59:10.642Z	INFO	loggingexporter/logging_exporter.go:331	TracesExporter	{"#spans": 60894}
2021-05-03T14:59:11.457Z	INFO	loggingexporter/logging_exporter.go:331	TracesExporter	{"#spans": 42754}
2021-05-03T14:59:11.664Z	INFO	loggingexporter/logging_exporter.go:331	TracesExporter	{"#spans": 1300}
2021-05-03T14:59:12.472Z	INFO	loggingexporter/logging_exporter.go:331	TracesExporter	{"#spans": 40856}
2021-05-03T14:59:12.672Z	INFO	loggingexporter/logging_exporter.go:331	TracesExporter	{"#spans": 50764}
2021-05-03T14:59:13.476Z	INFO	loggingexporter/logging_exporter.go:331	TracesExporter	{"#spans": 52188}
2021-05-03T14:59:13.677Z	INFO	loggingexporter/logging_exporter.go:331	TracesExporter	{"#spans": 51354}
2021-05-03T14:59:15.077Z	INFO	loggingexporter/logging_exporter.go:331	TracesExporter	{"#spans": 15}
2021-05-03T14:59:15.278Z	INFO	loggingexporter/logging_exporter.go:331	TracesExporter	{"#spans": 1540}
2021-05-03T14:59:18.279Z	INFO	loggingexporter/logging_exporter.go:331	TracesExporter	{"#spans": 2}
2021-05-03T14:59:18.679Z	INFO	loggingexporter/logging_exporter.go:331	TracesExporter	{"#spans": 3807}
2021-05-03T14:59:19.295Z	INFO	loggingexporter/logging_exporter.go:331	TracesExporter	{"#spans": 200}
2021-05-03T14:59:19.502Z	INFO	loggingexporter/logging_exporter.go:331	TracesExporter	{"#spans": 174}
2021-05-03T14:59:20.304Z	INFO	loggingexporter/logging_exporter.go:331	TracesExporter	{"#spans": 42068}
2021-05-03T14:59:20.505Z	INFO	loggingexporter/logging_exporter.go:331	TracesExporter	{"#spans": 17755}
2021-05-03T14:59:21.306Z	INFO	loggingexporter/logging_exporter.go:331	TracesExporter	{"#spans": 13276}
2021-05-03T14:59:21.506Z	INFO	loggingexporter/logging_exporter.go:331	TracesExporter	{"#spans": 12935}
2021-05-03T14:59:22.307Z	INFO	loggingexporter/logging_exporter.go:331	TracesExporter	{"#spans": 13094}
2021-05-03T14:59:22.507Z	INFO	loggingexporter/logging_exporter.go:331	TracesExporter	{"#spans": 16268}
2021-05-03T14:59:23.311Z	INFO	loggingexporter/logging_exporter.go:331	TracesExporter	{"#spans": 57382}
2021-05-03T14:59:23.512Z	INFO	loggingexporter/logging_exporter.go:331	TracesExporter	{"#spans": 58450}
2021-05-03T14:59:24.325Z	INFO	loggingexporter/logging_exporter.go:331	TracesExporter	{"#spans": 660}
2021-05-03T14:59:24.533Z	INFO	loggingexporter/logging_exporter.go:331	TracesExporter	{"#spans": 7018}
2021-05-03T14:59:25.337Z	INFO	loggingexporter/logging_exporter.go:331	TracesExporter	{"#spans": 73166}
2021-05-03T14:59:25.538Z	INFO	loggingexporter/logging_exporter.go:331	TracesExporter	{"#spans": 71666}
2021-05-03T14:59:26.343Z	INFO	loggingexporter/logging_exporter.go:331	TracesExporter	{"#spans": 17408}
2021-05-03T14:59:26.543Z	INFO	loggingexporter/logging_exporter.go:331	TracesExporter	{"#spans": 512}
2021-05-03T14:59:27.346Z	INFO	loggingexporter/logging_exporter.go:331	TracesExporter	{"#spans": 1}
2021-05-03T14:59:27.746Z	INFO	loggingexporter/logging_exporter.go:331	TracesExporter	{"#spans": 1034}
2021-05-03T14:59:28.952Z	INFO	loggingexporter/logging_exporter.go:331	TracesExporter	{"#spans": 2}
2021-05-03T14:59:30.952Z	INFO	loggingexporter/logging_exporter.go:331	TracesExporter	{"#spans": 2909}
2021-05-03T14:59:31.167Z	INFO	loggingexporter/logging_exporter.go:331	TracesExporter	{"#spans": 11658}
2021-05-03T14:59:31.980Z	INFO	loggingexporter/logging_exporter.go:331	TracesExporter	{"#spans": 616}
2021-05-03T14:59:32.180Z	INFO	loggingexporter/logging_exporter.go:331	TracesExporter	{"#spans": 6310}
2021-05-03T14:59:32.981Z	INFO	loggingexporter/logging_exporter.go:331	TracesExporter	{"#spans": 16112}
2021-05-03T14:59:33.182Z	INFO	loggingexporter/logging_exporter.go:331	TracesExporter	{"#spans": 13265}
2021-05-03T14:59:33.983Z	INFO	loggingexporter/logging_exporter.go:331	TracesExporter	{"#spans": 12569}
2021-05-03T14:59:34.183Z	INFO	loggingexporter/logging_exporter.go:331	TracesExporter	{"#spans": 12460}
2021-05-03T14:59:34.984Z	INFO	loggingexporter/logging_exporter.go:331	TracesExporter	{"#spans": 18417}
2021-05-03T14:59:35.185Z	INFO	loggingexporter/logging_exporter.go:331	TracesExporter	{"#spans": 57144}
2021-05-03T14:59:35.989Z	INFO	loggingexporter/logging_exporter.go:331	TracesExporter	{"#spans": 51497}
2021-05-03T14:59:36.196Z	INFO	loggingexporter/logging_exporter.go:331	TracesExporter	{"#spans": 31029}
2021-05-03T14:59:37.007Z	INFO	loggingexporter/logging_exporter.go:331	TracesExporter	{"#spans": 19414}
2021-05-03T14:59:37.208Z	INFO	loggingexporter/logging_exporter.go:331	TracesExporter	{"#spans": 41462}
2021-05-03T14:59:38.011Z	INFO	loggingexporter/logging_exporter.go:331	TracesExporter	{"#spans": 65151}
2021-05-03T14:59:38.212Z	INFO	loggingexporter/logging_exporter.go:331	TracesExporter	{"#spans": 56284}
2021-05-03T14:59:39.014Z	INFO	loggingexporter/logging_exporter.go:331	TracesExporter	{"#spans": 1536}
2021-05-03T14:59:39.414Z	INFO	loggingexporter/logging_exporter.go:331	TracesExporter	{"#spans": 512}
2021-05-03T14:59:40.015Z	INFO	loggingexporter/logging_exporter.go:331	TracesExporter	{"#spans": 2054}
2021-05-03T14:59:40.823Z	INFO	loggingexporter/logging_exporter.go:331	TracesExporter	{"#spans": 1024}
2021-05-03T14:59:41.424Z	INFO	loggingexporter/logging_exporter.go:331	TracesExporter	{"#spans": 4}
2021-05-03T14:59:43.424Z	INFO	loggingexporter/logging_exporter.go:331	TracesExporter	{"#spans": 9433}
2021-05-03T14:59:43.625Z	INFO	loggingexporter/logging_exporter.go:331	TracesExporter	{"#spans": 7192}
2021-05-03T14:59:44.437Z	INFO	loggingexporter/logging_exporter.go:331	TracesExporter	{"#spans": 3012}
2021-05-03T14:59:44.637Z	INFO	loggingexporter/logging_exporter.go:331	TracesExporter	{"#spans": 9192}
2021-05-03T14:59:45.438Z	INFO	loggingexporter/logging_exporter.go:331	TracesExporter	{"#spans": 14672}
2021-05-03T14:59:45.639Z	INFO	loggingexporter/logging_exporter.go:331	TracesExporter	{"#spans": 13164}
2021-05-03T14:59:46.439Z	INFO	loggingexporter/logging_exporter.go:331	TracesExporter	{"#spans": 12284}
2021-05-03T14:59:46.640Z	INFO	loggingexporter/logging_exporter.go:331	TracesExporter	{"#spans": 12730}
2021-05-03T14:59:47.441Z	INFO	loggingexporter/logging_exporter.go:331	TracesExporter	{"#spans": 33164}
2021-05-03T14:59:47.642Z	INFO	loggingexporter/logging_exporter.go:331	TracesExporter	{"#spans": 67582}
2021-05-03T14:59:48.445Z	INFO	loggingexporter/logging_exporter.go:331	TracesExporter	{"#spans": 43620}
2021-05-03T14:59:49.327Z	INFO	loggingexporter/logging_exporter.go:331	TracesExporter	{"#spans": 24566}
2021-05-03T14:59:49.528Z	INFO	loggingexporter/logging_exporter.go:331	TracesExporter	{"#spans": 20787}
2021-05-03T14:59:49.729Z	INFO	loggingexporter/logging_exporter.go:331	TracesExporter	{"#spans": 40637}
2021-05-03T14:59:50.532Z	INFO	loggingexporter/logging_exporter.go:331	TracesExporter	{"#spans": 53259}
2021-05-03T14:59:50.733Z	INFO	loggingexporter/logging_exporter.go:331	TracesExporter	{"#spans": 55096}
2021-05-03T14:59:51.735Z	INFO	loggingexporter/logging_exporter.go:331	TracesExporter	{"#spans": 2560}
2021-05-03T14:59:52.736Z	INFO	loggingexporter/logging_exporter.go:331	TracesExporter	{"#spans": 2050}
2021-05-03T14:59:52.936Z	INFO	loggingexporter/logging_exporter.go:331	TracesExporter	{"#spans": 1031}
2021-05-03T14:59:54.937Z	INFO	loggingexporter/logging_exporter.go:331	TracesExporter	{"#spans": 2}
2021-05-03T14:59:55.937Z	INFO	loggingexporter/logging_exporter.go:331	TracesExporter	{"#spans": 1406}
2021-05-03T14:59:56.137Z	INFO	loggingexporter/logging_exporter.go:331	TracesExporter	{"#spans": 13192}
2021-05-03T14:59:56.949Z	INFO	loggingexporter/logging_exporter.go:331	TracesExporter	{"#spans": 250}
2021-05-03T14:59:57.154Z	INFO	loggingexporter/logging_exporter.go:331	TracesExporter	{"#spans": 794}
2021-05-03T14:59:57.955Z	INFO	loggingexporter/logging_exporter.go:331	TracesExporter	{"#spans": 19653}
2021-05-03T14:59:58.155Z	INFO	loggingexporter/logging_exporter.go:331	TracesExporter	{"#spans": 15152}
2021-05-03T14:59:58.956Z	INFO	loggingexporter/logging_exporter.go:331	TracesExporter	{"#spans": 11790}
2021-05-03T14:59:59.156Z	INFO	loggingexporter/logging_exporter.go:331	TracesExporter	{"#spans": 11516}
2021-05-03T14:59:59.957Z	INFO	loggingexporter/logging_exporter.go:331	TracesExporter	{"#spans": 12982}
2021-05-03T15:00:00.158Z	INFO	loggingexporter/logging_exporter.go:331	TracesExporter	{"#spans": 45836}
2021-05-03T15:00:00.962Z	INFO	loggingexporter/logging_exporter.go:331	TracesExporter	{"#spans": 52964}
2021-05-03T15:00:01.163Z	INFO	loggingexporter/logging_exporter.go:331	TracesExporter	{"#spans": 45542}
2021-05-03T15:00:01.986Z	INFO	loggingexporter/logging_exporter.go:331	TracesExporter	{"#spans": 873}
2021-05-03T15:00:02.196Z	INFO	loggingexporter/logging_exporter.go:331	TracesExporter	{"#spans": 16489}
2021-05-03T15:00:02.999Z	INFO	loggingexporter/logging_exporter.go:331	TracesExporter	{"#spans": 59400}
2021-05-03T15:00:03.200Z	INFO	loggingexporter/logging_exporter.go:331	TracesExporter	{"#spans": 56882}
2021-05-03T15:00:04.002Z	INFO	loggingexporter/logging_exporter.go:331	TracesExporter	{"#spans": 1024}
2021-05-03T15:00:04.202Z	INFO	loggingexporter/logging_exporter.go:331	TracesExporter	{"#spans": 1536}
2021-05-03T15:00:05.003Z	INFO	loggingexporter/logging_exporter.go:331	TracesExporter	{"#spans": 514}
2021-05-03T15:00:05.203Z	INFO	loggingexporter/logging_exporter.go:331	TracesExporter	{"#spans": 1032}
2021-05-03T15:00:06.604Z	INFO	loggingexporter/logging_exporter.go:331	TracesExporter	{"#spans": 514}
2021-05-03T15:00:08.805Z	INFO	loggingexporter/logging_exporter.go:331	TracesExporter	{"#spans": 1646}
2021-05-03T15:00:09.010Z	INFO	loggingexporter/logging_exporter.go:331	TracesExporter	{"#spans": 3962}
2021-05-03T15:00:09.829Z	INFO	loggingexporter/logging_exporter.go:331	TracesExporter	{"#spans": 4439}
2021-05-03T15:00:10.030Z	INFO	loggingexporter/logging_exporter.go:331	TracesExporter	{"#spans": 10347}
2021-05-03T15:00:10.831Z	INFO	loggingexporter/logging_exporter.go:331	TracesExporter	{"#spans": 14999}
2021-05-03T15:00:11.031Z	INFO	loggingexporter/logging_exporter.go:331	TracesExporter	{"#spans": 12478}
2021-05-03T15:00:11.834Z	INFO	loggingexporter/logging_exporter.go:331	TracesExporter	{"#spans": 11907}
2021-05-03T15:00:12.034Z	INFO	loggingexporter/logging_exporter.go:331	TracesExporter	{"#spans": 11942}
2021-05-03T15:00:12.836Z	INFO	loggingexporter/logging_exporter.go:331	TracesExporter	{"#spans": 61812}
2021-05-03T15:00:13.037Z	INFO	loggingexporter/logging_exporter.go:331	TracesExporter	{"#spans": 67191}
2021-05-03T15:00:13.842Z	INFO	loggingexporter/logging_exporter.go:331	TracesExporter	{"#spans": 34688}
2021-05-03T15:00:14.045Z	INFO	loggingexporter/logging_exporter.go:331	TracesExporter	{"#spans": 16306}
2021-05-03T15:00:14.865Z	INFO	loggingexporter/logging_exporter.go:331	TracesExporter	{"#spans": 25554}
2021-05-03T15:00:15.066Z	INFO	loggingexporter/logging_exporter.go:331	TracesExporter	{"#spans": 37384}
2021-05-03T15:00:15.868Z	INFO	loggingexporter/logging_exporter.go:331	TracesExporter	{"#spans": 55092}
2021-05-03T15:00:16.069Z	INFO	loggingexporter/logging_exporter.go:331	TracesExporter	{"#spans": 58923}
2021-05-03T15:00:17.071Z	INFO	loggingexporter/logging_exporter.go:331	TracesExporter	{"#spans": 2560}
2021-05-03T15:00:18.072Z	INFO	loggingexporter/logging_exporter.go:331	TracesExporter	{"#spans": 3082}
2021-05-03T15:00:21.073Z	INFO	loggingexporter/logging_exporter.go:331	TracesExporter	{"#spans": 4}
2021-05-03T15:00:21.274Z	INFO	loggingexporter/logging_exporter.go:331	TracesExporter	{"#spans": 512}
2021-05-03T15:00:22.084Z	INFO	loggingexporter/logging_exporter.go:331	TracesExporter	{"#spans": 393}
2021-05-03T15:00:22.292Z	INFO	loggingexporter/logging_exporter.go:331	TracesExporter	{"#spans": 132}
2021-05-03T15:00:23.099Z	INFO	loggingexporter/logging_exporter.go:331	TracesExporter	{"#spans": 34985}
2021-05-03T15:00:23.299Z	INFO	loggingexporter/logging_exporter.go:331	TracesExporter	{"#spans": 21881}
2021-05-03T15:00:24.100Z	INFO	loggingexporter/logging_exporter.go:331	TracesExporter	{"#spans": 12206}
2021-05-03T15:00:24.300Z	INFO	loggingexporter/logging_exporter.go:331	TracesExporter	{"#spans": 12410}
2021-05-03T15:00:25.101Z	INFO	loggingexporter/logging_exporter.go:331	TracesExporter	{"#spans": 12213}
2021-05-03T15:00:25.302Z	INFO	loggingexporter/logging_exporter.go:331	TracesExporter	{"#spans": 10737}
2021-05-03T15:00:26.105Z	INFO	loggingexporter/logging_exporter.go:331	TracesExporter	{"#spans": 71241}
2021-05-03T15:00:26.307Z	INFO	loggingexporter/logging_exporter.go:331	TracesExporter	{"#spans": 60340}
2021-05-03T15:00:27.111Z	INFO	loggingexporter/logging_exporter.go:331	TracesExporter	{"#spans": 890}
2021-05-03T15:00:27.318Z	INFO	loggingexporter/logging_exporter.go:331	TracesExporter	{"#spans": 3259}
2021-05-03T15:00:28.121Z	INFO	loggingexporter/logging_exporter.go:331	TracesExporter	{"#spans": 59547}
2021-05-03T15:00:28.322Z	INFO	loggingexporter/logging_exporter.go:331	TracesExporter	{"#spans": 57743}
2021-05-03T15:00:29.125Z	INFO	loggingexporter/logging_exporter.go:331	TracesExporter	{"#spans": 23896}
2021-05-03T15:00:29.526Z	INFO	loggingexporter/logging_exporter.go:331	TracesExporter	{"#spans": 2560}
2021-05-03T15:00:30.526Z	INFO	loggingexporter/logging_exporter.go:331	TracesExporter	{"#spans": 1008}
2021-05-03T15:00:30.726Z	INFO	loggingexporter/logging_exporter.go:331	TracesExporter	{"#spans": 2071}
2021-05-03T15:00:34.151Z	INFO	loggingexporter/logging_exporter.go:331	TracesExporter	{"#spans": 4554}
2021-05-03T15:00:34.355Z	INFO	loggingexporter/logging_exporter.go:331	TracesExporter	{"#spans": 337}
2021-05-03T15:00:35.168Z	INFO	loggingexporter/logging_exporter.go:331	TracesExporter	{"#spans": 7262}
2021-05-03T15:00:35.368Z	INFO	loggingexporter/logging_exporter.go:331	TracesExporter	{"#spans": 10027}
2021-05-03T15:00:36.169Z	INFO	loggingexporter/logging_exporter.go:331	TracesExporter	{"#spans": 13674}
2021-05-03T15:00:36.370Z	INFO	loggingexporter/logging_exporter.go:331	TracesExporter	{"#spans": 12004}
2021-05-03T15:00:37.171Z	INFO	loggingexporter/logging_exporter.go:331	TracesExporter	{"#spans": 12316}
2021-05-03T15:00:37.371Z	INFO	loggingexporter/logging_exporter.go:331	TracesExporter	{"#spans": 12173}
2021-05-03T15:00:38.172Z	INFO	loggingexporter/logging_exporter.go:331	TracesExporter	{"#spans": 33460}
2021-05-03T15:00:38.373Z	INFO	loggingexporter/logging_exporter.go:331	TracesExporter	{"#spans": 65484}
2021-05-03T15:00:39.177Z	INFO	loggingexporter/logging_exporter.go:331	TracesExporter	{"#spans": 39672}
2021-05-03T15:00:39.379Z	INFO	loggingexporter/logging_exporter.go:331	TracesExporter	{"#spans": 19238}
2021-05-03T15:00:40.210Z	INFO	loggingexporter/logging_exporter.go:331	TracesExporter	{"#spans": 5607}
2021-05-03T15:00:40.410Z	INFO	loggingexporter/logging_exporter.go:331	TracesExporter	{"#spans": 37823}
2021-05-03T15:00:41.214Z	INFO	loggingexporter/logging_exporter.go:331	TracesExporter	{"#spans": 61976}
2021-05-03T15:00:41.415Z	INFO	loggingexporter/logging_exporter.go:331	TracesExporter	{"#spans": 51438}
2021-05-03T15:00:42.218Z	INFO	loggingexporter/logging_exporter.go:331	TracesExporter	{"#spans": 18385}
2021-05-03T15:00:42.618Z	INFO	loggingexporter/logging_exporter.go:331	TracesExporter	{"#spans": 2049}
2021-05-03T15:00:43.819Z	INFO	loggingexporter/logging_exporter.go:331	TracesExporter	{"#spans": 3081}
2021-05-03T15:00:47.020Z	INFO	loggingexporter/logging_exporter.go:331	TracesExporter	{"#spans": 10621}
2021-05-03T15:00:47.221Z	INFO	loggingexporter/logging_exporter.go:331	TracesExporter	{"#spans": 12044}
2021-05-03T15:00:48.040Z	INFO	loggingexporter/logging_exporter.go:331	TracesExporter	{"#spans": 182}
2021-05-03T15:00:48.246Z	INFO	loggingexporter/logging_exporter.go:331	TracesExporter	{"#spans": 3632}
2021-05-03T15:00:49.048Z	INFO	loggingexporter/logging_exporter.go:331	TracesExporter	{"#spans": 16506}
2021-05-03T15:00:49.248Z	INFO	loggingexporter/logging_exporter.go:331	TracesExporter	{"#spans": 13394}
2021-05-03T15:00:50.049Z	INFO	loggingexporter/logging_exporter.go:331	TracesExporter	{"#spans": 13517}
2021-05-03T15:00:50.249Z	INFO	loggingexporter/logging_exporter.go:331	TracesExporter	{"#spans": 12449}
2021-05-03T15:00:51.051Z	INFO	loggingexporter/logging_exporter.go:331	TracesExporter	{"#spans": 54608}
2021-05-03T15:00:51.252Z	INFO	loggingexporter/logging_exporter.go:331	TracesExporter	{"#spans": 68867}
2021-05-03T15:00:52.056Z	INFO	loggingexporter/logging_exporter.go:331	TracesExporter	{"#spans": 57700}
2021-05-03T15:00:52.259Z	INFO	loggingexporter/logging_exporter.go:331	TracesExporter	{"#spans": 32030}
2021-05-03T15:00:53.067Z	INFO	loggingexporter/logging_exporter.go:331	TracesExporter	{"#spans": 20338}
2021-05-03T15:00:53.268Z	INFO	loggingexporter/logging_exporter.go:331	TracesExporter	{"#spans": 38691}
2021-05-03T15:00:54.071Z	INFO	loggingexporter/logging_exporter.go:331	TracesExporter	{"#spans": 55516}
2021-05-03T15:00:54.272Z	INFO	loggingexporter/logging_exporter.go:331	TracesExporter	{"#spans": 56508}
2021-05-03T15:00:55.074Z	INFO	loggingexporter/logging_exporter.go:331	TracesExporter	{"#spans": 2560}
2021-05-03T15:00:56.074Z	INFO	loggingexporter/logging_exporter.go:331	TracesExporter	{"#spans": 3598}
2021-05-03T15:00:59.694Z	INFO	loggingexporter/logging_exporter.go:331	TracesExporter	{"#spans": 1540}
2021-05-03T15:01:00.705Z	INFO	loggingexporter/logging_exporter.go:331	TracesExporter	{"#spans": 3590}
2021-05-03T15:01:00.905Z	INFO	loggingexporter/logging_exporter.go:331	TracesExporter	{"#spans": 9446}
2021-05-03T15:01:01.706Z	INFO	loggingexporter/logging_exporter.go:331	TracesExporter	{"#spans": 12745}
2021-05-03T15:01:01.906Z	INFO	loggingexporter/logging_exporter.go:331	TracesExporter	{"#spans": 12561}
2021-05-03T15:01:02.707Z	INFO	loggingexporter/logging_exporter.go:331	TracesExporter	{"#spans": 12374}
2021-05-03T15:01:02.908Z	INFO	loggingexporter/logging_exporter.go:331	TracesExporter	{"#spans": 11896}
2021-05-03T15:01:03.709Z	INFO	loggingexporter/logging_exporter.go:331	TracesExporter	{"#spans": 48137}
2021-05-03T15:01:03.910Z	INFO	loggingexporter/logging_exporter.go:331	TracesExporter	{"#spans": 67113}
2021-05-03T15:01:04.714Z	INFO	loggingexporter/logging_exporter.go:331	TracesExporter	{"#spans": 38803}
2021-05-03T15:01:04.920Z	INFO	loggingexporter/logging_exporter.go:331	TracesExporter	{"#spans": 29649}
2021-05-03T15:01:05.733Z	INFO	loggingexporter/logging_exporter.go:331	TracesExporter	{"#spans": 6332}
2021-05-03T15:01:05.934Z	INFO	loggingexporter/logging_exporter.go:331	TracesExporter	{"#spans": 31522}
2021-05-03T15:01:06.737Z	INFO	loggingexporter/logging_exporter.go:331	TracesExporter	{"#spans": 54200}
2021-05-03T15:01:06.938Z	INFO	loggingexporter/logging_exporter.go:331	TracesExporter	{"#spans": 57862}
2021-05-03T15:01:07.741Z	INFO	loggingexporter/logging_exporter.go:331	TracesExporter	{"#spans": 11264}
2021-05-03T15:01:08.141Z	INFO	loggingexporter/logging_exporter.go:331	TracesExporter	{"#spans": 512}
2021-05-03T15:01:09.141Z	INFO	loggingexporter/logging_exporter.go:331	TracesExporter	{"#spans": 2984}
2021-05-03T15:01:09.342Z	INFO	loggingexporter/logging_exporter.go:331	TracesExporter	{"#spans": 614}
2021-05-03T15:01:12.557Z	INFO	loggingexporter/logging_exporter.go:331	TracesExporter	{"#spans": 4018}
2021-05-03T15:01:12.762Z	INFO	loggingexporter/logging_exporter.go:331	TracesExporter	{"#spans": 9149}
2021-05-03T15:01:13.571Z	INFO	loggingexporter/logging_exporter.go:331	TracesExporter	{"#spans": 2000}
2021-05-03T15:01:13.771Z	INFO	loggingexporter/logging_exporter.go:331	TracesExporter	{"#spans": 9195}
2021-05-03T15:01:14.573Z	INFO	loggingexporter/logging_exporter.go:331	TracesExporter	{"#spans": 15930}
2021-05-03T15:01:14.773Z	INFO	loggingexporter/logging_exporter.go:331	TracesExporter	{"#spans": 13854}
2021-05-03T15:01:15.574Z	INFO	loggingexporter/logging_exporter.go:331	TracesExporter	{"#spans": 12860}
2021-05-03T15:01:15.774Z	INFO	loggingexporter/logging_exporter.go:331	TracesExporter	{"#spans": 11946}
2021-05-03T15:01:16.575Z	INFO	loggingexporter/logging_exporter.go:331	TracesExporter	{"#spans": 45562}
2021-05-03T15:01:16.776Z	INFO	loggingexporter/logging_exporter.go:331	TracesExporter	{"#spans": 72338}
2021-05-03T15:01:17.580Z	INFO	loggingexporter/logging_exporter.go:331	TracesExporter	{"#spans": 39560}
2021-05-03T15:01:17.785Z	INFO	loggingexporter/logging_exporter.go:331	TracesExporter	{"#spans": 28527}
2021-05-03T15:01:18.595Z	INFO	loggingexporter/logging_exporter.go:331	TracesExporter	{"#spans": 21505}
2021-05-03T15:01:18.796Z	INFO	loggingexporter/logging_exporter.go:331	TracesExporter	{"#spans": 43935}
2021-05-03T15:01:19.599Z	INFO	loggingexporter/logging_exporter.go:331	TracesExporter	{"#spans": 58002}
2021-05-03T15:01:19.800Z	INFO	loggingexporter/logging_exporter.go:331	TracesExporter	{"#spans": 58614}
2021-05-03T15:01:20.601Z	INFO	loggingexporter/logging_exporter.go:331	TracesExporter	{"#spans": 2560}
2021-05-03T15:01:21.802Z	INFO	loggingexporter/logging_exporter.go:331	TracesExporter	{"#spans": 3082}
2021-05-03T15:01:25.414Z	INFO	loggingexporter/logging_exporter.go:331	TracesExporter	{"#spans": 68}
2021-05-03T15:01:25.617Z	INFO	loggingexporter/logging_exporter.go:331	TracesExporter	{"#spans": 72}
2021-05-03T15:01:26.421Z	INFO	loggingexporter/logging_exporter.go:331	TracesExporter	{"#spans": 2015}
2021-05-03T15:01:26.622Z	INFO	loggingexporter/logging_exporter.go:331	TracesExporter	{"#spans": 10285}
2021-05-03T15:01:27.423Z	INFO	loggingexporter/logging_exporter.go:331	TracesExporter	{"#spans": 12675}
2021-05-03T15:01:27.623Z	INFO	loggingexporter/logging_exporter.go:331	TracesExporter	{"#spans": 13126}
2021-05-03T15:01:28.424Z	INFO	loggingexporter/logging_exporter.go:331	TracesExporter	{"#spans": 11754}
2021-05-03T15:01:28.624Z	INFO	loggingexporter/logging_exporter.go:331	TracesExporter	{"#spans": 11672}
2021-05-03T15:01:29.426Z	INFO	loggingexporter/logging_exporter.go:331	TracesExporter	{"#spans": 41699}
2021-05-03T15:01:29.627Z	INFO	loggingexporter/logging_exporter.go:331	TracesExporter	{"#spans": 67299}
2021-05-03T15:01:30.430Z	INFO	loggingexporter/logging_exporter.go:331	TracesExporter	{"#spans": 31623}
2021-05-03T15:01:30.632Z	INFO	loggingexporter/logging_exporter.go:331	TracesExporter	{"#spans": 20499}
2021-05-03T15:01:31.454Z	INFO	loggingexporter/logging_exporter.go:331	TracesExporter	{"#spans": 14824}
2021-05-03T15:01:31.655Z	INFO	loggingexporter/logging_exporter.go:331	TracesExporter	{"#spans": 40842}
2021-05-03T15:01:32.458Z	INFO	loggingexporter/logging_exporter.go:331	TracesExporter	{"#spans": 58900}
2021-05-03T15:01:32.659Z	INFO	loggingexporter/logging_exporter.go:331	TracesExporter	{"#spans": 55116}
2021-05-03T15:01:33.662Z	INFO	loggingexporter/logging_exporter.go:331	TracesExporter	{"#spans": 512}
2021-05-03T15:01:34.062Z	INFO	loggingexporter/logging_exporter.go:331	TracesExporter	{"#spans": 2048}
2021-05-03T15:01:34.862Z	INFO	loggingexporter/logging_exporter.go:331	TracesExporter	{"#spans": 3082}
2021-05-03T15:01:37.464Z	INFO	loggingexporter/logging_exporter.go:331	TracesExporter	{"#spans": 2}
2021-05-03T15:01:38.264Z	INFO	loggingexporter/logging_exporter.go:331	TracesExporter	{"#spans": 328}
2021-05-03T15:01:38.469Z	INFO	loggingexporter/logging_exporter.go:331	TracesExporter	{"#spans": 9114}
2021-05-03T15:01:38.671Z	INFO	loggingexporter/logging_exporter.go:331	TracesExporter	{"#spans": 734}
2021-05-03T15:01:39.480Z	INFO	loggingexporter/logging_exporter.go:331	TracesExporter	{"#spans": 7076}
2021-05-03T15:01:39.680Z	INFO	loggingexporter/logging_exporter.go:331	TracesExporter	{"#spans": 11108}
2021-05-03T15:01:40.482Z	INFO	loggingexporter/logging_exporter.go:331	TracesExporter	{"#spans": 13304}
2021-05-03T15:01:40.682Z	INFO	loggingexporter/logging_exporter.go:331	TracesExporter	{"#spans": 12406}
2021-05-03T15:01:41.483Z	INFO	loggingexporter/logging_exporter.go:331	TracesExporter	{"#spans": 13360}
2021-05-03T15:01:41.683Z	INFO	loggingexporter/logging_exporter.go:331	TracesExporter	{"#spans": 12502}
2021-05-03T15:01:42.485Z	INFO	loggingexporter/logging_exporter.go:331	TracesExporter	{"#spans": 59986}
2021-05-03T15:01:42.686Z	INFO	loggingexporter/logging_exporter.go:331	TracesExporter	{"#spans": 72782}
2021-05-03T15:01:43.490Z	INFO	loggingexporter/logging_exporter.go:331	TracesExporter	{"#spans": 50086}
2021-05-03T15:01:43.695Z	INFO	loggingexporter/logging_exporter.go:331	TracesExporter	{"#spans": 3336}
2021-05-03T15:01:44.514Z	INFO	loggingexporter/logging_exporter.go:331	TracesExporter	{"#spans": 14925}
2021-05-03T15:01:44.715Z	INFO	loggingexporter/logging_exporter.go:331	TracesExporter	{"#spans": 39360}
2021-05-03T15:01:45.518Z	INFO	loggingexporter/logging_exporter.go:331	TracesExporter	{"#spans": 54282}
2021-05-03T15:01:45.719Z	INFO	loggingexporter/logging_exporter.go:331	TracesExporter	{"#spans": 51136}
2021-05-03T15:01:46.521Z	INFO	loggingexporter/logging_exporter.go:331	TracesExporter	{"#spans": 1024}
2021-05-03T15:01:46.721Z	INFO	loggingexporter/logging_exporter.go:331	TracesExporter	{"#spans": 2559}
2021-05-03T15:01:47.922Z	INFO	loggingexporter/logging_exporter.go:331	TracesExporter	{"#spans": 4102}
2021-05-03T15:01:51.124Z	INFO	loggingexporter/logging_exporter.go:331	TracesExporter	{"#spans": 2}
2021-05-03T15:01:51.324Z	INFO	loggingexporter/logging_exporter.go:331	TracesExporter	{"#spans": 1538}
2021-05-03T15:01:52.133Z	INFO	loggingexporter/logging_exporter.go:331	TracesExporter	{"#spans": 344}
2021-05-03T15:01:52.339Z	INFO	loggingexporter/logging_exporter.go:331	TracesExporter	{"#spans": 1416}
2021-05-03T15:01:53.140Z	INFO	loggingexporter/logging_exporter.go:331	TracesExporter	{"#spans": 18682}
2021-05-03T15:01:53.340Z	INFO	loggingexporter/logging_exporter.go:331	TracesExporter	{"#spans": 17414}
2021-05-03T15:01:54.141Z	INFO	loggingexporter/logging_exporter.go:331	TracesExporter	{"#spans": 12966}
2021-05-03T15:01:54.342Z	INFO	loggingexporter/logging_exporter.go:331	TracesExporter	{"#spans": 13192}
2021-05-03T15:01:55.142Z	INFO	loggingexporter/logging_exporter.go:331	TracesExporter	{"#spans": 13106}
2021-05-03T15:01:55.343Z	INFO	loggingexporter/logging_exporter.go:331	TracesExporter	{"#spans": 35282}
2021-05-03T15:01:56.147Z	INFO	loggingexporter/logging_exporter.go:331	TracesExporter	{"#spans": 63570}
2021-05-03T15:01:56.348Z	INFO	loggingexporter/logging_exporter.go:331	TracesExporter	{"#spans": 54812}
2021-05-03T15:01:57.158Z	INFO	loggingexporter/logging_exporter.go:331	TracesExporter	{"#spans": 2038}
2021-05-03T15:01:57.359Z	INFO	loggingexporter/logging_exporter.go:331	TracesExporter	{"#spans": 23591}
2021-05-03T15:01:58.162Z	INFO	loggingexporter/logging_exporter.go:331	TracesExporter	{"#spans": 54742}
2021-05-03T15:01:58.363Z	INFO	loggingexporter/logging_exporter.go:331	TracesExporter	{"#spans": 56661}
2021-05-03T15:01:59.165Z	INFO	loggingexporter/logging_exporter.go:331	TracesExporter	{"#spans": 20895}
2021-05-03T15:01:59.566Z	INFO	loggingexporter/logging_exporter.go:331	TracesExporter	{"#spans": 2048}
2021-05-03T15:02:00.566Z	INFO	loggingexporter/logging_exporter.go:331	TracesExporter	{"#spans": 2408}
2021-05-03T15:02:00.766Z	INFO	loggingexporter/logging_exporter.go:331	TracesExporter	{"#spans": 675}
2021-05-03T15:02:03.404Z	INFO	loggingexporter/logging_exporter.go:331	TracesExporter	{"#spans": 512}
2021-05-03T15:02:04.205Z	INFO	loggingexporter/logging_exporter.go:331	TracesExporter	{"#spans": 3645}
2021-05-03T15:02:04.409Z	INFO	loggingexporter/logging_exporter.go:331	TracesExporter	{"#spans": 394}
2021-05-03T15:02:04.610Z	INFO	loggingexporter/logging_exporter.go:331	TracesExporter	{"#spans": 386}
2021-05-03T15:02:05.416Z	INFO	loggingexporter/logging_exporter.go:331	TracesExporter	{"#spans": 12663}
2021-05-03T15:02:05.616Z	INFO	loggingexporter/logging_exporter.go:331	TracesExporter	{"#spans": 25991}
2021-05-03T15:02:06.418Z	INFO	loggingexporter/logging_exporter.go:331	TracesExporter	{"#spans": 13417}
2021-05-03T15:02:06.619Z	INFO	loggingexporter/logging_exporter.go:331	TracesExporter	{"#spans": 13889}
2021-05-03T15:02:07.420Z	INFO	loggingexporter/logging_exporter.go:331	TracesExporter	{"#spans": 12890}
2021-05-03T15:02:07.620Z	INFO	loggingexporter/logging_exporter.go:331	TracesExporter	{"#spans": 12924}
2021-05-03T15:02:08.422Z	INFO	loggingexporter/logging_exporter.go:331	TracesExporter	{"#spans": 66226}
2021-05-03T15:02:08.623Z	INFO	loggingexporter/logging_exporter.go:331	TracesExporter	{"#spans": 65128}
2021-05-03T15:02:09.429Z	INFO	loggingexporter/logging_exporter.go:331	TracesExporter	{"#spans": 21965}
2021-05-03T15:02:10.339Z	INFO	loggingexporter/logging_exporter.go:331	TracesExporter	{"#spans": 17358}
2021-05-03T15:02:10.539Z	INFO	loggingexporter/logging_exporter.go:331	TracesExporter	{"#spans": 41268}
2021-05-03T15:02:10.740Z	INFO	loggingexporter/logging_exporter.go:331	TracesExporter	{"#spans": 50928}
2021-05-03T15:02:11.544Z	INFO	loggingexporter/logging_exporter.go:331	TracesExporter	{"#spans": 62921}
2021-05-03T15:02:11.745Z	INFO	loggingexporter/logging_exporter.go:331	TracesExporter	{"#spans": 71179}
2021-05-03T15:02:12.746Z	INFO	loggingexporter/logging_exporter.go:331	TracesExporter	{"#spans": 1024}
2021-05-03T15:02:12.946Z	INFO	loggingexporter/logging_exporter.go:331	TracesExporter	{"#spans": 512}
2021-05-03T15:02:13.746Z	INFO	loggingexporter/logging_exporter.go:331	TracesExporter	{"#spans": 196}
2021-05-03T15:02:13.946Z	INFO	loggingexporter/logging_exporter.go:331	TracesExporter	{"#spans": 316}
2021-05-03T15:02:16.148Z	INFO	loggingexporter/logging_exporter.go:331	TracesExporter	{"#spans": 512}
2021-05-03T15:02:16.748Z	INFO	loggingexporter/logging_exporter.go:331	TracesExporter	{"#spans": 1540}
2021-05-03T15:02:17.157Z	INFO	loggingexporter/logging_exporter.go:331	TracesExporter	{"#spans": 4052}
2021-05-03T15:02:17.362Z	INFO	loggingexporter/logging_exporter.go:331	TracesExporter	{"#spans": 416}
2021-05-03T15:02:18.165Z	INFO	loggingexporter/logging_exporter.go:331	TracesExporter	{"#spans": 11372}
2021-05-03T15:02:18.365Z	INFO	loggingexporter/logging_exporter.go:331	TracesExporter	{"#spans": 25271}
2021-05-03T15:02:19.166Z	INFO	loggingexporter/logging_exporter.go:331	TracesExporter	{"#spans": 12639}
2021-05-03T15:02:19.366Z	INFO	loggingexporter/logging_exporter.go:331	TracesExporter	{"#spans": 11881}
2021-05-03T15:02:20.167Z	INFO	loggingexporter/logging_exporter.go:331	TracesExporter	{"#spans": 11170}
2021-05-03T15:02:20.367Z	INFO	loggingexporter/logging_exporter.go:331	TracesExporter	{"#spans": 10942}
2021-05-03T15:02:21.170Z	INFO	loggingexporter/logging_exporter.go:331	TracesExporter	{"#spans": 65888}
2021-05-03T15:02:21.371Z	INFO	loggingexporter/logging_exporter.go:331	TracesExporter	{"#spans": 58118}
2021-05-03T15:02:22.176Z	INFO	loggingexporter/logging_exporter.go:331	TracesExporter	{"#spans": 21478}
2021-05-03T15:02:22.383Z	INFO	loggingexporter/logging_exporter.go:331	TracesExporter	{"#spans": 1094}
2021-05-03T15:02:23.193Z	INFO	loggingexporter/logging_exporter.go:331	TracesExporter	{"#spans": 41562}
2021-05-03T15:02:23.393Z	INFO	loggingexporter/logging_exporter.go:331	TracesExporter	{"#spans": 56442}
2021-05-03T15:02:24.197Z	INFO	loggingexporter/logging_exporter.go:331	TracesExporter	{"#spans": 58292}
2021-05-03T15:02:24.398Z	INFO	loggingexporter/logging_exporter.go:331	TracesExporter	{"#spans": 59720}
2021-05-03T15:02:25.399Z	INFO	loggingexporter/logging_exporter.go:331	TracesExporter	{"#spans": 512}
2021-05-03T15:02:25.799Z	INFO	loggingexporter/logging_exporter.go:331	TracesExporter	{"#spans": 1028}
2021-05-03T15:02:26.599Z	INFO	loggingexporter/logging_exporter.go:331	TracesExporter	{"#spans": 2}
2021-05-03T15:02:30.811Z	INFO	loggingexporter/logging_exporter.go:331	TracesExporter	{"#spans": 1554}
2021-05-03T15:02:31.011Z	INFO	loggingexporter/logging_exporter.go:331	TracesExporter	{"#spans": 8725}
2021-05-03T15:02:31.812Z	INFO	loggingexporter/logging_exporter.go:331	TracesExporter	{"#spans": 14354}
2021-05-03T15:02:32.013Z	INFO	loggingexporter/logging_exporter.go:331	TracesExporter	{"#spans": 12988}
2021-05-03T15:02:32.814Z	INFO	loggingexporter/logging_exporter.go:331	TracesExporter	{"#spans": 11975}
2021-05-03T15:02:33.014Z	INFO	loggingexporter/logging_exporter.go:331	TracesExporter	{"#spans": 12646}
2021-05-03T15:02:33.815Z	INFO	loggingexporter/logging_exporter.go:331	TracesExporter	{"#spans": 57875}
2021-05-03T15:02:34.017Z	INFO	loggingexporter/logging_exporter.go:331	TracesExporter	{"#spans": 65531}
2021-05-03T15:02:34.821Z	INFO	loggingexporter/logging_exporter.go:331	TracesExporter	{"#spans": 23518}
2021-05-03T15:02:35.023Z	INFO	loggingexporter/logging_exporter.go:331	TracesExporter	{"#spans": 9492}
2021-05-03T15:02:35.833Z	INFO	loggingexporter/logging_exporter.go:331	TracesExporter	{"#spans": 11401}
2021-05-03T15:02:36.034Z	INFO	loggingexporter/logging_exporter.go:331	TracesExporter	{"#spans": 39414}
2021-05-03T15:02:36.837Z	INFO	loggingexporter/logging_exporter.go:331	TracesExporter	{"#spans": 59065}
2021-05-03T15:02:37.038Z	INFO	loggingexporter/logging_exporter.go:331	TracesExporter	{"#spans": 71766}
2021-05-03T15:02:37.841Z	INFO	loggingexporter/logging_exporter.go:331	TracesExporter	{"#spans": 2144}
2021-05-03T15:02:38.041Z	INFO	loggingexporter/logging_exporter.go:331	TracesExporter	{"#spans": 416}
2021-05-03T15:02:39.041Z	INFO	loggingexporter/logging_exporter.go:331	TracesExporter	{"#spans": 3590}
2021-05-03T15:02:42.275Z	INFO	loggingexporter/logging_exporter.go:331	TracesExporter	{"#spans": 512}
2021-05-03T15:02:42.475Z	INFO	loggingexporter/logging_exporter.go:331	TracesExporter	{"#spans": 1030}
2021-05-03T15:02:43.286Z	INFO	loggingexporter/logging_exporter.go:331	TracesExporter	{"#spans": 236}
2021-05-03T15:02:43.492Z	INFO	loggingexporter/logging_exporter.go:331	TracesExporter	{"#spans": 3093}
2021-05-03T15:02:44.294Z	INFO	loggingexporter/logging_exporter.go:331	TracesExporter	{"#spans": 18355}
2021-05-03T15:02:44.494Z	INFO	loggingexporter/logging_exporter.go:331	TracesExporter	{"#spans": 16572}
2021-05-03T15:02:45.295Z	INFO	loggingexporter/logging_exporter.go:331	TracesExporter	{"#spans": 13482}
2021-05-03T15:02:45.495Z	INFO	loggingexporter/logging_exporter.go:331	TracesExporter	{"#spans": 13028}
2021-05-03T15:02:46.296Z	INFO	loggingexporter/logging_exporter.go:331	TracesExporter	{"#spans": 13917}
2021-05-03T15:02:46.497Z	INFO	loggingexporter/logging_exporter.go:331	TracesExporter	{"#spans": 57330}
2021-05-03T15:02:47.301Z	INFO	loggingexporter/logging_exporter.go:331	TracesExporter	{"#spans": 57441}
2021-05-03T15:02:47.502Z	INFO	loggingexporter/logging_exporter.go:331	TracesExporter	{"#spans": 37158}
2021-05-03T15:02:48.319Z	INFO	loggingexporter/logging_exporter.go:331	TracesExporter	{"#spans": 824}
2021-05-03T15:02:48.529Z	INFO	loggingexporter/logging_exporter.go:331	TracesExporter	{"#spans": 4984}
2021-05-03T15:02:49.332Z	INFO	loggingexporter/logging_exporter.go:331	TracesExporter	{"#spans": 52788}
2021-05-03T15:02:49.533Z	INFO	loggingexporter/logging_exporter.go:331	TracesExporter	{"#spans": 53137}
2021-05-03T15:02:50.335Z	INFO	loggingexporter/logging_exporter.go:331	TracesExporter	{"#spans": 4267}
2021-05-03T15:02:50.735Z	INFO	loggingexporter/logging_exporter.go:331	TracesExporter	{"#spans": 1536}
2021-05-03T15:02:51.736Z	INFO	loggingexporter/logging_exporter.go:331	TracesExporter	{"#spans": 3079}
2021-05-03T15:02:51.964Z	INFO	loggingexporter/logging_exporter.go:331	TracesExporter	{"#spans": 513}
2021-05-03T15:02:54.582Z	INFO	loggingexporter/logging_exporter.go:331	TracesExporter	{"#spans": 2}
2021-05-03T15:02:55.382Z	INFO	loggingexporter/logging_exporter.go:331	TracesExporter	{"#spans": 2847}
2021-05-03T15:02:55.600Z	INFO	loggingexporter/logging_exporter.go:331	TracesExporter	{"#spans": 5462}
2021-05-03T15:02:55.809Z	INFO	loggingexporter/logging_exporter.go:331	TracesExporter	{"#spans": 182}
2021-05-03T15:02:56.613Z	INFO	loggingexporter/logging_exporter.go:331	TracesExporter	{"#spans": 6501}
2021-05-03T15:02:56.813Z	INFO	loggingexporter/logging_exporter.go:331	TracesExporter	{"#spans": 11176}
2021-05-03T15:02:57.615Z	INFO	loggingexporter/logging_exporter.go:331	TracesExporter	{"#spans": 12716}
2021-05-03T15:02:57.815Z	INFO	loggingexporter/logging_exporter.go:331	TracesExporter	{"#spans": 12672}
2021-05-03T15:02:58.616Z	INFO	loggingexporter/logging_exporter.go:331	TracesExporter	{"#spans": 11685}
2021-05-03T15:02:58.816Z	INFO	loggingexporter/logging_exporter.go:331	TracesExporter	{"#spans": 11715}
2021-05-03T15:02:59.618Z	INFO	loggingexporter/logging_exporter.go:331	TracesExporter	{"#spans": 72205}
2021-05-03T15:02:59.819Z	INFO	loggingexporter/logging_exporter.go:331	TracesExporter	{"#spans": 66688}
2021-05-03T15:03:00.624Z	INFO	loggingexporter/logging_exporter.go:331	TracesExporter	{"#spans": 41232}
2021-05-03T15:03:00.825Z	INFO	loggingexporter/logging_exporter.go:331	TracesExporter	{"#spans": 31348}
2021-05-03T15:03:01.640Z	INFO	loggingexporter/logging_exporter.go:331	TracesExporter	{"#spans": 3038}
2021-05-03T15:03:01.841Z	INFO	loggingexporter/logging_exporter.go:331	TracesExporter	{"#spans": 17782}
2021-05-03T15:03:02.643Z	INFO	loggingexporter/logging_exporter.go:331	TracesExporter	{"#spans": 54355}
2021-05-03T15:03:02.844Z	INFO	loggingexporter/logging_exporter.go:331	TracesExporter	{"#spans": 54976}
2021-05-03T15:03:03.647Z	INFO	loggingexporter/logging_exporter.go:331	TracesExporter	{"#spans": 12114}
2021-05-03T15:03:04.047Z	INFO	loggingexporter/logging_exporter.go:331	TracesExporter	{"#spans": 2560}
2021-05-03T15:03:05.047Z	INFO	loggingexporter/logging_exporter.go:331	TracesExporter	{"#spans": 2050}
2021-05-03T15:03:05.247Z	INFO	loggingexporter/logging_exporter.go:331	TracesExporter	{"#spans": 520}
2021-05-03T15:03:08.848Z	INFO	loggingexporter/logging_exporter.go:331	TracesExporter	{"#spans": 2750}
2021-05-03T15:03:09.051Z	INFO	loggingexporter/logging_exporter.go:331	TracesExporter	{"#spans": 880}
2021-05-03T15:03:09.867Z	INFO	loggingexporter/logging_exporter.go:331	TracesExporter	{"#spans": 3206}
2021-05-03T15:03:10.067Z	INFO	loggingexporter/logging_exporter.go:331	TracesExporter	{"#spans": 8520}
2021-05-03T15:03:10.869Z	INFO	loggingexporter/logging_exporter.go:331	TracesExporter	{"#spans": 13798}
2021-05-03T15:03:11.069Z	INFO	loggingexporter/logging_exporter.go:331	TracesExporter	{"#spans": 13002}
2021-05-03T15:03:11.870Z	INFO	loggingexporter/logging_exporter.go:331	TracesExporter	{"#spans": 11773}
2021-05-03T15:03:12.070Z	INFO	loggingexporter/logging_exporter.go:331	TracesExporter	{"#spans": 12442}
2021-05-03T15:03:12.872Z	INFO	loggingexporter/logging_exporter.go:331	TracesExporter	{"#spans": 47046}
2021-05-03T15:03:13.073Z	INFO	loggingexporter/logging_exporter.go:331	TracesExporter	{"#spans": 76294}
2021-05-03T15:03:13.878Z	INFO	loggingexporter/logging_exporter.go:331	TracesExporter	{"#spans": 46760}
2021-05-03T15:03:14.080Z	INFO	loggingexporter/logging_exporter.go:331	TracesExporter	{"#spans": 34314}
2021-05-03T15:03:14.890Z	INFO	loggingexporter/logging_exporter.go:331	TracesExporter	{"#spans": 15172}
2021-05-03T15:03:15.092Z	INFO	loggingexporter/logging_exporter.go:331	TracesExporter	{"#spans": 38755}
2021-05-03T15:03:15.895Z	INFO	loggingexporter/logging_exporter.go:331	TracesExporter	{"#spans": 51922}
2021-05-03T15:03:16.095Z	INFO	loggingexporter/logging_exporter.go:331	TracesExporter	{"#spans": 52625}
2021-05-03T15:03:17.098Z	INFO	loggingexporter/logging_exporter.go:331	TracesExporter	{"#spans": 2560}
2021-05-03T15:03:18.298Z	INFO	loggingexporter/logging_exporter.go:331	TracesExporter	{"#spans": 2059}
2021-05-03T15:03:21.522Z	INFO	loggingexporter/logging_exporter.go:331	TracesExporter	{"#spans": 1025}
2021-05-03T15:03:21.922Z	INFO	loggingexporter/logging_exporter.go:331	TracesExporter	{"#spans": 511}
2021-05-03T15:03:23.137Z	INFO	loggingexporter/logging_exporter.go:331	TracesExporter	{"#spans": 552}
2021-05-03T15:03:23.337Z	INFO	loggingexporter/logging_exporter.go:331	TracesExporter	{"#spans": 6074}
2021-05-03T15:03:24.138Z	INFO	loggingexporter/logging_exporter.go:331	TracesExporter	{"#spans": 15094}
2021-05-03T15:03:24.339Z	INFO	loggingexporter/logging_exporter.go:331	TracesExporter	{"#spans": 12758}
2021-05-03T15:03:25.140Z	INFO	loggingexporter/logging_exporter.go:331	TracesExporter	{"#spans": 12089}
2021-05-03T15:03:25.340Z	INFO	loggingexporter/logging_exporter.go:331	TracesExporter	{"#spans": 12581}
2021-05-03T15:03:26.141Z	INFO	loggingexporter/logging_exporter.go:331	TracesExporter	{"#spans": 30510}
2021-05-03T15:03:26.342Z	INFO	loggingexporter/logging_exporter.go:331	TracesExporter	{"#spans": 65687}
2021-05-03T15:03:27.147Z	INFO	loggingexporter/logging_exporter.go:331	TracesExporter	{"#spans": 59218}
2021-05-03T15:03:27.348Z	INFO	loggingexporter/logging_exporter.go:331	TracesExporter	{"#spans": 30824}
2021-05-03T15:03:28.164Z	INFO	loggingexporter/logging_exporter.go:331	TracesExporter	{"#spans": 940}
2021-05-03T15:03:28.373Z	INFO	loggingexporter/logging_exporter.go:331	TracesExporter	{"#spans": 8556}
2021-05-03T15:03:29.175Z	INFO	loggingexporter/logging_exporter.go:331	TracesExporter	{"#spans": 56534}
2021-05-03T15:03:29.376Z	INFO	loggingexporter/logging_exporter.go:331	TracesExporter	{"#spans": 58518}
2021-05-03T15:03:30.179Z	INFO	loggingexporter/logging_exporter.go:331	TracesExporter	{"#spans": 512}
2021-05-03T15:03:30.379Z	INFO	loggingexporter/logging_exporter.go:331	TracesExporter	{"#spans": 1536}
2021-05-03T15:03:31.379Z	INFO	loggingexporter/logging_exporter.go:331	TracesExporter	{"#spans": 1034}
2021-05-03T15:03:31.795Z	INFO	loggingexporter/logging_exporter.go:331	TracesExporter	{"#spans": 512}
2021-05-03T15:03:32.407Z	INFO	loggingexporter/logging_exporter.go:331	TracesExporter	{"#spans": 2}
2021-05-03T15:03:35.010Z	INFO	loggingexporter/logging_exporter.go:331	TracesExporter	{"#spans": 6}
2021-05-03T15:03:35.210Z	INFO	loggingexporter/logging_exporter.go:331	TracesExporter	{"#spans": 1024}
2021-05-03T15:03:36.023Z	INFO	loggingexporter/logging_exporter.go:331	TracesExporter	{"#spans": 116}
2021-05-03T15:03:36.235Z	INFO	loggingexporter/logging_exporter.go:331	TracesExporter	{"#spans": 894}
2021-05-03T15:03:37.037Z	INFO	loggingexporter/logging_exporter.go:331	TracesExporter	{"#spans": 57371}
2021-05-03T15:03:37.237Z	INFO	loggingexporter/logging_exporter.go:331	TracesExporter	{"#spans": 17771}
2021-05-03T15:03:38.038Z	INFO	loggingexporter/logging_exporter.go:331	TracesExporter	{"#spans": 13583}
2021-05-03T15:03:38.238Z	INFO	loggingexporter/logging_exporter.go:331	TracesExporter	{"#spans": 13302}
2021-05-03T15:03:39.040Z	INFO	loggingexporter/logging_exporter.go:331	TracesExporter	{"#spans": 49843}
2021-05-03T15:03:39.240Z	INFO	loggingexporter/logging_exporter.go:331	TracesExporter	{"#spans": 65536}
2021-05-03T15:03:40.044Z	INFO	loggingexporter/logging_exporter.go:331	TracesExporter	{"#spans": 59088}
2021-05-03T15:03:40.245Z	INFO	loggingexporter/logging_exporter.go:331	TracesExporter	{"#spans": 50842}
2021-05-03T15:03:41.055Z	INFO	loggingexporter/logging_exporter.go:331	TracesExporter	{"#spans": 1096}
2021-05-03T15:03:41.266Z	INFO	loggingexporter/logging_exporter.go:331	TracesExporter	{"#spans": 834}
2021-05-03T15:03:42.069Z	INFO	loggingexporter/logging_exporter.go:331	TracesExporter	{"#spans": 56930}
2021-05-03T15:03:42.269Z	INFO	loggingexporter/logging_exporter.go:331	TracesExporter	{"#spans": 57084}
2021-05-03T15:03:43.271Z	INFO	loggingexporter/logging_exporter.go:331	TracesExporter	{"#spans": 1537}
2021-05-03T15:03:43.672Z	INFO	loggingexporter/logging_exporter.go:331	TracesExporter	{"#spans": 4}
2021-05-03T15:03:44.272Z	INFO	loggingexporter/logging_exporter.go:331	TracesExporter	{"#spans": 1024}
2021-05-03T15:03:44.672Z	INFO	loggingexporter/logging_exporter.go:331	TracesExporter	{"#spans": 4}
2021-05-03T15:03:45.874Z	INFO	loggingexporter/logging_exporter.go:331	TracesExporter	{"#spans": 512}
2021-05-03T15:03:48.274Z	INFO	loggingexporter/logging_exporter.go:331	TracesExporter	{"#spans": 4710}
2021-05-03T15:03:48.474Z	INFO	loggingexporter/logging_exporter.go:331	TracesExporter	{"#spans": 7940}
2021-05-03T15:03:49.289Z	INFO	loggingexporter/logging_exporter.go:331	TracesExporter	{"#spans": 140}
2021-05-03T15:03:49.500Z	INFO	loggingexporter/logging_exporter.go:331	TracesExporter	{"#spans": 876}
2021-05-03T15:03:50.300Z	INFO	loggingexporter/logging_exporter.go:331	TracesExporter	{"#spans": 12201}
2021-05-03T15:03:50.501Z	INFO	loggingexporter/logging_exporter.go:331	TracesExporter	{"#spans": 47793}
2021-05-03T15:03:51.302Z	INFO	loggingexporter/logging_exporter.go:331	TracesExporter	{"#spans": 14072}
2021-05-03T15:03:51.503Z	INFO	loggingexporter/logging_exporter.go:331	TracesExporter	{"#spans": 14041}
2021-05-03T15:03:52.305Z	INFO	loggingexporter/logging_exporter.go:331	TracesExporter	{"#spans": 71385}
2021-05-03T15:03:52.506Z	INFO	loggingexporter/logging_exporter.go:331	TracesExporter	{"#spans": 70325}
2021-05-03T15:03:53.310Z	INFO	loggingexporter/logging_exporter.go:331	TracesExporter	{"#spans": 54742}
2021-05-03T15:03:53.511Z	INFO	loggingexporter/logging_exporter.go:331	TracesExporter	{"#spans": 57440}
2021-05-03T15:03:54.315Z	INFO	loggingexporter/logging_exporter.go:331	TracesExporter	{"#spans": 4274}
2021-05-03T15:03:54.521Z	INFO	loggingexporter/logging_exporter.go:331	TracesExporter	{"#spans": 1012}
2021-05-03T15:03:55.325Z	INFO	loggingexporter/logging_exporter.go:331	TracesExporter	{"#spans": 40576}
2021-05-03T15:03:55.526Z	INFO	loggingexporter/logging_exporter.go:331	TracesExporter	{"#spans": 51458}
2021-05-03T15:03:56.529Z	INFO	loggingexporter/logging_exporter.go:331	TracesExporter	{"#spans": 2560}
2021-05-03T15:03:57.329Z	INFO	loggingexporter/logging_exporter.go:331	TracesExporter	{"#spans": 2569}
2021-05-03T15:03:57.755Z	INFO	loggingexporter/logging_exporter.go:331	TracesExporter	{"#spans": 512}
2021-05-03T15:04:01.572Z	INFO	loggingexporter/logging_exporter.go:331	TracesExporter	{"#spans": 5759}
2021-05-03T15:04:01.772Z	INFO	loggingexporter/logging_exporter.go:331	TracesExporter	{"#spans": 10306}
2021-05-03T15:04:02.588Z	INFO	loggingexporter/logging_exporter.go:331	TracesExporter	{"#spans": 374}
2021-05-03T15:04:02.797Z	INFO	loggingexporter/logging_exporter.go:331	TracesExporter	{"#spans": 306}
2021-05-03T15:04:03.601Z	INFO	loggingexporter/logging_exporter.go:331	TracesExporter	{"#spans": 10786}
2021-05-03T15:04:03.802Z	INFO	loggingexporter/logging_exporter.go:331	TracesExporter	{"#spans": 11902}
2021-05-03T15:04:04.603Z	INFO	loggingexporter/logging_exporter.go:331	TracesExporter	{"#spans": 22277}
2021-05-03T15:04:04.804Z	INFO	loggingexporter/logging_exporter.go:331	TracesExporter	{"#spans": 15886}
2021-05-03T15:04:05.606Z	INFO	loggingexporter/logging_exporter.go:331	TracesExporter	{"#spans": 73334}
2021-05-03T15:04:05.807Z	INFO	loggingexporter/logging_exporter.go:331	TracesExporter	{"#spans": 72772}
2021-05-03T15:04:06.611Z	INFO	loggingexporter/logging_exporter.go:331	TracesExporter	{"#spans": 58693}
2021-05-03T15:04:06.813Z	INFO	loggingexporter/logging_exporter.go:331	TracesExporter	{"#spans": 57813}
2021-05-03T15:04:07.617Z	INFO	loggingexporter/logging_exporter.go:331	TracesExporter	{"#spans": 51446}
2021-05-03T15:04:07.817Z	INFO	loggingexporter/logging_exporter.go:331	TracesExporter	{"#spans": 54868}
2021-05-03T15:04:08.796Z	INFO	loggingexporter/logging_exporter.go:331	TracesExporter	{"#spans": 17085}
2021-05-03T15:04:09.196Z	INFO	loggingexporter/logging_exporter.go:331	TracesExporter	{"#spans": 1024}
2021-05-03T15:04:10.596Z	INFO	loggingexporter/logging_exporter.go:331	TracesExporter	{"#spans": 2068}
2021-05-03T15:04:13.801Z	INFO	loggingexporter/logging_exporter.go:331	TracesExporter	{"#spans": 2}
2021-05-03T15:04:14.601Z	INFO	loggingexporter/logging_exporter.go:331	TracesExporter	{"#spans": 4759}
2021-05-03T15:04:14.801Z	INFO	loggingexporter/logging_exporter.go:331	TracesExporter	{"#spans": 13685}
2021-05-03T15:04:15.003Z	INFO	loggingexporter/logging_exporter.go:331	TracesExporter	{"#spans": 16832}
2021-05-03T15:04:16.403Z	INFO	loggingexporter/logging_exporter.go:331	TracesExporter	{"#spans": 40}
2021-05-03T15:04:16.611Z	INFO	loggingexporter/logging_exporter.go:331	TracesExporter	{"#spans": 155}
2021-05-03T15:04:18.039Z	INFO	loggingexporter/logging_exporter.go:331	TracesExporter	{"#spans": 106}
2021-05-03T15:04:18.239Z	INFO	loggingexporter/logging_exporter.go:331	TracesExporter	{"#spans": 4468}
2021-05-03T15:04:19.044Z	INFO	loggingexporter/logging_exporter.go:331	TracesExporter	{"#spans": 81224}
2021-05-03T15:04:19.246Z	INFO	loggingexporter/logging_exporter.go:331	TracesExporter	{"#spans": 76400}
2021-05-03T15:04:20.050Z	INFO	loggingexporter/logging_exporter.go:331	TracesExporter	{"#spans": 66522}
2021-05-03T15:04:20.251Z	INFO	loggingexporter/logging_exporter.go:331	TracesExporter	{"#spans": 68058}
2021-05-03T15:04:21.055Z	INFO	loggingexporter/logging_exporter.go:331	TracesExporter	{"#spans": 66005}
2021-05-03T15:04:21.257Z	INFO	loggingexporter/logging_exporter.go:331	TracesExporter	{"#spans": 65438}
2021-05-03T15:04:22.058Z	INFO	loggingexporter/logging_exporter.go:331	TracesExporter	{"#spans": 1536}
2021-05-03T15:04:22.258Z	INFO	loggingexporter/logging_exporter.go:331	TracesExporter	{"#spans": 1024}
2021-05-03T15:04:23.860Z	INFO	loggingexporter/logging_exporter.go:331	TracesExporter	{"#spans": 522}
2021-05-03T15:04:24.060Z	INFO	loggingexporter/logging_exporter.go:331	TracesExporter	{"#spans": 520}
2021-05-03T15:04:28.263Z	INFO	loggingexporter/logging_exporter.go:331	TracesExporter	{"#spans": 832}
2021-05-03T15:04:28.463Z	INFO	loggingexporter/logging_exporter.go:331	TracesExporter	{"#spans": 5833}
2021-05-03T15:04:29.282Z	INFO	loggingexporter/logging_exporter.go:331	TracesExporter	{"#spans": 264}
2021-05-03T15:04:29.494Z	INFO	loggingexporter/logging_exporter.go:331	TracesExporter	{"#spans": 228}
2021-05-03T15:04:30.298Z	INFO	loggingexporter/logging_exporter.go:331	TracesExporter	{"#spans": 11560}
2021-05-03T15:04:30.499Z	INFO	loggingexporter/logging_exporter.go:331	TracesExporter	{"#spans": 11303}
2021-05-03T15:04:31.301Z	INFO	loggingexporter/logging_exporter.go:331	TracesExporter	{"#spans": 19361}
2021-05-03T15:04:31.501Z	INFO	loggingexporter/logging_exporter.go:331	TracesExporter	{"#spans": 16543}
2021-05-03T15:04:32.304Z	INFO	loggingexporter/logging_exporter.go:331	TracesExporter	{"#spans": 73319}
2021-05-03T15:04:32.505Z	INFO	loggingexporter/logging_exporter.go:331	TracesExporter	{"#spans": 67652}
2021-05-03T15:04:33.309Z	INFO	loggingexporter/logging_exporter.go:331	TracesExporter	{"#spans": 62362}
2021-05-03T15:04:33.509Z	INFO	loggingexporter/logging_exporter.go:331	TracesExporter	{"#spans": 57778}
2021-05-03T15:04:34.313Z	INFO	loggingexporter/logging_exporter.go:331	TracesExporter	{"#spans": 15378}
2021-05-03T15:04:34.514Z	INFO	loggingexporter/logging_exporter.go:331	TracesExporter	{"#spans": 51458}
2021-05-03T15:04:35.324Z	INFO	loggingexporter/logging_exporter.go:331	TracesExporter	{"#spans": 370}
2021-05-03T15:04:35.534Z	INFO	loggingexporter/logging_exporter.go:331	TracesExporter	{"#spans": 7900}
2021-05-03T15:04:36.335Z	INFO	loggingexporter/logging_exporter.go:331	TracesExporter	{"#spans": 518}
2021-05-03T15:04:36.535Z	INFO	loggingexporter/logging_exporter.go:331	TracesExporter	{"#spans": 1018}
2021-05-03T15:04:37.535Z	INFO	loggingexporter/logging_exporter.go:331	TracesExporter	{"#spans": 3080}
2021-05-03T15:04:40.646Z	INFO	loggingexporter/logging_exporter.go:331	TracesExporter	{"#spans": 512}
2021-05-03T15:04:41.246Z	INFO	loggingexporter/logging_exporter.go:331	TracesExporter	{"#spans": 512}
2021-05-03T15:04:41.647Z	INFO	loggingexporter/logging_exporter.go:331	TracesExporter	{"#spans": 10336}
2021-05-03T15:04:41.847Z	INFO	loggingexporter/logging_exporter.go:331	TracesExporter	{"#spans": 16010}
2021-05-03T15:04:43.048Z	INFO	loggingexporter/logging_exporter.go:331	TracesExporter	{"#spans": 2}
2021-05-03T15:04:43.248Z	INFO	loggingexporter/logging_exporter.go:331	TracesExporter	{"#spans": 168}
2021-05-03T15:04:45.066Z	INFO	loggingexporter/logging_exporter.go:331	TracesExporter	{"#spans": 2330}
2021-05-03T15:04:45.266Z	INFO	loggingexporter/logging_exporter.go:331	TracesExporter	{"#spans": 4701}
2021-05-03T15:04:46.071Z	INFO	loggingexporter/logging_exporter.go:331	TracesExporter	{"#spans": 69668}
2021-05-03T15:04:46.272Z	INFO	loggingexporter/logging_exporter.go:331	TracesExporter	{"#spans": 66768}
2021-05-03T15:04:47.076Z	INFO	loggingexporter/logging_exporter.go:331	TracesExporter	{"#spans": 65792}
2021-05-03T15:04:47.277Z	INFO	loggingexporter/logging_exporter.go:331	TracesExporter	{"#spans": 66284}
2021-05-03T15:04:48.081Z	INFO	loggingexporter/logging_exporter.go:331	TracesExporter	{"#spans": 67340}
2021-05-03T15:04:48.283Z	INFO	loggingexporter/logging_exporter.go:331	TracesExporter	{"#spans": 66055}
2021-05-03T15:04:49.084Z	INFO	loggingexporter/logging_exporter.go:331	TracesExporter	{"#spans": 1536}
2021-05-03T15:04:49.285Z	INFO	loggingexporter/logging_exporter.go:331	TracesExporter	{"#spans": 1025}
2021-05-03T15:04:50.691Z	INFO	loggingexporter/logging_exporter.go:331	TracesExporter	{"#spans": 3589}
2021-05-03T15:04:54.893Z	INFO	loggingexporter/logging_exporter.go:331	TracesExporter	{"#spans": 634}
2021-05-03T15:04:55.094Z	INFO	loggingexporter/logging_exporter.go:331	TracesExporter	{"#spans": 4767}
2021-05-03T15:04:55.922Z	INFO	loggingexporter/logging_exporter.go:331	TracesExporter	{"#spans": 98}
2021-05-03T15:04:56.131Z	INFO	loggingexporter/logging_exporter.go:331	TracesExporter	{"#spans": 954}
2021-05-03T15:04:56.932Z	INFO	loggingexporter/logging_exporter.go:331	TracesExporter	{"#spans": 11342}
2021-05-03T15:04:57.132Z	INFO	loggingexporter/logging_exporter.go:331	TracesExporter	{"#spans": 55200}
2021-05-03T15:04:57.933Z	INFO	loggingexporter/logging_exporter.go:331	TracesExporter	{"#spans": 12483}
2021-05-03T15:04:58.134Z	INFO	loggingexporter/logging_exporter.go:331	TracesExporter	{"#spans": 13208}
2021-05-03T15:04:58.935Z	INFO	loggingexporter/logging_exporter.go:331	TracesExporter	{"#spans": 32795}
2021-05-03T15:04:59.136Z	INFO	loggingexporter/logging_exporter.go:331	TracesExporter	{"#spans": 62605}
2021-05-03T15:04:59.940Z	INFO	loggingexporter/logging_exporter.go:331	TracesExporter	{"#spans": 63678}
2021-05-03T15:05:00.141Z	INFO	loggingexporter/logging_exporter.go:331	TracesExporter	{"#spans": 58604}
2021-05-03T15:05:00.946Z	INFO	loggingexporter/logging_exporter.go:331	TracesExporter	{"#spans": 33430}
2021-05-03T15:05:01.153Z	INFO	loggingexporter/logging_exporter.go:331	TracesExporter	{"#spans": 1376}
2021-05-03T15:05:01.958Z	INFO	loggingexporter/logging_exporter.go:331	TracesExporter	{"#spans": 36402}
2021-05-03T15:05:02.159Z	INFO	loggingexporter/logging_exporter.go:331	TracesExporter	{"#spans": 44118}
2021-05-03T15:05:02.962Z	INFO	loggingexporter/logging_exporter.go:331	TracesExporter	{"#spans": 27628}
2021-05-03T15:05:03.163Z	INFO	loggingexporter/logging_exporter.go:331	TracesExporter	{"#spans": 1536}
2021-05-03T15:05:04.164Z	INFO	loggingexporter/logging_exporter.go:331	TracesExporter	{"#spans": 512}
2021-05-03T15:05:04.364Z	INFO	loggingexporter/logging_exporter.go:331	TracesExporter	{"#spans": 516}
2021-05-03T15:05:06.010Z	INFO	loggingexporter/logging_exporter.go:331	TracesExporter	{"#spans": 516}
2021-05-03T15:05:08.827Z	INFO	loggingexporter/logging_exporter.go:331	TracesExporter	{"#spans": 1028}
2021-05-03T15:05:09.027Z	INFO	loggingexporter/logging_exporter.go:331	TracesExporter	{"#spans": 4897}
2021-05-03T15:05:09.829Z	INFO	loggingexporter/logging_exporter.go:331	TracesExporter	{"#spans": 2482}
2021-05-03T15:05:10.035Z	INFO	loggingexporter/logging_exporter.go:331	TracesExporter	{"#spans": 336}
2021-05-03T15:05:10.844Z	INFO	loggingexporter/logging_exporter.go:331	TracesExporter	{"#spans": 9536}
2021-05-03T15:05:11.044Z	INFO	loggingexporter/logging_exporter.go:331	TracesExporter	{"#spans": 12652}
2021-05-03T15:05:11.846Z	INFO	loggingexporter/logging_exporter.go:331	TracesExporter	{"#spans": 52902}
2021-05-03T15:05:12.047Z	INFO	loggingexporter/logging_exporter.go:331	TracesExporter	{"#spans": 18082}
2021-05-03T15:05:12.850Z	INFO	loggingexporter/logging_exporter.go:331	TracesExporter	{"#spans": 70683}
2021-05-03T15:05:13.051Z	INFO	loggingexporter/logging_exporter.go:331	TracesExporter	{"#spans": 68519}
2021-05-03T15:05:13.854Z	INFO	loggingexporter/logging_exporter.go:331	TracesExporter	{"#spans": 59506}
2021-05-03T15:05:14.055Z	INFO	loggingexporter/logging_exporter.go:331	TracesExporter	{"#spans": 58888}
2021-05-03T15:05:14.860Z	INFO	loggingexporter/logging_exporter.go:331	TracesExporter	{"#spans": 60003}
2021-05-03T15:05:15.060Z	INFO	loggingexporter/logging_exporter.go:331	TracesExporter	{"#spans": 32155}
2021-05-03T15:05:15.868Z	INFO	loggingexporter/logging_exporter.go:331	TracesExporter	{"#spans": 512}
2021-05-03T15:05:16.069Z	INFO	loggingexporter/logging_exporter.go:331	TracesExporter	{"#spans": 512}
2021-05-03T15:05:17.069Z	INFO	loggingexporter/logging_exporter.go:331	TracesExporter	{"#spans": 512}
2021-05-03T15:05:17.269Z	INFO	loggingexporter/logging_exporter.go:331	TracesExporter	{"#spans": 1548}
2021-05-03T15:05:18.928Z	INFO	loggingexporter/logging_exporter.go:331	TracesExporter	{"#spans": 512}
2021-05-03T15:05:20.531Z	INFO	loggingexporter/logging_exporter.go:331	TracesExporter	{"#spans": 512}
2021-05-03T15:05:20.731Z	INFO	loggingexporter/logging_exporter.go:331	TracesExporter	{"#spans": 1024}
2021-05-03T15:05:21.531Z	INFO	loggingexporter/logging_exporter.go:331	TracesExporter	{"#spans": 92}
2021-05-03T15:05:21.731Z	INFO	loggingexporter/logging_exporter.go:331	TracesExporter	{"#spans": 72}
2021-05-03T15:05:22.532Z	INFO	loggingexporter/logging_exporter.go:331	TracesExporter	{"#spans": 1130}
2021-05-03T15:05:22.732Z	INFO	loggingexporter/logging_exporter.go:331	TracesExporter	{"#spans": 2166}
2021-05-03T15:05:23.547Z	INFO	loggingexporter/logging_exporter.go:331	TracesExporter	{"#spans": 226}
2021-05-03T15:05:23.759Z	INFO	loggingexporter/logging_exporter.go:331	TracesExporter	{"#spans": 166}
2021-05-03T15:05:24.560Z	INFO	loggingexporter/logging_exporter.go:331	TracesExporter	{"#spans": 11700}
2021-05-03T15:05:24.760Z	INFO	loggingexporter/logging_exporter.go:331	TracesExporter	{"#spans": 11912}
2021-05-03T15:05:25.565Z	INFO	loggingexporter/logging_exporter.go:331	TracesExporter	{"#spans": 48311}
2021-05-03T15:05:25.766Z	INFO	loggingexporter/logging_exporter.go:331	TracesExporter	{"#spans": 65183}
2021-05-03T15:05:26.569Z	INFO	loggingexporter/logging_exporter.go:331	TracesExporter	{"#spans": 65853}
2021-05-03T15:05:26.770Z	INFO	loggingexporter/logging_exporter.go:331	TracesExporter	{"#spans": 66527}
2021-05-03T15:05:27.574Z	INFO	loggingexporter/logging_exporter.go:331	TracesExporter	{"#spans": 57236}
2021-05-03T15:05:27.775Z	INFO	loggingexporter/logging_exporter.go:331	TracesExporter	{"#spans": 59402}
2021-05-03T15:05:28.579Z	INFO	loggingexporter/logging_exporter.go:331	TracesExporter	{"#spans": 9410}
2021-05-03T15:05:28.779Z	INFO	loggingexporter/logging_exporter.go:331	TracesExporter	{"#spans": 1024}
2021-05-03T15:05:30.592Z	INFO	loggingexporter/logging_exporter.go:331	TracesExporter	{"#spans": 2574}
2021-05-03T15:05:33.996Z	INFO	loggingexporter/logging_exporter.go:331	TracesExporter	{"#spans": 512}
2021-05-03T15:05:34.396Z	INFO	loggingexporter/logging_exporter.go:331	TracesExporter	{"#spans": 1028}
2021-05-03T15:05:35.797Z	INFO	loggingexporter/logging_exporter.go:331	TracesExporter	{"#spans": 1540}
2021-05-03T15:05:35.997Z	INFO	loggingexporter/logging_exporter.go:331	TracesExporter	{"#spans": 6390}
2021-05-03T15:05:36.807Z	INFO	loggingexporter/logging_exporter.go:331	TracesExporter	{"#spans": 150}
2021-05-03T15:05:37.014Z	INFO	loggingexporter/logging_exporter.go:331	TracesExporter	{"#spans": 84}
2021-05-03T15:05:37.816Z	INFO	loggingexporter/logging_exporter.go:331	TracesExporter	{"#spans": 9743}
2021-05-03T15:05:38.016Z	INFO	loggingexporter/logging_exporter.go:331	TracesExporter	{"#spans": 11404}
2021-05-03T15:05:38.820Z	INFO	loggingexporter/logging_exporter.go:331	TracesExporter	{"#spans": 30344}
2021-05-03T15:05:39.021Z	INFO	loggingexporter/logging_exporter.go:331	TracesExporter	{"#spans": 57960}
2021-05-03T15:05:39.824Z	INFO	loggingexporter/logging_exporter.go:331	TracesExporter	{"#spans": 67262}
2021-05-03T15:05:40.025Z	INFO	loggingexporter/logging_exporter.go:331	TracesExporter	{"#spans": 67066}
2021-05-03T15:05:40.829Z	INFO	loggingexporter/logging_exporter.go:331	TracesExporter	{"#spans": 57144}
2021-05-03T15:05:41.031Z	INFO	loggingexporter/logging_exporter.go:331	TracesExporter	{"#spans": 58706}
2021-05-03T15:05:41.834Z	INFO	loggingexporter/logging_exporter.go:331	TracesExporter	{"#spans": 31091}
2021-05-03T15:05:42.055Z	INFO	loggingexporter/logging_exporter.go:331	TracesExporter	{"#spans": 1024}
2021-05-03T15:05:42.920Z	INFO	loggingexporter/logging_exporter.go:331	TracesExporter	{"#spans": 1025}
2021-05-03T15:05:43.320Z	INFO	loggingexporter/logging_exporter.go:331	TracesExporter	{"#spans": 512}
2021-05-03T15:05:44.120Z	INFO	loggingexporter/logging_exporter.go:331	TracesExporter	{"#spans": 1041}
2021-05-03T15:05:47.985Z	INFO	loggingexporter/logging_exporter.go:331	TracesExporter	{"#spans": 1026}
2021-05-03T15:05:48.186Z	INFO	loggingexporter/logging_exporter.go:331	TracesExporter	{"#spans": 10473}
2021-05-03T15:05:49.586Z	INFO	loggingexporter/logging_exporter.go:331	TracesExporter	{"#spans": 112}
2021-05-03T15:05:49.787Z	INFO	loggingexporter/logging_exporter.go:331	TracesExporter	{"#spans": 391}
2021-05-03T15:05:51.203Z	INFO	loggingexporter/logging_exporter.go:331	TracesExporter	{"#spans": 118}
2021-05-03T15:05:51.403Z	INFO	loggingexporter/logging_exporter.go:331	TracesExporter	{"#spans": 596}
2021-05-03T15:05:52.206Z	INFO	loggingexporter/logging_exporter.go:331	TracesExporter	{"#spans": 67175}
2021-05-03T15:05:52.407Z	INFO	loggingexporter/logging_exporter.go:331	TracesExporter	{"#spans": 65873}
2021-05-03T15:05:53.212Z	INFO	loggingexporter/logging_exporter.go:331	TracesExporter	{"#spans": 62312}
2021-05-03T15:05:53.413Z	INFO	loggingexporter/logging_exporter.go:331	TracesExporter	{"#spans": 72079}
2021-05-03T15:05:54.217Z	INFO	loggingexporter/logging_exporter.go:331	TracesExporter	{"#spans": 68671}
2021-05-03T15:05:54.418Z	INFO	loggingexporter/logging_exporter.go:331	TracesExporter	{"#spans": 71570}
2021-05-03T15:05:55.223Z	INFO	loggingexporter/logging_exporter.go:331	TracesExporter	{"#spans": 2250}
2021-05-03T15:05:55.823Z	INFO	loggingexporter/logging_exporter.go:331	TracesExporter	{"#spans": 2560}
2021-05-03T15:05:57.427Z	INFO	loggingexporter/logging_exporter.go:331	TracesExporter	{"#spans": 2048}
2021-05-03T15:05:57.627Z	INFO	loggingexporter/logging_exporter.go:331	TracesExporter	{"#spans": 1544}
2021-05-03T15:06:01.811Z	INFO	loggingexporter/logging_exporter.go:331	TracesExporter	{"#spans": 1540}
2021-05-03T15:06:02.012Z	INFO	loggingexporter/logging_exporter.go:331	TracesExporter	{"#spans": 4551}
2021-05-03T15:06:02.814Z	INFO	loggingexporter/logging_exporter.go:331	TracesExporter	{"#spans": 8646}
2021-05-03T15:06:03.021Z	INFO	loggingexporter/logging_exporter.go:331	TracesExporter	{"#spans": 398}
2021-05-03T15:06:03.834Z	INFO	loggingexporter/logging_exporter.go:331	TracesExporter	{"#spans": 6468}
2021-05-03T15:06:04.034Z	INFO	loggingexporter/logging_exporter.go:331	TracesExporter	{"#spans": 9674}
2021-05-03T15:06:04.836Z	INFO	loggingexporter/logging_exporter.go:331	TracesExporter	{"#spans": 47524}
2021-05-03T15:06:05.036Z	INFO	loggingexporter/logging_exporter.go:331	TracesExporter	{"#spans": 43514}
2021-05-03T15:06:05.839Z	INFO	loggingexporter/logging_exporter.go:331	TracesExporter	{"#spans": 65462}
2021-05-03T15:06:06.040Z	INFO	loggingexporter/logging_exporter.go:331	TracesExporter	{"#spans": 63706}
2021-05-03T15:06:06.843Z	INFO	loggingexporter/logging_exporter.go:331	TracesExporter	{"#spans": 61024}
2021-05-03T15:06:07.044Z	INFO	loggingexporter/logging_exporter.go:331	TracesExporter	{"#spans": 59682}
2021-05-03T15:06:07.848Z	INFO	loggingexporter/logging_exporter.go:331	TracesExporter	{"#spans": 56227}
2021-05-03T15:06:08.049Z	INFO	loggingexporter/logging_exporter.go:331	TracesExporter	{"#spans": 50398}
2021-05-03T15:06:08.855Z	INFO	loggingexporter/logging_exporter.go:331	TracesExporter	{"#spans": 1536}
2021-05-03T15:06:10.067Z	INFO	loggingexporter/logging_exporter.go:331	TracesExporter	{"#spans": 1024}
2021-05-03T15:06:10.467Z	INFO	loggingexporter/logging_exporter.go:331	TracesExporter	{"#spans": 4}
2021-05-03T15:06:11.067Z	INFO	loggingexporter/logging_exporter.go:331	TracesExporter	{"#spans": 522}
2021-05-03T15:06:12.469Z	INFO	loggingexporter/logging_exporter.go:331	TracesExporter	{"#spans": 2}
2021-05-03T15:06:12.669Z	INFO	loggingexporter/logging_exporter.go:331	TracesExporter	{"#spans": 2}
2021-05-03T15:06:13.987Z	INFO	loggingexporter/logging_exporter.go:331	TracesExporter	{"#spans": 512}
2021-05-03T15:06:15.188Z	INFO	loggingexporter/logging_exporter.go:331	TracesExporter	{"#spans": 11777}
2021-05-03T15:06:15.388Z	INFO	loggingexporter/logging_exporter.go:331	TracesExporter	{"#spans": 15806}
2021-05-03T15:06:16.188Z	INFO	loggingexporter/logging_exporter.go:331	TracesExporter	{"#spans": 208}
2021-05-03T15:06:16.589Z	INFO	loggingexporter/logging_exporter.go:331	TracesExporter	{"#spans": 8}
2021-05-03T15:06:18.203Z	INFO	loggingexporter/logging_exporter.go:331	TracesExporter	{"#spans": 270}
2021-05-03T15:06:18.403Z	INFO	loggingexporter/logging_exporter.go:331	TracesExporter	{"#spans": 3298}
2021-05-03T15:06:19.207Z	INFO	loggingexporter/logging_exporter.go:331	TracesExporter	{"#spans": 67496}
2021-05-03T15:06:19.408Z	INFO	loggingexporter/logging_exporter.go:331	TracesExporter	{"#spans": 64573}
2021-05-03T15:06:20.212Z	INFO	loggingexporter/logging_exporter.go:331	TracesExporter	{"#spans": 65173}
2021-05-03T15:06:20.413Z	INFO	loggingexporter/logging_exporter.go:331	TracesExporter	{"#spans": 71298}
2021-05-03T15:06:21.217Z	INFO	loggingexporter/logging_exporter.go:331	TracesExporter	{"#spans": 84135}
2021-05-03T15:06:21.419Z	INFO	loggingexporter/logging_exporter.go:331	TracesExporter	{"#spans": 70286}
2021-05-03T15:06:22.422Z	INFO	loggingexporter/logging_exporter.go:331	TracesExporter	{"#spans": 2048}
2021-05-03T15:06:22.622Z	INFO	loggingexporter/logging_exporter.go:331	TracesExporter	{"#spans": 512}
2021-05-03T15:06:24.226Z	INFO	loggingexporter/logging_exporter.go:331	TracesExporter	{"#spans": 2071}
2021-05-03T15:06:28.511Z	INFO	loggingexporter/logging_exporter.go:331	TracesExporter	{"#spans": 1028}
2021-05-03T15:06:28.711Z	INFO	loggingexporter/logging_exporter.go:331	TracesExporter	{"#spans": 6415}
2021-05-03T15:06:29.521Z	INFO	loggingexporter/logging_exporter.go:331	TracesExporter	{"#spans": 302}
2021-05-03T15:06:29.732Z	INFO	loggingexporter/logging_exporter.go:331	TracesExporter	{"#spans": 268}
2021-05-03T15:06:30.535Z	INFO	loggingexporter/logging_exporter.go:331	TracesExporter	{"#spans": 12518}
2021-05-03T15:06:30.736Z	INFO	loggingexporter/logging_exporter.go:331	TracesExporter	{"#spans": 11909}
2021-05-03T15:06:31.538Z	INFO	loggingexporter/logging_exporter.go:331	TracesExporter	{"#spans": 16652}
2021-05-03T15:06:31.738Z	INFO	loggingexporter/logging_exporter.go:331	TracesExporter	{"#spans": 14654}
2021-05-03T15:06:32.540Z	INFO	loggingexporter/logging_exporter.go:331	TracesExporter	{"#spans": 68417}
2021-05-03T15:06:32.741Z	INFO	loggingexporter/logging_exporter.go:331	TracesExporter	{"#spans": 66984}
2021-05-03T15:06:33.545Z	INFO	loggingexporter/logging_exporter.go:331	TracesExporter	{"#spans": 58647}
2021-05-03T15:06:33.746Z	INFO	loggingexporter/logging_exporter.go:331	TracesExporter	{"#spans": 54418}
2021-05-03T15:06:34.549Z	INFO	loggingexporter/logging_exporter.go:331	TracesExporter	{"#spans": 17070}
2021-05-03T15:06:34.750Z	INFO	loggingexporter/logging_exporter.go:331	TracesExporter	{"#spans": 48458}
2021-05-03T15:06:35.567Z	INFO	loggingexporter/logging_exporter.go:331	TracesExporter	{"#spans": 872}
2021-05-03T15:06:35.774Z	INFO	loggingexporter/logging_exporter.go:331	TracesExporter	{"#spans": 876}
2021-05-03T15:06:36.577Z	INFO	loggingexporter/logging_exporter.go:331	TracesExporter	{"#spans": 9228}
2021-05-03T15:06:36.777Z	INFO	loggingexporter/logging_exporter.go:331	TracesExporter	{"#spans": 1024}
2021-05-03T15:06:37.978Z	INFO	loggingexporter/logging_exporter.go:331	TracesExporter	{"#spans": 2564}
2021-05-03T15:06:38.178Z	INFO	loggingexporter/logging_exporter.go:331	TracesExporter	{"#spans": 1536}
2021-05-03T15:06:40.933Z	INFO	loggingexporter/logging_exporter.go:331	TracesExporter	{"#spans": 1024}
2021-05-03T15:06:41.934Z	INFO	loggingexporter/logging_exporter.go:331	TracesExporter	{"#spans": 522}
2021-05-03T15:06:42.134Z	INFO	loggingexporter/logging_exporter.go:331	TracesExporter	{"#spans": 13236}
2021-05-03T15:06:43.335Z	INFO	loggingexporter/logging_exporter.go:331	TracesExporter	{"#spans": 196}
2021-05-03T15:06:43.535Z	INFO	loggingexporter/logging_exporter.go:331	TracesExporter	{"#spans": 324}
2021-05-03T15:06:44.352Z	INFO	loggingexporter/logging_exporter.go:331	TracesExporter	{"#spans": 84}
2021-05-03T15:06:44.559Z	INFO	loggingexporter/logging_exporter.go:331	TracesExporter	{"#spans": 84}
2021-05-03T15:06:45.365Z	INFO	loggingexporter/logging_exporter.go:331	TracesExporter	{"#spans": 10510}
2021-05-03T15:06:45.566Z	INFO	loggingexporter/logging_exporter.go:331	TracesExporter	{"#spans": 25036}
2021-05-03T15:06:46.373Z	INFO	loggingexporter/logging_exporter.go:331	TracesExporter	{"#spans": 81141}
2021-05-03T15:06:46.574Z	INFO	loggingexporter/logging_exporter.go:331	TracesExporter	{"#spans": 60987}
2021-05-03T15:06:47.377Z	INFO	loggingexporter/logging_exporter.go:331	TracesExporter	{"#spans": 84535}
2021-05-03T15:06:47.579Z	INFO	loggingexporter/logging_exporter.go:331	TracesExporter	{"#spans": 78705}
2021-05-03T15:06:48.384Z	INFO	loggingexporter/logging_exporter.go:331	TracesExporter	{"#spans": 75803}
2021-05-03T15:06:48.585Z	INFO	loggingexporter/logging_exporter.go:331	TracesExporter	{"#spans": 38521}
2021-05-03T15:06:49.586Z	INFO	loggingexporter/logging_exporter.go:331	TracesExporter	{"#spans": 512}
2021-05-03T15:06:50.790Z	INFO	loggingexporter/logging_exporter.go:331	TracesExporter	{"#spans": 1550}
2021-05-03T15:06:53.517Z	INFO	loggingexporter/logging_exporter.go:331	TracesExporter	{"#spans": 2}
2021-05-03T15:06:55.318Z	INFO	loggingexporter/logging_exporter.go:331	TracesExporter	{"#spans": 516}
2021-05-03T15:06:55.518Z	INFO	loggingexporter/logging_exporter.go:331	TracesExporter	{"#spans": 5345}
2021-05-03T15:06:56.333Z	INFO	loggingexporter/logging_exporter.go:331	TracesExporter	{"#spans": 222}
2021-05-03T15:06:56.552Z	INFO	loggingexporter/logging_exporter.go:331	TracesExporter	{"#spans": 219}
2021-05-03T15:06:57.354Z	INFO	loggingexporter/logging_exporter.go:331	TracesExporter	{"#spans": 11547}
2021-05-03T15:06:57.554Z	INFO	loggingexporter/logging_exporter.go:331	TracesExporter	{"#spans": 19930}
2021-05-03T15:06:58.357Z	INFO	loggingexporter/logging_exporter.go:331	TracesExporter	{"#spans": 14555}
2021-05-03T15:06:58.557Z	INFO	loggingexporter/logging_exporter.go:331	TracesExporter	{"#spans": 12396}
2021-05-03T15:06:59.359Z	INFO	loggingexporter/logging_exporter.go:331	TracesExporter	{"#spans": 58052}
2021-05-03T15:06:59.560Z	INFO	loggingexporter/logging_exporter.go:331	TracesExporter	{"#spans": 58117}
2021-05-03T15:07:00.363Z	INFO	loggingexporter/logging_exporter.go:331	TracesExporter	{"#spans": 55242}
2021-05-03T15:07:00.564Z	INFO	loggingexporter/logging_exporter.go:331	TracesExporter	{"#spans": 53334}
2021-05-03T15:07:01.367Z	INFO	loggingexporter/logging_exporter.go:331	TracesExporter	{"#spans": 47493}
2021-05-03T15:07:01.568Z	INFO	loggingexporter/logging_exporter.go:331	TracesExporter	{"#spans": 42531}
2021-05-03T15:07:02.374Z	INFO	loggingexporter/logging_exporter.go:331	TracesExporter	{"#spans": 42392}
2021-05-03T15:07:02.582Z	INFO	loggingexporter/logging_exporter.go:331	TracesExporter	{"#spans": 1300}
2021-05-03T15:07:03.391Z	INFO	loggingexporter/logging_exporter.go:331	TracesExporter	{"#spans": 27916}
2021-05-03T15:07:03.592Z	INFO	loggingexporter/logging_exporter.go:331	TracesExporter	{"#spans": 33566}
2021-05-03T15:07:04.393Z	INFO	loggingexporter/logging_exporter.go:331	TracesExporter	{"#spans": 1024}
2021-05-03T15:07:04.793Z	INFO	loggingexporter/logging_exporter.go:331	TracesExporter	{"#spans": 1024}
2021-05-03T15:07:05.593Z	INFO	loggingexporter/logging_exporter.go:331	TracesExporter	{"#spans": 2}
2021-05-03T15:07:05.794Z	INFO	loggingexporter/logging_exporter.go:331	TracesExporter	{"#spans": 3588}
2021-05-03T15:07:06.596Z	INFO	loggingexporter/logging_exporter.go:331	TracesExporter	{"#spans": 1024}
2021-05-03T15:07:06.797Z	INFO	loggingexporter/logging_exporter.go:331	TracesExporter	{"#spans": 6142}
